<?xml version="1.0" encoding="UTF-8"?>
<!-- Generated by org.testng.reporters.JUnitXMLReporter -->
<testsuite hostname="DESKTOP-9JQAS72" ignored="0" name="Test" tests="2" failures="1" timestamp="21 Jun 2020 23:09:53 GMT" time="74.101" errors="0">
  <testcase name="totolValidation" time="45.762" classname="practice.AppiumFrameWork.Ecommerce_TC_4">
    <failure type="java.lang.IndexOutOfBoundsException" message="Index: 0, Size: 0">
      <![CDATA[java.lang.IndexOutOfBoundsException: Index: 0, Size: 0
at java.util.ArrayList.rangeCheck(ArrayList.java:657)
at java.util.ArrayList.get(ArrayList.java:433)
at io.appium.java_client.pagefactory.ElementListInterceptor.getObject(ElementListInterceptor.java:40)
at io.appium.java_client.pagefactory.interceptors.InterceptorOfAListOfElements.intercept(InterceptorOfAListOfElements.java:49)
at $java.util.ArrayList$$EnhancerByCGLIB$$b5855c01.get(<generated>)
at practice.AppiumFrameWork.Ecommerce_TC_4.totolValidation(Ecommerce_TC_4.java:62)
... Removed 33 stack frames]]>
    </failure>
  </testcase> <!-- totolValidation -->
  <testcase name="ApiTest" time="23.715" classname="practice.AppiumFrameWork.ApiDemoTest"/>
</testsuite> <!-- Test -->
