<?xml version="1.0" encoding="UTF-8"?>
<testng-results skipped="0" failed="1" ignored="0" total="2" passed="1">
  <reporter-output>
  </reporter-output>
  <suite name="Suite" duration-ms="361607" started-at="2020-06-21T21:52:19Z" finished-at="2020-06-21T21:58:21Z">
    <groups>
    </groups>
    <test name="Test" duration-ms="361607" started-at="2020-06-21T21:52:19Z" finished-at="2020-06-21T21:58:21Z">
      <class name="practice.AppiumFrameWork.ApiDemoTest">
        <test-method status="PASS" signature="ApiTest()[pri:0, instance:practice.AppiumFrameWork.ApiDemoTest@239963d8]" name="ApiTest" duration-ms="148410" started-at="2020-06-21T21:55:53Z" finished-at="2020-06-21T21:58:21Z">
          <reporter-output>
          </reporter-output>
        </test-method> <!-- ApiTest -->
      </class> <!-- practice.AppiumFrameWork.ApiDemoTest -->
      <class name="practice.AppiumFrameWork.Ecommerce_TC_4">
        <test-method status="PASS" signature="KillAllNodes()[pri:0, instance:practice.AppiumFrameWork.Ecommerce_TC_4@13deb50e]" name="KillAllNodes" is-config="true" duration-ms="6123" started-at="2020-06-21T21:52:19Z" finished-at="2020-06-21T21:52:25Z">
          <reporter-output>
          </reporter-output>
        </test-method> <!-- KillAllNodes -->
        <test-method status="FAIL" signature="totolValidation()[pri:0, instance:practice.AppiumFrameWork.Ecommerce_TC_4@13deb50e]" name="totolValidation" duration-ms="205724" started-at="2020-06-21T21:52:25Z" finished-at="2020-06-21T21:55:51Z">
          <exception class="java.lang.IndexOutOfBoundsException">
            <message>
              <![CDATA[Index: 0, Size: 0]]>
            </message>
            <full-stacktrace>
              <![CDATA[java.lang.IndexOutOfBoundsException: Index: 0, Size: 0
at java.util.ArrayList.rangeCheck(ArrayList.java:657)
at java.util.ArrayList.get(ArrayList.java:433)
at sun.reflect.NativeMethodAccessorImpl.invoke0(Native Method)
at sun.reflect.NativeMethodAccessorImpl.invoke(NativeMethodAccessorImpl.java:62)
at sun.reflect.DelegatingMethodAccessorImpl.invoke(DelegatingMethodAccessorImpl.java:43)
at java.lang.reflect.Method.invoke(Method.java:498)
at io.appium.java_client.pagefactory.ElementListInterceptor.getObject(ElementListInterceptor.java:40)
at io.appium.java_client.pagefactory.interceptors.InterceptorOfAListOfElements.intercept(InterceptorOfAListOfElements.java:49)
at $java.util.ArrayList$$EnhancerByCGLIB$$b5855c01.get(<generated>)
at practice.AppiumFrameWork.Ecommerce_TC_4.totolValidation(Ecommerce_TC_4.java:62)
at sun.reflect.NativeMethodAccessorImpl.invoke0(Native Method)
at sun.reflect.NativeMethodAccessorImpl.invoke(NativeMethodAccessorImpl.java:62)
at sun.reflect.DelegatingMethodAccessorImpl.invoke(DelegatingMethodAccessorImpl.java:43)
at java.lang.reflect.Method.invoke(Method.java:498)
at org.testng.internal.MethodInvocationHelper.invokeMethod(MethodInvocationHelper.java:124)
at org.testng.internal.Invoker.invokeMethod(Invoker.java:583)
at org.testng.internal.Invoker.invokeTestMethod(Invoker.java:719)
at org.testng.internal.Invoker.invokeTestMethods(Invoker.java:989)
at org.testng.internal.TestMethodWorker.invokeTestMethods(TestMethodWorker.java:125)
at org.testng.internal.TestMethodWorker.run(TestMethodWorker.java:109)
at org.testng.TestRunner.privateRun(TestRunner.java:648)
at org.testng.TestRunner.run(TestRunner.java:505)
at org.testng.SuiteRunner.runTest(SuiteRunner.java:455)
at org.testng.SuiteRunner.runSequentially(SuiteRunner.java:450)
at org.testng.SuiteRunner.privateRun(SuiteRunner.java:415)
at org.testng.SuiteRunner.run(SuiteRunner.java:364)
at org.testng.SuiteRunnerWorker.runSuite(SuiteRunnerWorker.java:52)
at org.testng.SuiteRunnerWorker.run(SuiteRunnerWorker.java:84)
at org.testng.TestNG.runSuitesSequentially(TestNG.java:1208)
at org.testng.TestNG.runSuitesLocally(TestNG.java:1137)
at org.testng.TestNG.runSuites(TestNG.java:1049)
at org.testng.TestNG.run(TestNG.java:1017)
at org.apache.maven.surefire.testng.TestNGExecutor.run(TestNGExecutor.java:284)
at org.apache.maven.surefire.testng.TestNGXmlTestSuite.execute(TestNGXmlTestSuite.java:75)
at org.apache.maven.surefire.testng.TestNGProvider.invoke(TestNGProvider.java:119)
at org.apache.maven.surefire.booter.ForkedBooter.runSuitesInProcess(ForkedBooter.java:428)
at org.apache.maven.surefire.booter.ForkedBooter.execute(ForkedBooter.java:162)
at org.apache.maven.surefire.booter.ForkedBooter.run(ForkedBooter.java:562)
at org.apache.maven.surefire.booter.ForkedBooter.main(ForkedBooter.java:548)
]]>
            </full-stacktrace>
          </exception> <!-- java.lang.IndexOutOfBoundsException -->
          <reporter-output>
          </reporter-output>
        </test-method> <!-- totolValidation -->
        <test-method status="PASS" signature="killEmulator()[pri:0, instance:practice.AppiumFrameWork.Ecommerce_TC_4@13deb50e]" name="killEmulator" is-config="true" duration-ms="0" started-at="2020-06-21T21:58:21Z" finished-at="2020-06-21T21:58:21Z">
          <reporter-output>
          </reporter-output>
        </test-method> <!-- killEmulator -->
      </class> <!-- practice.AppiumFrameWork.Ecommerce_TC_4 -->
    </test> <!-- Test -->
  </suite> <!-- Suite -->
</testng-results>
