<?xml version="1.0" encoding="UTF-8"?>
<testsuite xmlns:xsi="http://www.w3.org/2001/XMLSchema-instance" xsi:noNamespaceSchemaLocation="https://maven.apache.org/surefire/maven-surefire-plugin/xsd/surefire-test-report-3.0.xsd" version="3.0" name="TestSuite" time="75.126" tests="2" errors="0" skipped="0" failures="1">
  <properties>
[...]
</properties>
  <testcase name="totolValidation" classname="practice.AppiumFrameWork.Ecommerce_TC_4" time="47.333">
    <failure message="Index: 0, Size: 0" type="java.lang.IndexOutOfBoundsException"><![CDATA[java.lang.IndexOutOfBoundsException: Index: 0, Size: 0
	at practice.AppiumFrameWork.Ecommerce_TC_4.totolValidation(Ecommerce_TC_4.java:62)
]]></failure>
    <system-out><![CDATA[&amp#27;[35m[Appium]&amp#27;[39m Welcome to Appium v1.12.1
&amp#27;[35m[Appium]&amp#27;[39m Appium REST http interface listener started on 0.0.0.0:4723
&amp#27;[35m[HTTP]&amp#27;[39m &amp#27;[37m-->&amp#27;[39m &amp#27;[37mGET&amp#27;[39m &amp#27;[37m/wd/hub/status&amp#27;[39m
&amp#27;[35m[HTTP]&amp#27;[39m &amp#27;[90m{}&amp#27;[39m
[debug] &amp#27;[35m[GENERIC]&amp#27;[39m Calling AppiumDriver.getStatus() with args: []
[debug] &amp#27;[35m[GENERIC]&amp#27;[39m Responding to client with driver.getStatus() result: {"build":{"version":"1.12.1"}}
&amp#27;[35m[HTTP]&amp#27;[39m &amp#27;[37m<-- GET /wd/hub/status &amp#27;[39m&amp#27;[32m200&amp#27;[39m &amp#27;[90m8 ms - 68&amp#27;[39m
&amp#27;[35m[HTTP]&amp#27;[39m &amp#27;[90m&amp#27;[39m
&amp#27;[35m[HTTP]&amp#27;[39m &amp#27;[37m-->&amp#27;[39m &amp#27;[37mPOST&amp#27;[39m &amp#27;[37m/wd/hub/session&amp#27;[39m
&amp#27;[35m[HTTP]&amp#27;[39m &amp#27;[90m{"desiredCapabilities":{"app":"C:\\Users\\Himanshu\\eclipse-workspace\\AppiumFrameWork\\src\\General-Store.apk","automationName":"uiautomator2","platformName":"Android","deviceName":"Andriod Device","newCommandTimeout":14},"capabilities":{"firstMatch":[{"appium:app":"C:\\Users\\Himanshu\\eclipse-workspace\\AppiumFrameWork\\src\\General-Store.apk","appium:automationName":"uiautomator2","appium:deviceName":"Andriod Device","appium:newCommandTimeout":14,"platformName":"android"}]}}&amp#27;[39m
[debug] &amp#27;[35m[W3C]&amp#27;[39m Calling AppiumDriver.createSession() with args: [{"app":"C:\\Users\\Himanshu\\eclipse-workspace\\AppiumFrameWork\\src\\General-Store.apk","automationName":"uiautomator2","platformName":"Android","deviceName":"Andriod Device","newCommandTimeout":14},null,{"firstMatch":[{"appium:app":"C:\\Users\\Himanshu\\eclipse-workspace\\AppiumFrameWork\\src\\General-Store.apk","appium:automationName":"uiautomator2","appium:deviceName":"Andriod Device","appium:newCommandTimeout":14,"platformName":"android"}]}]
[debug] &amp#27;[35m[BaseDriver]&amp#27;[39m Event 'newSessionRequested' logged at 1592780926394 (04:38:46 GMT+0530 (India Standard Time))
&amp#27;[35m[Appium]&amp#27;[39m Appium v1.12.1 creating new AndroidUiautomator2Driver (v1.33.0) session
&amp#27;[35m[Appium]&amp#27;[39m Capabilities:
&amp#27;[35m[Appium]&amp#27;[39m   platformName: android
&amp#27;[35m[Appium]&amp#27;[39m   app: C:\Users\Himanshu\eclipse-workspace\AppiumFrameWork\src\General-Store.apk
&amp#27;[35m[Appium]&amp#27;[39m   automationName: uiautomator2
&amp#27;[35m[Appium]&amp#27;[39m   deviceName: Andriod Device
&amp#27;[35m[Appium]&amp#27;[39m   newCommandTimeout: 14
[debug] &amp#27;[35m[BaseDriver]&amp#27;[39m W3C capabilities {"alwaysMatch":{"platformNa... and MJSONWP desired capabilities {"app":"C:\\Users\\Himanshu... were provided
[debug] &amp#27;[35m[BaseDriver]&amp#27;[39m Creating session with W3C capabilities: {"alwaysMatch":{"platformNa...
&amp#27;[35m[BaseDriver]&amp#27;[39m Session created with session id: 730fdc2b-f827-4bad-9919-3408de87b2f8
&amp#27;[35m[BaseDriver]&amp#27;[39m Using local app 'C:\Users\Himanshu\eclipse-workspace\AppiumFrameWork\src\General-Store.apk'
[debug] &amp#27;[35m[UiAutomator2]&amp#27;[39m Checking whether app is actually present
&amp#27;[35m[ADB]&amp#27;[39m Checking whether adb is present
&amp#27;[35m[ADB]&amp#27;[39m Found 1 'build-tools' folders under 'C:\Users\Himanshu\AppData\Local\Android\sdk' (newest first):
&amp#27;[35m[ADB]&amp#27;[39m     C:/Users/Himanshu/AppData/Local/Android/sdk/build-tools/28.0.3
&amp#27;[35m[ADB]&amp#27;[39m Using adb.exe from C:\Users\Himanshu\AppData\Local\Android\sdk\platform-tools\adb.exe
&amp#27;[35m[AndroidDriver]&amp#27;[39m Retrieving device list
[debug] &amp#27;[35m[ADB]&amp#27;[39m Trying to find a connected android device
[debug] &amp#27;[35m[ADB]&amp#27;[39m Getting connected devices...
[debug] &amp#27;[35m[ADB]&amp#27;[39m 1 device(s) connected
&amp#27;[35m[AndroidDriver]&amp#27;[39m Using device: 3289911a0504
[debug] &amp#27;[35m[ADB]&amp#27;[39m Setting device id to 3289911a0504
[debug] &amp#27;[35m[ADB]&amp#27;[39m Running 'C:\Users\Himanshu\AppData\Local\Android\sdk\platform-tools\adb.exe -P 5037 -s 3289911a0504 shell getprop ro.build.version.sdk'
[debug] &amp#27;[35m[ADB]&amp#27;[39m Current device property 'ro.build.version.sdk': 28
[debug] &amp#27;[35m[ADB]&amp#27;[39m Device API level: 28
&amp#27;[35m[UiAutomator2]&amp#27;[39m Relaxing hidden api policy
[debug] &amp#27;[35m[ADB]&amp#27;[39m Running 'C:\Users\Himanshu\AppData\Local\Android\sdk\platform-tools\adb.exe -P 5037 -s 3289911a0504 shell settings put global hidden_api_policy_pre_p_apps 1'
[debug] &amp#27;[35m[ADB]&amp#27;[39m Running 'C:\Users\Himanshu\AppData\Local\Android\sdk\platform-tools\adb.exe -P 5037 -s 3289911a0504 shell settings put global hidden_api_policy_p_apps 1'
[debug] &amp#27;[35m[ADB]&amp#27;[39m Running 'C:\Users\Himanshu\AppData\Local\Android\sdk\platform-tools\adb.exe -P 5037 -s 3289911a0504 shell settings put global hidden_api_policy 1'
[debug] &amp#27;[35m[AndroidDriver]&amp#27;[39m Parsing package and activity from app manifest
&amp#27;[35m[ADB]&amp#27;[39m Using the alternative activity name detection method because of: Could not find apkanalyzer.bat in C:\Users\Himanshu\AppData\Local\Android\sdk\platform-tools\apkanalyzer.bat,C:\Users\Himanshu\AppData\Local\Android\sdk\emulator\apkanalyzer.bat,C:\Users\Himanshu\AppData\Local\Android\sdk\tools\apkanalyzer.bat,C:\Users\Himanshu\AppData\Local\Android\sdk\tools\bin\apkanalyzer.bat,C:\Users\Himanshu\AppData\Local\Android\sdk\build-tools\28.0.3\apkanalyzer.bat. Do you have the Android SDK installed at 'C:\Users\Himanshu\AppData\Local\Android\sdk'?
&amp#27;[35m[ADB]&amp#27;[39m Checking whether aapt is present
&amp#27;[35m[ADB]&amp#27;[39m Using aapt.exe from C:\Users\Himanshu\AppData\Local\Android\sdk\build-tools\28.0.3\aapt.exe
&amp#27;[35m[ADB]&amp#27;[39m Extracting package and launch activity from manifest
&amp#27;[35m[ADB]&amp#27;[39m Package name: 'com.androidsample.generalstore'
&amp#27;[35m[ADB]&amp#27;[39m Main activity name: 'com.androidsample.generalstore.SplashActivity'
[debug] &amp#27;[35m[AndroidDriver]&amp#27;[39m Parsed package and activity are: com.androidsample.generalstore/com.androidsample.generalstore.SplashActivity
[debug] &amp#27;[35m[ADB]&amp#27;[39m Running 'C:\Users\Himanshu\AppData\Local\Android\sdk\platform-tools\adb.exe -P 5037 -s 3289911a0504 wait-for-device'
[debug] &amp#27;[35m[ADB]&amp#27;[39m Running 'C:\Users\Himanshu\AppData\Local\Android\sdk\platform-tools\adb.exe -P 5037 -s 3289911a0504 shell echo ping'
[debug] &amp#27;[35m[AndroidDriver]&amp#27;[39m Pushing settings apk to device...
[debug] &amp#27;[35m[ADB]&amp#27;[39m Getting install status for io.appium.settings
[debug] &amp#27;[35m[ADB]&amp#27;[39m Running 'C:\Users\Himanshu\AppData\Local\Android\sdk\platform-tools\adb.exe -P 5037 -s 3289911a0504 shell dumpsys package io.appium.settings'
[debug] &amp#27;[35m[ADB]&amp#27;[39m 'io.appium.settings' is installed
[debug] &amp#27;[35m[ADB]&amp#27;[39m Getting package info for 'io.appium.settings'
[debug] &amp#27;[35m[ADB]&amp#27;[39m Running 'C:\Users\Himanshu\AppData\Local\Android\sdk\platform-tools\adb.exe -P 5037 -s 3289911a0504 shell dumpsys package io.appium.settings'
[debug] &amp#27;[35m[ADB]&amp#27;[39m The version name of the installed 'io.appium.settings' is greater or equal to the application version name ('2.14.0' >= '2.14.0')
[debug] &amp#27;[35m[ADB]&amp#27;[39m There is no need to install/upgrade 'C:\Users\Himanshu\AppData\Roaming\npm\node_modules\appium\node_modules\io.appium.settings\apks\settings_apk-debug.apk'
[debug] &amp#27;[35m[ADB]&amp#27;[39m Getting IDs of all 'io.appium.settings' processes
[debug] &amp#27;[35m[ADB]&amp#27;[39m Running 'C:\Users\Himanshu\AppData\Local\Android\sdk\platform-tools\adb.exe -P 5037 -s 3289911a0504 shell 'pgrep --help; echo $?''
[debug] &amp#27;[35m[ADB]&amp#27;[39m Running 'C:\Users\Himanshu\AppData\Local\Android\sdk\platform-tools\adb.exe -P 5037 -s 3289911a0504 shell pgrep -f \^io\\.appium\\.settings\$'
[debug] &amp#27;[35m[ADB]&amp#27;[39m Running 'C:\Users\Himanshu\AppData\Local\Android\sdk\platform-tools\adb.exe -P 5037 -s 3289911a0504 shell am start -W -n io.appium.settings/.Settings -a android.intent.action.MAIN -c android.intent.category.LAUNCHER -f 0x10200000'
&amp#27;[35m[AndroidDriver]&amp#27;[39m Failed to launch settings app: Cannot start the 'io.appium.settings' application. Visit https://github.com/appium/appium/blob/master/docs/en/writing-running-appium/android/activity-startup.md for troubleshooting. Original error: Activity name '.Settings' used to start the app doesn't exist or cannot be launched! Make sure it exists and is a launchable activity
[debug] &amp#27;[35m[ADB]&amp#27;[39m Running 'C:\Users\Himanshu\AppData\Local\Android\sdk\platform-tools\adb.exe -P 5037 -s 3289911a0504 shell appops set io.appium.settings android\:mock_location allow'
[debug] &amp#27;[35m[Logcat]&amp#27;[39m Starting logcat capture
[debug] &amp#27;[35m[ADB]&amp#27;[39m Getting install status for io.appium.uiautomator2.server
[debug] &amp#27;[35m[ADB]&amp#27;[39m Running 'C:\Users\Himanshu\AppData\Local\Android\sdk\platform-tools\adb.exe -P 5037 -s 3289911a0504 shell dumpsys package io.appium.uiautomator2.server'
[debug] &amp#27;[35m[ADB]&amp#27;[39m 'io.appium.uiautomator2.server' is installed
[debug] &amp#27;[35m[ADB]&amp#27;[39m Getting package info for 'io.appium.uiautomator2.server'
[debug] &amp#27;[35m[ADB]&amp#27;[39m Running 'C:\Users\Himanshu\AppData\Local\Android\sdk\platform-tools\adb.exe -P 5037 -s 3289911a0504 shell dumpsys package io.appium.uiautomator2.server'
[debug] &amp#27;[35m[ADB]&amp#27;[39m The version name of the installed 'io.appium.uiautomator2.server' is greater or equal to the application version name ('3.4.0' >= '3.4.0')
[debug] &amp#27;[35m[UiAutomator2]&amp#27;[39m io.appium.uiautomator2.server installation state: sameVersionInstalled
[debug] &amp#27;[35m[ADB]&amp#27;[39m Checking app cert for C:\Users\Himanshu\AppData\Roaming\npm\node_modules\appium\node_modules\appium-uiautomator2-server\apks\appium-uiautomator2-server-v3.4.0.apk
&amp#27;[35m[ADB]&amp#27;[39m Using apksigner.bat from C:\Users\Himanshu\AppData\Local\Android\sdk\build-tools\28.0.3\apksigner.bat
[debug] &amp#27;[35m[ADB]&amp#27;[39m Starting 'C:\Users\Himanshu\AppData\Local\Android\sdk\build-tools\28.0.3\apksigner.bat' with args '["verify","--print-certs","C:\\Users\\Himanshu\\AppData\\Roaming\\npm\\node_modules\\appium\\node_modules\\appium-uiautomator2-server\\apks\\appium-uiautomator2-server-v3.4.0.apk"]'
[debug] &amp#27;[35m[ADB]&amp#27;[39m apksigner stdout: Signer #1 certificate DN: EMAILADDRESS=android@android.com, CN=Android, OU=Android, O=Android, L=Mountain View, ST=California, C=US
[debug] &amp#27;[35m[ADB]&amp#27;[39m Signer #1 certificate SHA-256 digest: a40da80a59d170caa950cf15c18c454d47a39b26989d8b640ecd745ba71bf5dc
[debug] &amp#27;[35m[ADB]&amp#27;[39m Signer #1 certificate SHA-1 digest: 61ed377e85d386a8dfee6b864bd85b0bfaa5af81
[debug] &amp#27;[35m[ADB]&amp#27;[39m Signer #1 certificate MD5 digest: e89b158e4bcf988ebd09eb83f5378e87
[debug] &amp#27;[35m[ADB]&amp#27;[39m 
[debug] &amp#27;[35m[ADB]&amp#27;[39m 'C:\Users\Himanshu\AppData\Roaming\npm\node_modules\appium\node_modules\appium-uiautomator2-server\apks\appium-uiautomator2-server-v3.4.0.apk' is already signed.
[debug] &amp#27;[35m[ADB]&amp#27;[39m Getting install status for io.appium.uiautomator2.server.test
[debug] &amp#27;[35m[ADB]&amp#27;[39m Running 'C:\Users\Himanshu\AppData\Local\Android\sdk\platform-tools\adb.exe -P 5037 -s 3289911a0504 shell dumpsys package io.appium.uiautomator2.server.test'
[debug] &amp#27;[35m[ADB]&amp#27;[39m 'io.appium.uiautomator2.server.test' is installed
[debug] &amp#27;[35m[ADB]&amp#27;[39m Checking app cert for C:\Users\Himanshu\AppData\Roaming\npm\node_modules\appium\node_modules\appium-uiautomator2-server\apks\appium-uiautomator2-server-debug-androidTest.apk
[debug] &amp#27;[35m[ADB]&amp#27;[39m Starting 'C:\Users\Himanshu\AppData\Local\Android\sdk\build-tools\28.0.3\apksigner.bat' with args '["verify","--print-certs","C:\\Users\\Himanshu\\AppData\\Roaming\\npm\\node_modules\\appium\\node_modules\\appium-uiautomator2-server\\apks\\appium-uiautomator2-server-debug-androidTest.apk"]'
[debug] &amp#27;[35m[ADB]&amp#27;[39m apksigner stdout: Signer #1 certificate DN: EMAILADDRESS=android@android.com, CN=Android, OU=Android, O=Android, L=Mountain View, ST=California, C=US
[debug] &amp#27;[35m[ADB]&amp#27;[39m Signer #1 certificate SHA-256 digest: a40da80a59d170caa950cf15c18c454d47a39b26989d8b640ecd745ba71bf5dc
[debug] &amp#27;[35m[ADB]&amp#27;[39m Signer #1 certificate SHA-1 digest: 61ed377e85d386a8dfee6b864bd85b0bfaa5af81
[debug] &amp#27;[35m[ADB]&amp#27;[39m Signer #1 certificate MD5 digest: e89b158e4bcf988ebd09eb83f5378e87
[debug] &amp#27;[35m[ADB]&amp#27;[39m 
[debug] &amp#27;[35m[ADB]&amp#27;[39m 'C:\Users\Himanshu\AppData\Roaming\npm\node_modules\appium\node_modules\appium-uiautomator2-server\apks\appium-uiautomator2-server-debug-androidTest.apk' is already signed.
&amp#27;[35m[UiAutomator2]&amp#27;[39m Server packages are not going to be (re)installed
[debug] &amp#27;[35m[UiAutomator2]&amp#27;[39m Waiting up to 30000ms for services to be available
[debug] &amp#27;[35m[ADB]&amp#27;[39m Running 'C:\Users\Himanshu\AppData\Local\Android\sdk\platform-tools\adb.exe -P 5037 -s 3289911a0504 shell pm list instrumentation'
[debug] &amp#27;[35m[UiAutomator2]&amp#27;[39m Instrumentation target 'io.appium.uiautomator2.server.test/androidx.test.runner.AndroidJUnitRunner' is available
[debug] &amp#27;[35m[UiAutomator2]&amp#27;[39m Forwarding UiAutomator2 Server port 6790 to 8200
[debug] &amp#27;[35m[ADB]&amp#27;[39m Forwarding system: 8200 to device: 6790
[debug] &amp#27;[35m[ADB]&amp#27;[39m Running 'C:\Users\Himanshu\AppData\Local\Android\sdk\platform-tools\adb.exe -P 5037 -s 3289911a0504 forward tcp\:8200 tcp\:6790'
[debug] &amp#27;[35m[ADB]&amp#27;[39m Checking app cert for C:\Users\Himanshu\eclipse-workspace\AppiumFrameWork\src\General-Store.apk
[debug] &amp#27;[35m[ADB]&amp#27;[39m Starting 'C:\Users\Himanshu\AppData\Local\Android\sdk\build-tools\28.0.3\apksigner.bat' with args '["verify","--print-certs","C:\\Users\\Himanshu\\eclipse-workspace\\AppiumFrameWork\\src\\General-Store.apk"]'
[debug] &amp#27;[35m[ADB]&amp#27;[39m apksigner stdout: Signer #1 certificate DN: EMAILADDRESS=android@android.com, CN=Android, OU=Android, O=Android, L=Mountain View, ST=California, C=US
[debug] &amp#27;[35m[ADB]&amp#27;[39m Signer #1 certificate SHA-256 digest: a40da80a59d170caa950cf15c18c454d47a39b26989d8b640ecd745ba71bf5dc
[debug] &amp#27;[35m[ADB]&amp#27;[39m Signer #1 certificate SHA-1 digest: 61ed377e85d386a8dfee6b864bd85b0bfaa5af81
[debug] &amp#27;[35m[ADB]&amp#27;[39m Signer #1 certificate MD5 digest: e89b158e4bcf988ebd09eb83f5378e87
[debug] &amp#27;[35m[ADB]&amp#27;[39m 
[debug] &amp#27;[35m[ADB]&amp#27;[39m 'C:\Users\Himanshu\eclipse-workspace\AppiumFrameWork\src\General-Store.apk' is already signed.
[debug] &amp#27;[35m[ADB]&amp#27;[39m Getting install status for com.androidsample.generalstore
[debug] &amp#27;[35m[ADB]&amp#27;[39m Running 'C:\Users\Himanshu\AppData\Local\Android\sdk\platform-tools\adb.exe -P 5037 -s 3289911a0504 shell dumpsys package com.androidsample.generalstore'
[debug] &amp#27;[35m[ADB]&amp#27;[39m 'com.androidsample.generalstore' is installed
[debug] &amp#27;[35m[ADB]&amp#27;[39m Getting install status for com.androidsample.generalstore
[debug] &amp#27;[35m[ADB]&amp#27;[39m Running 'C:\Users\Himanshu\AppData\Local\Android\sdk\platform-tools\adb.exe -P 5037 -s 3289911a0504 shell dumpsys package com.androidsample.generalstore'
[debug] &amp#27;[35m[ADB]&amp#27;[39m 'com.androidsample.generalstore' is installed
[debug] &amp#27;[35m[ADB]&amp#27;[39m Getting package info for 'com.androidsample.generalstore'
[debug] &amp#27;[35m[ADB]&amp#27;[39m Running 'C:\Users\Himanshu\AppData\Local\Android\sdk\platform-tools\adb.exe -P 5037 -s 3289911a0504 shell dumpsys package com.androidsample.generalstore'
[debug] &amp#27;[35m[ADB]&amp#27;[39m The version name of the installed 'com.androidsample.generalstore' is greater or equal to the application version name ('1.0.0' >= '1.0.0')
[debug] &amp#27;[35m[ADB]&amp#27;[39m There is no need to install/upgrade 'C:\Users\Himanshu\eclipse-workspace\AppiumFrameWork\src\General-Store.apk'
&amp#27;[35m[AndroidDriver]&amp#27;[39m Performing fast reset on 'com.androidsample.generalstore'
[debug] &amp#27;[35m[ADB]&amp#27;[39m Getting install status for com.androidsample.generalstore
[debug] &amp#27;[35m[ADB]&amp#27;[39m Running 'C:\Users\Himanshu\AppData\Local\Android\sdk\platform-tools\adb.exe -P 5037 -s 3289911a0504 shell dumpsys package com.androidsample.generalstore'
[debug] &amp#27;[35m[ADB]&amp#27;[39m 'com.androidsample.generalstore' is installed
[debug] &amp#27;[35m[ADB]&amp#27;[39m Running 'C:\Users\Himanshu\AppData\Local\Android\sdk\platform-tools\adb.exe -P 5037 -s 3289911a0504 shell am force-stop com.androidsample.generalstore'
[debug] &amp#27;[35m[ADB]&amp#27;[39m Running 'C:\Users\Himanshu\AppData\Local\Android\sdk\platform-tools\adb.exe -P 5037 -s 3289911a0504 shell pm clear com.androidsample.generalstore'
[debug] &amp#27;[35m[AndroidDriver]&amp#27;[39m Performed fast reset on the installed 'com.androidsample.generalstore' application (stop and clear)
[debug] &amp#27;[35m[UiAutomator2]&amp#27;[39m Performing shallow cleanup of automation leftovers
[debug] &amp#27;[35m[UiAutomator2]&amp#27;[39m The following obsolete sessions are still running: ["338a0771-1cca-4d73-9e20-90517d89a501"]
[debug] &amp#27;[35m[UiAutomator2]&amp#27;[39m Cleaning up the obsolete sessions
[debug] &amp#27;[35m[ADB]&amp#27;[39m Running 'C:\Users\Himanshu\AppData\Local\Android\sdk\platform-tools\adb.exe -P 5037 -s 3289911a0504 shell am force-stop io.appium.uiautomator2.server.test'
&amp#27;[35m[UiAutomator2]&amp#27;[39m Starting UIAutomator2 server 3.4.0
&amp#27;[35m[UiAutomator2]&amp#27;[39m Using UIAutomator2 server from 'C:\Users\Himanshu\AppData\Roaming\npm\node_modules\appium\node_modules\appium-uiautomator2-server\apks\appium-uiautomator2-server-v3.4.0.apk' and test from 'C:\Users\Himanshu\AppData\Roaming\npm\node_modules\appium\node_modules\appium-uiautomator2-server\apks\appium-uiautomator2-server-debug-androidTest.apk'
&amp#27;[35m[UiAutomator2]&amp#27;[39m Waiting up to 30000ms for UiAutomator2 to be online...
[debug] &amp#27;[35m[ADB]&amp#27;[39m Creating ADB subprocess with args: ["-P",5037,"-s","3289911a0504","shell","am","instrument","-w","io.appium.uiautomator2.server.test/androidx.test.runner.AndroidJUnitRunner"]
[debug] &amp#27;[35m[WD Proxy]&amp#27;[39m Matched '/status' to command name 'getStatus'
[debug] &amp#27;[35m[WD Proxy]&amp#27;[39m Proxying [GET /status] to [GET http://localhost:8200/wd/hub/status] with no body
&amp#27;[35m[WD Proxy]&amp#27;[39m Got an unexpected response: {"code":"ECONNRESET"}
[debug] &amp#27;[35m[Instrumentation]&amp#27;[39m io.appium.uiautomator2.server.test.AppiumUiAutomator2Server:
[debug] &amp#27;[35m[WD Proxy]&amp#27;[39m Matched '/status' to command name 'getStatus'
[debug] &amp#27;[35m[WD Proxy]&amp#27;[39m Proxying [GET /status] to [GET http://localhost:8200/wd/hub/status] with no body
&amp#27;[35m[WD Proxy]&amp#27;[39m Got an unexpected response: {"code":"ECONNRESET"}
[debug] &amp#27;[35m[WD Proxy]&amp#27;[39m Matched '/status' to command name 'getStatus'
[debug] &amp#27;[35m[WD Proxy]&amp#27;[39m Proxying [GET /status] to [GET http://localhost:8200/wd/hub/status] with no body
&amp#27;[35m[WD Proxy]&amp#27;[39m Got an unexpected response: {"code":"ECONNRESET"}
[debug] &amp#27;[35m[WD Proxy]&amp#27;[39m Matched '/status' to command name 'getStatus'
[debug] &amp#27;[35m[WD Proxy]&amp#27;[39m Proxying [GET /status] to [GET http://localhost:8200/wd/hub/status] with no body
[debug] &amp#27;[35m[WD Proxy]&amp#27;[39m Got response with status 200: "{\"sessionId\":\"None\",\"status\":0,\"value\":\"Status Invoked\"}"
[debug] &amp#27;[35m[UiAutomator2]&amp#27;[39m The initialization of the instrumentation process took 4188ms
[debug] &amp#27;[35m[WD Proxy]&amp#27;[39m Matched '/session' to command name 'createSession'
[debug] &amp#27;[35m[WD Proxy]&amp#27;[39m Proxying [POST /session] to [POST http://localhost:8200/wd/hub/session] with body: {"desiredCapabilities":{"platform":"LINUX","webStorageEnabled":false,"takesScreenshot":true,"javascriptEnabled":true,"databaseEnabled":false,"networkConnectionEnabled":true,"locationContextEnabled":false,"warnings":{},"desired":{"platformName":"android","app":"C:\\Users\\Himanshu\\eclipse-workspace\\AppiumFrameWork\\src\\General-Store.apk","automationName":"uiautomator2","deviceName":"Andriod Device","newCommandTimeout":14},"platformName":"android","app":"C:\\Users\\Himanshu\\eclipse-workspace\\AppiumFrameWork\\src\\General-Store.apk","automationName":"uiautomator2","deviceName":"3289911a0504","newCommandTimeout":14,"deviceUDID":"3289911a0504","appPackage":"com.androidsample.generalstore"}}
[debug] &amp#27;[35m[WD Proxy]&amp#27;[39m Got response with status 200: {"sessionId":"ab030ac3-7897-4dac-b223-d2a71afb1245","status":0,"value":"Created Session"}
[debug] &amp#27;[35m[WD Proxy]&amp#27;[39m Proxying [GET /appium/device/info] to [GET http://localhost:8200/wd/hub/session/ab030ac3-7897-4dac-b223-d2a71afb1245/appium/device/info] with no body
[debug] &amp#27;[35m[WD Proxy]&amp#27;[39m Got response with status 200: "{\"sessionId\":\"ab030ac3-7897-4dac-b223-d2a71afb1245\",\"status\":0,\"value\":{\"androidId\":\"08a8d196198739e1\",\"manufacturer\":\"Xiaomi\",\"model\":\"Mi A1\",\"brand\":\"xiaomi\",\"apiVersion\":\"28\",\"platformVersion\":\"9\",\"carrierName\":\"Jio 4G\",\"realDisplaySize\":\"1080x1920\",\"displayDensity\":480}}"
[debug] &amp#27;[35m[ADB]&amp#27;[39m Running 'C:\Users\Himanshu\AppData\Local\Android\sdk\platform-tools\adb.exe -P 5037 -s 3289911a0504 shell dumpsys window'
&amp#27;[35m[AndroidDriver]&amp#27;[39m Screen already unlocked, doing nothing
&amp#27;[35m[UiAutomator2]&amp#27;[39m UiAutomator2 did not start the activity we were waiting for, 'com.androidsample.generalstore/com.androidsample.generalstore.SplashActivity'. Starting it ourselves
[debug] &amp#27;[35m[ADB]&amp#27;[39m Running 'C:\Users\Himanshu\AppData\Local\Android\sdk\platform-tools\adb.exe -P 5037 -s 3289911a0504 shell am start -W -n com.androidsample.generalstore/com.androidsample.generalstore.SplashActivity -S -a android.intent.action.MAIN -c android.intent.category.LAUNCHER -f 0x10200000'
[debug] &amp#27;[35m[ADB]&amp#27;[39m Waiting up to 20000ms for activity matching pkg: 'com.androidsample.generalstore' and activity: 'com.androidsample.generalstore.SplashActivity' to be focused
[debug] &amp#27;[35m[ADB]&amp#27;[39m Possible activities, to be checked: 'com.androidsample.generalstore.SplashActivity', 'com.androidsample.generalstore.com.androidsample.generalstore.SplashActivity'
[debug] &amp#27;[35m[ADB]&amp#27;[39m Getting focused package and activity
[debug] &amp#27;[35m[ADB]&amp#27;[39m Running 'C:\Users\Himanshu\AppData\Local\Android\sdk\platform-tools\adb.exe -P 5037 -s 3289911a0504 shell dumpsys window windows'
[debug] &amp#27;[35m[ADB]&amp#27;[39m Found package: 'com.androidsample.generalstore' and fully qualified activity name : 'com.androidsample.generalstore.SplashActivity'
[debug] &amp#27;[35m[WD Proxy]&amp#27;[39m Proxying [GET /appium/device/pixel_ratio] to [GET http://localhost:8200/wd/hub/session/ab030ac3-7897-4dac-b223-d2a71afb1245/appium/device/pixel_ratio] with body: {}
[debug] &amp#27;[35m[WD Proxy]&amp#27;[39m Got response with status 200: "{\"sessionId\":\"ab030ac3-7897-4dac-b223-d2a71afb1245\",\"status\":0,\"value\":3}"
[debug] &amp#27;[35m[WD Proxy]&amp#27;[39m Matched '/appium/device/system_bars' to command name 'getSystemBars'
[debug] &amp#27;[35m[WD Proxy]&amp#27;[39m Proxying [GET /appium/device/system_bars] to [GET http://localhost:8200/wd/hub/session/ab030ac3-7897-4dac-b223-d2a71afb1245/appium/device/system_bars] with body: {}
[debug] &amp#27;[35m[WD Proxy]&amp#27;[39m Got response with status 200: "{\"sessionId\":\"ab030ac3-7897-4dac-b223-d2a71afb1245\",\"status\":0,\"value\":{\"statusBar\":72}}"
[debug] &amp#27;[35m[WD Proxy]&amp#27;[39m Matched '/window/current/size' to command name 'getWindowSize'
[debug] &amp#27;[35m[WD Proxy]&amp#27;[39m Proxying [GET /window/current/size] to [GET http://localhost:8200/wd/hub/session/ab030ac3-7897-4dac-b223-d2a71afb1245/window/current/size] with body: {}
[debug] &amp#27;[35m[WD Proxy]&amp#27;[39m Got response with status 200: "{\"sessionId\":\"ab030ac3-7897-4dac-b223-d2a71afb1245\",\"status\":0,\"value\":{\"height\":1920,\"width\":1080}}"
&amp#27;[35m[Appium]&amp#27;[39m New AndroidUiautomator2Driver session created successfully, session 730fdc2b-f827-4bad-9919-3408de87b2f8 added to master session list
[debug] &amp#27;[35m[BaseDriver]&amp#27;[39m Event 'newSessionStarted' logged at 1592780943272 (04:39:03 GMT+0530 (India Standard Time))
[debug] &amp#27;[35m[W3C (730fdc2b)]&amp#27;[39m Cached the protocol value 'W3C' for the new session 730fdc2b-f827-4bad-9919-3408de87b2f8
[debug] &amp#27;[35m[W3C (730fdc2b)]&amp#27;[39m Responding to client with driver.createSession() result: {"capabilities":{"platform":"LINUX","webStorageEnabled":false,"takesScreenshot":true,"javascriptEnabled":true,"databaseEnabled":false,"networkConnectionEnabled":true,"locationContextEnabled":false,"warnings":{},"desired":{"platformName":"android","app":"C:\\Users\\Himanshu\\eclipse-workspace\\AppiumFrameWork\\src\\General-Store.apk","automationName":"uiautomator2","deviceName":"Andriod Device","newCommandTimeout":14},"platformName":"android","app":"C:\\Users\\Himanshu\\eclipse-workspace\\AppiumFrameWork\\src\\General-Store.apk","automationName":"uiautomator2","deviceName":"3289911a0504","newCommandTimeout":14,"deviceUDID":"3289911a0504","appPackage":"com.androidsample.generalstore","deviceApiLevel":28,"platformVersion":"9","deviceScreenSize":"1080x1920","deviceScreenDensity":480,"deviceModel":"Mi A1","deviceManufacturer":"Xiaomi","pixelRatio":3,"statBarHeight":72,"viewportRect":{"left":0,"top":72,"width":1080,"height":1848}}}
&amp#27;[35m[HTTP]&amp#27;[39m &amp#27;[37m<-- POST /wd/hub/session &amp#27;[39m&amp#27;[32m200&amp#27;[39m &amp#27;[90m16881 ms - 1000&amp#27;[39m
&amp#27;[35m[HTTP]&amp#27;[39m &amp#27;[90m&amp#27;[39m
&amp#27;[35m[HTTP]&amp#27;[39m &amp#27;[37m-->&amp#27;[39m &amp#27;[37mPOST&amp#27;[39m &amp#27;[37m/wd/hub/session/730fdc2b-f827-4bad-9919-3408de87b2f8/timeouts&amp#27;[39m
&amp#27;[35m[HTTP]&amp#27;[39m &amp#27;[90m{"implicit":10000}&amp#27;[39m
[debug] &amp#27;[35m[W3C (730fdc2b)]&amp#27;[39m Calling AppiumDriver.timeouts() with args: [null,null,null,null,10000,"730fdc2b-f827-4bad-9919-3408de87b2f8"]
[debug] &amp#27;[35m[BaseDriver]&amp#27;[39m W3C timeout argument: {"implicit":10000}}
[debug] &amp#27;[35m[BaseDriver]&amp#27;[39m Set implicit wait to 10000ms
[debug] &amp#27;[35m[W3C (730fdc2b)]&amp#27;[39m Responding to client with driver.timeouts() result: null
&amp#27;[35m[HTTP]&amp#27;[39m &amp#27;[37m<-- POST /wd/hub/session/730fdc2b-f827-4bad-9919-3408de87b2f8/timeouts &amp#27;[39m&amp#27;[32m200&amp#27;[39m &amp#27;[90m16 ms - 14&amp#27;[39m
&amp#27;[35m[HTTP]&amp#27;[39m &amp#27;[90m&amp#27;[39m
&amp#27;[35m[HTTP]&amp#27;[39m &amp#27;[37m-->&amp#27;[39m &amp#27;[37mGET&amp#27;[39m &amp#27;[37m/wd/hub/session/730fdc2b-f827-4bad-9919-3408de87b2f8/context&amp#27;[39m
&amp#27;[35m[HTTP]&amp#27;[39m &amp#27;[90m{}&amp#27;[39m
[debug] &amp#27;[35m[W3C (730fdc2b)]&amp#27;[39m Calling AppiumDriver.getCurrentContext() with args: ["730fdc2b-f827-4bad-9919-3408de87b2f8"]
[debug] &amp#27;[35m[W3C (730fdc2b)]&amp#27;[39m Responding to client with driver.getCurrentContext() result: "NATIVE_APP"
&amp#27;[35m[HTTP]&amp#27;[39m &amp#27;[37m<-- GET /wd/hub/session/730fdc2b-f827-4bad-9919-3408de87b2f8/context &amp#27;[39m&amp#27;[32m200&amp#27;[39m &amp#27;[90m6 ms - 22&amp#27;[39m
&amp#27;[35m[HTTP]&amp#27;[39m &amp#27;[90m&amp#27;[39m
&amp#27;[35m[HTTP]&amp#27;[39m &amp#27;[37m-->&amp#27;[39m &amp#27;[37mPOST&amp#27;[39m &amp#27;[37m/wd/hub/session/730fdc2b-f827-4bad-9919-3408de87b2f8/element&amp#27;[39m
&amp#27;[35m[HTTP]&amp#27;[39m &amp#27;[90m{"using":"id","value":"com.androidsample.generalstore:id/nameField"}&amp#27;[39m
[debug] &amp#27;[35m[W3C (730fdc2b)]&amp#27;[39m Calling AppiumDriver.findElement() with args: ["id","com.androidsample.generalstore:id/nameField","730fdc2b-f827-4bad-9919-3408de87b2f8"]
[debug] &amp#27;[35m[BaseDriver]&amp#27;[39m Valid locator strategies for this request: xpath, id, class name, accessibility id, -android uiautomator
[debug] &amp#27;[35m[BaseDriver]&amp#27;[39m Waiting up to 10000 ms for condition
[debug] &amp#27;[35m[WD Proxy]&amp#27;[39m Matched '/element' to command name 'findElement'
[debug] &amp#27;[35m[WD Proxy]&amp#27;[39m Proxying [POST /element] to [POST http://localhost:8200/wd/hub/session/ab030ac3-7897-4dac-b223-d2a71afb1245/element] with body: {"strategy":"id","selector":"com.androidsample.generalstore:id/nameField","context":"","multiple":false}
&amp#27;[35m[WD Proxy]&amp#27;[39m Got an unexpected response: {"sessionId":"ab030ac3-7897-4dac-b223-d2a71afb1245","status":7,"value":"An element could not be located on the page using the given search parameters."}
[debug] &amp#27;[35m[MJSONWP]&amp#27;[39m Matched JSONWP error code 7 to NoSuchElementError
[debug] &amp#27;[35m[BaseDriver]&amp#27;[39m Waited for 506 ms so far
[debug] &amp#27;[35m[WD Proxy]&amp#27;[39m Matched '/element' to command name 'findElement'
[debug] &amp#27;[35m[WD Proxy]&amp#27;[39m Proxying [POST /element] to [POST http://localhost:8200/wd/hub/session/ab030ac3-7897-4dac-b223-d2a71afb1245/element] with body: {"strategy":"id","selector":"com.androidsample.generalstore:id/nameField","context":"","multiple":false}
&amp#27;[35m[WD Proxy]&amp#27;[39m Got an unexpected response: {"sessionId":"ab030ac3-7897-4dac-b223-d2a71afb1245","status":7,"value":"An element could not be located on the page using the given search parameters."}
[debug] &amp#27;[35m[MJSONWP]&amp#27;[39m Matched JSONWP error code 7 to NoSuchElementError
[debug] &amp#27;[35m[BaseDriver]&amp#27;[39m Waited for 1061 ms so far
[debug] &amp#27;[35m[WD Proxy]&amp#27;[39m Matched '/element' to command name 'findElement'
[debug] &amp#27;[35m[WD Proxy]&amp#27;[39m Proxying [POST /element] to [POST http://localhost:8200/wd/hub/session/ab030ac3-7897-4dac-b223-d2a71afb1245/element] with body: {"strategy":"id","selector":"com.androidsample.generalstore:id/nameField","context":"","multiple":false}
&amp#27;[35m[WD Proxy]&amp#27;[39m Got an unexpected response: {"sessionId":"ab030ac3-7897-4dac-b223-d2a71afb1245","status":7,"value":"An element could not be located on the page using the given search parameters."}
[debug] &amp#27;[35m[MJSONWP]&amp#27;[39m Matched JSONWP error code 7 to NoSuchElementError
[debug] &amp#27;[35m[BaseDriver]&amp#27;[39m Waited for 1608 ms so far
[debug] &amp#27;[35m[WD Proxy]&amp#27;[39m Matched '/element' to command name 'findElement'
[debug] &amp#27;[35m[WD Proxy]&amp#27;[39m Proxying [POST /element] to [POST http://localhost:8200/wd/hub/session/ab030ac3-7897-4dac-b223-d2a71afb1245/element] with body: {"strategy":"id","selector":"com.androidsample.generalstore:id/nameField","context":"","multiple":false}
&amp#27;[35m[WD Proxy]&amp#27;[39m Got an unexpected response: {"sessionId":"ab030ac3-7897-4dac-b223-d2a71afb1245","status":7,"value":"An element could not be located on the page using the given search parameters."}
[debug] &amp#27;[35m[MJSONWP]&amp#27;[39m Matched JSONWP error code 7 to NoSuchElementError
[debug] &amp#27;[35m[BaseDriver]&amp#27;[39m Waited for 2151 ms so far
[debug] &amp#27;[35m[WD Proxy]&amp#27;[39m Matched '/element' to command name 'findElement'
[debug] &amp#27;[35m[WD Proxy]&amp#27;[39m Proxying [POST /element] to [POST http://localhost:8200/wd/hub/session/ab030ac3-7897-4dac-b223-d2a71afb1245/element] with body: {"strategy":"id","selector":"com.androidsample.generalstore:id/nameField","context":"","multiple":false}
&amp#27;[35m[WD Proxy]&amp#27;[39m Got an unexpected response: {"sessionId":"ab030ac3-7897-4dac-b223-d2a71afb1245","status":7,"value":"An element could not be located on the page using the given search parameters."}
[debug] &amp#27;[35m[MJSONWP]&amp#27;[39m Matched JSONWP error code 7 to NoSuchElementError
[debug] &amp#27;[35m[BaseDriver]&amp#27;[39m Waited for 2807 ms so far
[debug] &amp#27;[35m[WD Proxy]&amp#27;[39m Matched '/element' to command name 'findElement'
[debug] &amp#27;[35m[WD Proxy]&amp#27;[39m Proxying [POST /element] to [POST http://localhost:8200/wd/hub/session/ab030ac3-7897-4dac-b223-d2a71afb1245/element] with body: {"strategy":"id","selector":"com.androidsample.generalstore:id/nameField","context":"","multiple":false}
[debug] &amp#27;[35m[WD Proxy]&amp#27;[39m Got response with status 200: {"sessionId":"ab030ac3-7897-4dac-b223-d2a71afb1245","status":0,"value":{"ELEMENT":"eb275bda-a0a0-4224-bea6-260c8733d3be"}}
[debug] &amp#27;[35m[W3C (730fdc2b)]&amp#27;[39m Responding to client with driver.findElement() result: {"element-6066-11e4-a52e-4f735466cecf":"eb275bda-a0a0-4224-bea6-260c8733d3be","ELEMENT":"eb275bda-a0a0-4224-bea6-260c8733d3be"}
&amp#27;[35m[HTTP]&amp#27;[39m &amp#27;[37m<-- POST /wd/hub/session/730fdc2b-f827-4bad-9919-3408de87b2f8/element &amp#27;[39m&amp#27;[32m200&amp#27;[39m &amp#27;[90m3804 ms - 137&amp#27;[39m
&amp#27;[35m[HTTP]&amp#27;[39m &amp#27;[90m&amp#27;[39m
&amp#27;[35m[HTTP]&amp#27;[39m &amp#27;[37m-->&amp#27;[39m &amp#27;[37mPOST&amp#27;[39m &amp#27;[37m/wd/hub/session/730fdc2b-f827-4bad-9919-3408de87b2f8/element/eb275bda-a0a0-4224-bea6-260c8733d3be/value&amp#27;[39m
&amp#27;[35m[HTTP]&amp#27;[39m &amp#27;[90m{"id":"eb275bda-a0a0-4224-bea6-260c8733d3be","text":"Hello","value":["H","e","l","l","o"]}&amp#27;[39m
[debug] &amp#27;[35m[W3C (730fdc2b)]&amp#27;[39m Calling AppiumDriver.setValue() with args: [["H","e","l","l","o"],"eb275bda-a0a0-4224-bea6-260c8733d3be","730fdc2b-f827-4bad-9919-3408de87b2f8"]
[debug] &amp#27;[35m[WD Proxy]&amp#27;[39m Matched '/element/eb275bda-a0a0-4224-bea6-260c8733d3be/value' to command name 'setValue'
[debug] &amp#27;[35m[Protocol Converter]&amp#27;[39m Added 'value' property ["H","e","l","l","o"] to 'setValue' request body
[debug] &amp#27;[35m[WD Proxy]&amp#27;[39m Proxying [POST /element/eb275bda-a0a0-4224-bea6-260c8733d3be/value] to [POST http://localhost:8200/wd/hub/session/ab030ac3-7897-4dac-b223-d2a71afb1245/element/eb275bda-a0a0-4224-bea6-260c8733d3be/value] with body: {"elementId":"eb275bda-a0a0-4224-bea6-260c8733d3be","text":"Hello","replace":false,"value":["H","e","l","l","o"]}
[debug] &amp#27;[35m[WD Proxy]&amp#27;[39m Got response with status 200: {"sessionId":"ab030ac3-7897-4dac-b223-d2a71afb1245","status":0,"value":""}
[debug] &amp#27;[35m[W3C (730fdc2b)]&amp#27;[39m Responding to client with driver.setValue() result: ""
&amp#27;[35m[HTTP]&amp#27;[39m &amp#27;[37m<-- POST /wd/hub/session/730fdc2b-f827-4bad-9919-3408de87b2f8/element/eb275bda-a0a0-4224-bea6-260c8733d3be/value &amp#27;[39m&amp#27;[32m200&amp#27;[39m &amp#27;[90m1040 ms - 12&amp#27;[39m
&amp#27;[35m[HTTP]&amp#27;[39m &amp#27;[90m&amp#27;[39m
&amp#27;[35m[HTTP]&amp#27;[39m &amp#27;[37m-->&amp#27;[39m &amp#27;[37mPOST&amp#27;[39m &amp#27;[37m/wd/hub/session/730fdc2b-f827-4bad-9919-3408de87b2f8/appium/device/hide_keyboard&amp#27;[39m
&amp#27;[35m[HTTP]&amp#27;[39m &amp#27;[90m{}&amp#27;[39m
[debug] &amp#27;[35m[W3C (730fdc2b)]&amp#27;[39m Calling AppiumDriver.hideKeyboard() with args: [null,null,null,null,"730fdc2b-f827-4bad-9919-3408de87b2f8"]
[debug] &amp#27;[35m[ADB]&amp#27;[39m Running 'C:\Users\Himanshu\AppData\Local\Android\sdk\platform-tools\adb.exe -P 5037 -s 3289911a0504 shell dumpsys input_method'
&amp#27;[35m[AndroidDriver]&amp#27;[39m Keyboard has no UI; no closing necessary
[debug] &amp#27;[35m[W3C (730fdc2b)]&amp#27;[39m Responding to client with driver.hideKeyboard() result: null
&amp#27;[35m[HTTP]&amp#27;[39m &amp#27;[37m<-- POST /wd/hub/session/730fdc2b-f827-4bad-9919-3408de87b2f8/appium/device/hide_keyboard &amp#27;[39m&amp#27;[32m200&amp#27;[39m &amp#27;[90m766 ms - 14&amp#27;[39m
&amp#27;[35m[HTTP]&amp#27;[39m &amp#27;[90m&amp#27;[39m
&amp#27;[35m[HTTP]&amp#27;[39m &amp#27;[37m-->&amp#27;[39m &amp#27;[37mGET&amp#27;[39m &amp#27;[37m/wd/hub/session/730fdc2b-f827-4bad-9919-3408de87b2f8/context&amp#27;[39m
&amp#27;[35m[HTTP]&amp#27;[39m &amp#27;[90m{}&amp#27;[39m
[debug] &amp#27;[35m[W3C (730fdc2b)]&amp#27;[39m Calling AppiumDriver.getCurrentContext() with args: ["730fdc2b-f827-4bad-9919-3408de87b2f8"]
[debug] &amp#27;[35m[W3C (730fdc2b)]&amp#27;[39m Responding to client with driver.getCurrentContext() result: "NATIVE_APP"
&amp#27;[35m[HTTP]&amp#27;[39m &amp#27;[37m<-- GET /wd/hub/session/730fdc2b-f827-4bad-9919-3408de87b2f8/context &amp#27;[39m&amp#27;[32m200&amp#27;[39m &amp#27;[90m2 ms - 22&amp#27;[39m
&amp#27;[35m[HTTP]&amp#27;[39m &amp#27;[90m&amp#27;[39m
&amp#27;[35m[HTTP]&amp#27;[39m &amp#27;[37m-->&amp#27;[39m &amp#27;[37mPOST&amp#27;[39m &amp#27;[37m/wd/hub/session/730fdc2b-f827-4bad-9919-3408de87b2f8/element&amp#27;[39m
&amp#27;[35m[HTTP]&amp#27;[39m &amp#27;[90m{"using":"xpath","value":"//*[@text='Female']"}&amp#27;[39m
[debug] &amp#27;[35m[W3C (730fdc2b)]&amp#27;[39m Calling AppiumDriver.findElement() with args: ["xpath","//*[@text='Female']","730fdc2b-f827-4bad-9919-3408de87b2f8"]
[debug] &amp#27;[35m[BaseDriver]&amp#27;[39m Valid locator strategies for this request: xpath, id, class name, accessibility id, -android uiautomator
[debug] &amp#27;[35m[BaseDriver]&amp#27;[39m Waiting up to 10000 ms for condition
[debug] &amp#27;[35m[WD Proxy]&amp#27;[39m Matched '/element' to command name 'findElement'
[debug] &amp#27;[35m[WD Proxy]&amp#27;[39m Proxying [POST /element] to [POST http://localhost:8200/wd/hub/session/ab030ac3-7897-4dac-b223-d2a71afb1245/element] with body: {"strategy":"xpath","selector":"//*[@text='Female']","context":"","multiple":false}
[debug] &amp#27;[35m[WD Proxy]&amp#27;[39m Got response with status 200: {"sessionId":"ab030ac3-7897-4dac-b223-d2a71afb1245","status":0,"value":{"ELEMENT":"a617dccf-6af7-4aea-ab0b-18fcc5ec2c15"}}
[debug] &amp#27;[35m[W3C (730fdc2b)]&amp#27;[39m Responding to client with driver.findElement() result: {"element-6066-11e4-a52e-4f735466cecf":"a617dccf-6af7-4aea-ab0b-18fcc5ec2c15","ELEMENT":"a617dccf-6af7-4aea-ab0b-18fcc5ec2c15"}
&amp#27;[35m[HTTP]&amp#27;[39m &amp#27;[37m<-- POST /wd/hub/session/730fdc2b-f827-4bad-9919-3408de87b2f8/element &amp#27;[39m&amp#27;[32m200&amp#27;[39m &amp#27;[90m592 ms - 137&amp#27;[39m
&amp#27;[35m[HTTP]&amp#27;[39m &amp#27;[90m&amp#27;[39m
&amp#27;[35m[HTTP]&amp#27;[39m &amp#27;[37m-->&amp#27;[39m &amp#27;[37mPOST&amp#27;[39m &amp#27;[37m/wd/hub/session/730fdc2b-f827-4bad-9919-3408de87b2f8/element/a617dccf-6af7-4aea-ab0b-18fcc5ec2c15/click&amp#27;[39m
&amp#27;[35m[HTTP]&amp#27;[39m &amp#27;[90m{"id":"a617dccf-6af7-4aea-ab0b-18fcc5ec2c15"}&amp#27;[39m
[debug] &amp#27;[35m[W3C (730fdc2b)]&amp#27;[39m Calling AppiumDriver.click() with args: ["a617dccf-6af7-4aea-ab0b-18fcc5ec2c15","730fdc2b-f827-4bad-9919-3408de87b2f8"]
[debug] &amp#27;[35m[WD Proxy]&amp#27;[39m Matched '/element/a617dccf-6af7-4aea-ab0b-18fcc5ec2c15/click' to command name 'click'
[debug] &amp#27;[35m[WD Proxy]&amp#27;[39m Proxying [POST /element/a617dccf-6af7-4aea-ab0b-18fcc5ec2c15/click] to [POST http://localhost:8200/wd/hub/session/ab030ac3-7897-4dac-b223-d2a71afb1245/element/a617dccf-6af7-4aea-ab0b-18fcc5ec2c15/click] with body: {"element":"a617dccf-6af7-4aea-ab0b-18fcc5ec2c15"}
[debug] &amp#27;[35m[WD Proxy]&amp#27;[39m Got response with status 200: {"sessionId":"ab030ac3-7897-4dac-b223-d2a71afb1245","status":0,"value":true}
[debug] &amp#27;[35m[W3C (730fdc2b)]&amp#27;[39m Responding to client with driver.click() result: true
&amp#27;[35m[HTTP]&amp#27;[39m &amp#27;[37m<-- POST /wd/hub/session/730fdc2b-f827-4bad-9919-3408de87b2f8/element/a617dccf-6af7-4aea-ab0b-18fcc5ec2c15/click &amp#27;[39m&amp#27;[32m200&amp#27;[39m &amp#27;[90m55 ms - 14&amp#27;[39m
&amp#27;[35m[HTTP]&amp#27;[39m &amp#27;[90m&amp#27;[39m
&amp#27;[35m[HTTP]&amp#27;[39m &amp#27;[37m-->&amp#27;[39m &amp#27;[37mGET&amp#27;[39m &amp#27;[37m/wd/hub/session/730fdc2b-f827-4bad-9919-3408de87b2f8/context&amp#27;[39m
&amp#27;[35m[HTTP]&amp#27;[39m &amp#27;[90m{}&amp#27;[39m
[debug] &amp#27;[35m[W3C (730fdc2b)]&amp#27;[39m Calling AppiumDriver.getCurrentContext() with args: ["730fdc2b-f827-4bad-9919-3408de87b2f8"]
[debug] &amp#27;[35m[W3C (730fdc2b)]&amp#27;[39m Responding to client with driver.getCurrentContext() result: "NATIVE_APP"
&amp#27;[35m[HTTP]&amp#27;[39m &amp#27;[37m<-- GET /wd/hub/session/730fdc2b-f827-4bad-9919-3408de87b2f8/context &amp#27;[39m&amp#27;[32m200&amp#27;[39m &amp#27;[90m2 ms - 22&amp#27;[39m
&amp#27;[35m[HTTP]&amp#27;[39m &amp#27;[90m&amp#27;[39m
&amp#27;[35m[HTTP]&amp#27;[39m &amp#27;[37m-->&amp#27;[39m &amp#27;[37mPOST&amp#27;[39m &amp#27;[37m/wd/hub/session/730fdc2b-f827-4bad-9919-3408de87b2f8/element&amp#27;[39m
&amp#27;[35m[HTTP]&amp#27;[39m &amp#27;[90m{"using":"id","value":"com.androidsample.generalstore:id/spinnerCountry"}&amp#27;[39m
[debug] &amp#27;[35m[W3C (730fdc2b)]&amp#27;[39m Calling AppiumDriver.findElement() with args: ["id","com.androidsample.generalstore:id/spinnerCountry","730fdc2b-f827-4bad-9919-3408de87b2f8"]
[debug] &amp#27;[35m[BaseDriver]&amp#27;[39m Valid locator strategies for this request: xpath, id, class name, accessibility id, -android uiautomator
[debug] &amp#27;[35m[BaseDriver]&amp#27;[39m Waiting up to 10000 ms for condition
[debug] &amp#27;[35m[WD Proxy]&amp#27;[39m Matched '/element' to command name 'findElement'
[debug] &amp#27;[35m[WD Proxy]&amp#27;[39m Proxying [POST /element] to [POST http://localhost:8200/wd/hub/session/ab030ac3-7897-4dac-b223-d2a71afb1245/element] with body: {"strategy":"id","selector":"com.androidsample.generalstore:id/spinnerCountry","context":"","multiple":false}
[debug] &amp#27;[35m[WD Proxy]&amp#27;[39m Got response with status 200: {"sessionId":"ab030ac3-7897-4dac-b223-d2a71afb1245","status":0,"value":{"ELEMENT":"344551f2-d367-4b42-a1c9-f0eff47982c8"}}
[debug] &amp#27;[35m[W3C (730fdc2b)]&amp#27;[39m Responding to client with driver.findElement() result: {"element-6066-11e4-a52e-4f735466cecf":"344551f2-d367-4b42-a1c9-f0eff47982c8","ELEMENT":"344551f2-d367-4b42-a1c9-f0eff47982c8"}
&amp#27;[35m[HTTP]&amp#27;[39m &amp#27;[37m<-- POST /wd/hub/session/730fdc2b-f827-4bad-9919-3408de87b2f8/element &amp#27;[39m&amp#27;[32m200&amp#27;[39m &amp#27;[90m559 ms - 137&amp#27;[39m
&amp#27;[35m[HTTP]&amp#27;[39m &amp#27;[90m&amp#27;[39m
&amp#27;[35m[HTTP]&amp#27;[39m &amp#27;[37m-->&amp#27;[39m &amp#27;[37mPOST&amp#27;[39m &amp#27;[37m/wd/hub/session/730fdc2b-f827-4bad-9919-3408de87b2f8/element/344551f2-d367-4b42-a1c9-f0eff47982c8/click&amp#27;[39m
&amp#27;[35m[HTTP]&amp#27;[39m &amp#27;[90m{"id":"344551f2-d367-4b42-a1c9-f0eff47982c8"}&amp#27;[39m
[debug] &amp#27;[35m[W3C (730fdc2b)]&amp#27;[39m Calling AppiumDriver.click() with args: ["344551f2-d367-4b42-a1c9-f0eff47982c8","730fdc2b-f827-4bad-9919-3408de87b2f8"]
[debug] &amp#27;[35m[WD Proxy]&amp#27;[39m Matched '/element/344551f2-d367-4b42-a1c9-f0eff47982c8/click' to command name 'click'
[debug] &amp#27;[35m[WD Proxy]&amp#27;[39m Proxying [POST /element/344551f2-d367-4b42-a1c9-f0eff47982c8/click] to [POST http://localhost:8200/wd/hub/session/ab030ac3-7897-4dac-b223-d2a71afb1245/element/344551f2-d367-4b42-a1c9-f0eff47982c8/click] with body: {"element":"344551f2-d367-4b42-a1c9-f0eff47982c8"}
[debug] &amp#27;[35m[WD Proxy]&amp#27;[39m Got response with status 200: {"sessionId":"ab030ac3-7897-4dac-b223-d2a71afb1245","status":0,"value":true}
[debug] &amp#27;[35m[W3C (730fdc2b)]&amp#27;[39m Responding to client with driver.click() result: true
&amp#27;[35m[HTTP]&amp#27;[39m &amp#27;[37m<-- POST /wd/hub/session/730fdc2b-f827-4bad-9919-3408de87b2f8/element/344551f2-d367-4b42-a1c9-f0eff47982c8/click &amp#27;[39m&amp#27;[32m200&amp#27;[39m &amp#27;[90m61 ms - 14&amp#27;[39m
&amp#27;[35m[HTTP]&amp#27;[39m &amp#27;[90m&amp#27;[39m
&amp#27;[35m[HTTP]&amp#27;[39m &amp#27;[37m-->&amp#27;[39m &amp#27;[37mPOST&amp#27;[39m &amp#27;[37m/wd/hub/session/730fdc2b-f827-4bad-9919-3408de87b2f8/element&amp#27;[39m
&amp#27;[35m[HTTP]&amp#27;[39m &amp#27;[90m{"using":"-android uiautomator","value":"new UiScrollable(new UiSelector()).scrollIntoView(text(\"Argentina\"));"}&amp#27;[39m
[debug] &amp#27;[35m[W3C (730fdc2b)]&amp#27;[39m Calling AppiumDriver.findElement() with args: ["-android uiautomator","new UiScrollable(new UiSelector()).scrollIntoView(text(\"Argentina\"));","730fdc2b-f827-4bad-9919-3408de87b2f8"]
[debug] &amp#27;[35m[BaseDriver]&amp#27;[39m Valid locator strategies for this request: xpath, id, class name, accessibility id, -android uiautomator
[debug] &amp#27;[35m[BaseDriver]&amp#27;[39m Waiting up to 10000 ms for condition
[debug] &amp#27;[35m[WD Proxy]&amp#27;[39m Matched '/element' to command name 'findElement'
[debug] &amp#27;[35m[WD Proxy]&amp#27;[39m Proxying [POST /element] to [POST http://localhost:8200/wd/hub/session/ab030ac3-7897-4dac-b223-d2a71afb1245/element] with body: {"strategy":"-android uiautomator","selector":"new UiScrollable(new UiSelector()).scrollIntoView(text(\"Argentina\"));","context":"","multiple":false}
[debug] &amp#27;[35m[WD Proxy]&amp#27;[39m Got response with status 200: {"sessionId":"ab030ac3-7897-4dac-b223-d2a71afb1245","status":0,"value":{"ELEMENT":"7a60a971-145a-445f-a19e-f443272709bf"}}
[debug] &amp#27;[35m[W3C (730fdc2b)]&amp#27;[39m Responding to client with driver.findElement() result: {"element-6066-11e4-a52e-4f735466cecf":"7a60a971-145a-445f-a19e-f443272709bf","ELEMENT":"7a60a971-145a-445f-a19e-f443272709bf"}
&amp#27;[35m[HTTP]&amp#27;[39m &amp#27;[37m<-- POST /wd/hub/session/730fdc2b-f827-4bad-9919-3408de87b2f8/element &amp#27;[39m&amp#27;[32m200&amp#27;[39m &amp#27;[90m4298 ms - 137&amp#27;[39m
&amp#27;[35m[HTTP]&amp#27;[39m &amp#27;[90m&amp#27;[39m
&amp#27;[35m[HTTP]&amp#27;[39m &amp#27;[37m-->&amp#27;[39m &amp#27;[37mGET&amp#27;[39m &amp#27;[37m/wd/hub/session/730fdc2b-f827-4bad-9919-3408de87b2f8/context&amp#27;[39m
&amp#27;[35m[HTTP]&amp#27;[39m &amp#27;[90m{}&amp#27;[39m
[debug] &amp#27;[35m[W3C (730fdc2b)]&amp#27;[39m Calling AppiumDriver.getCurrentContext() with args: ["730fdc2b-f827-4bad-9919-3408de87b2f8"]
[debug] &amp#27;[35m[W3C (730fdc2b)]&amp#27;[39m Responding to client with driver.getCurrentContext() result: "NATIVE_APP"
&amp#27;[35m[HTTP]&amp#27;[39m &amp#27;[37m<-- GET /wd/hub/session/730fdc2b-f827-4bad-9919-3408de87b2f8/context &amp#27;[39m&amp#27;[32m200&amp#27;[39m &amp#27;[90m2 ms - 22&amp#27;[39m
&amp#27;[35m[HTTP]&amp#27;[39m &amp#27;[90m&amp#27;[39m
&amp#27;[35m[HTTP]&amp#27;[39m &amp#27;[37m-->&amp#27;[39m &amp#27;[37mPOST&amp#27;[39m &amp#27;[37m/wd/hub/session/730fdc2b-f827-4bad-9919-3408de87b2f8/element&amp#27;[39m
&amp#27;[35m[HTTP]&amp#27;[39m &amp#27;[90m{"using":"xpath","value":"//*[@text='Argentina']"}&amp#27;[39m
[debug] &amp#27;[35m[W3C (730fdc2b)]&amp#27;[39m Calling AppiumDriver.findElement() with args: ["xpath","//*[@text='Argentina']","730fdc2b-f827-4bad-9919-3408de87b2f8"]
[debug] &amp#27;[35m[BaseDriver]&amp#27;[39m Valid locator strategies for this request: xpath, id, class name, accessibility id, -android uiautomator
[debug] &amp#27;[35m[BaseDriver]&amp#27;[39m Waiting up to 10000 ms for condition
[debug] &amp#27;[35m[WD Proxy]&amp#27;[39m Matched '/element' to command name 'findElement'
[debug] &amp#27;[35m[WD Proxy]&amp#27;[39m Proxying [POST /element] to [POST http://localhost:8200/wd/hub/session/ab030ac3-7897-4dac-b223-d2a71afb1245/element] with body: {"strategy":"xpath","selector":"//*[@text='Argentina']","context":"","multiple":false}
[debug] &amp#27;[35m[WD Proxy]&amp#27;[39m Got response with status 200: {"sessionId":"ab030ac3-7897-4dac-b223-d2a71afb1245","status":0,"value":{"ELEMENT":"4893a929-30f5-4966-b89a-762ebb499322"}}
[debug] &amp#27;[35m[W3C (730fdc2b)]&amp#27;[39m Responding to client with driver.findElement() result: {"element-6066-11e4-a52e-4f735466cecf":"4893a929-30f5-4966-b89a-762ebb499322","ELEMENT":"4893a929-30f5-4966-b89a-762ebb499322"}
&amp#27;[35m[HTTP]&amp#27;[39m &amp#27;[37m<-- POST /wd/hub/session/730fdc2b-f827-4bad-9919-3408de87b2f8/element &amp#27;[39m&amp#27;[32m200&amp#27;[39m &amp#27;[90m581 ms - 137&amp#27;[39m
&amp#27;[35m[HTTP]&amp#27;[39m &amp#27;[90m&amp#27;[39m
&amp#27;[35m[HTTP]&amp#27;[39m &amp#27;[37m-->&amp#27;[39m &amp#27;[37mPOST&amp#27;[39m &amp#27;[37m/wd/hub/session/730fdc2b-f827-4bad-9919-3408de87b2f8/element/4893a929-30f5-4966-b89a-762ebb499322/click&amp#27;[39m
&amp#27;[35m[HTTP]&amp#27;[39m &amp#27;[90m{"id":"4893a929-30f5-4966-b89a-762ebb499322"}&amp#27;[39m
[debug] &amp#27;[35m[W3C (730fdc2b)]&amp#27;[39m Calling AppiumDriver.click() with args: ["4893a929-30f5-4966-b89a-762ebb499322","730fdc2b-f827-4bad-9919-3408de87b2f8"]
[debug] &amp#27;[35m[WD Proxy]&amp#27;[39m Matched '/element/4893a929-30f5-4966-b89a-762ebb499322/click' to command name 'click'
[debug] &amp#27;[35m[WD Proxy]&amp#27;[39m Proxying [POST /element/4893a929-30f5-4966-b89a-762ebb499322/click] to [POST http://localhost:8200/wd/hub/session/ab030ac3-7897-4dac-b223-d2a71afb1245/element/4893a929-30f5-4966-b89a-762ebb499322/click] with body: {"element":"4893a929-30f5-4966-b89a-762ebb499322"}
[debug] &amp#27;[35m[WD Proxy]&amp#27;[39m Got response with status 200: {"sessionId":"ab030ac3-7897-4dac-b223-d2a71afb1245","status":0,"value":true}
[debug] &amp#27;[35m[W3C (730fdc2b)]&amp#27;[39m Responding to client with driver.click() result: true
&amp#27;[35m[HTTP]&amp#27;[39m &amp#27;[37m<-- POST /wd/hub/session/730fdc2b-f827-4bad-9919-3408de87b2f8/element/4893a929-30f5-4966-b89a-762ebb499322/click &amp#27;[39m&amp#27;[32m200&amp#27;[39m &amp#27;[90m1030 ms - 14&amp#27;[39m
&amp#27;[35m[HTTP]&amp#27;[39m &amp#27;[90m&amp#27;[39m
&amp#27;[35m[HTTP]&amp#27;[39m &amp#27;[37m-->&amp#27;[39m &amp#27;[37mGET&amp#27;[39m &amp#27;[37m/wd/hub/session/730fdc2b-f827-4bad-9919-3408de87b2f8/context&amp#27;[39m
&amp#27;[35m[HTTP]&amp#27;[39m &amp#27;[90m{}&amp#27;[39m
[debug] &amp#27;[35m[W3C (730fdc2b)]&amp#27;[39m Calling AppiumDriver.getCurrentContext() with args: ["730fdc2b-f827-4bad-9919-3408de87b2f8"]
[debug] &amp#27;[35m[W3C (730fdc2b)]&amp#27;[39m Responding to client with driver.getCurrentContext() result: "NATIVE_APP"
&amp#27;[35m[HTTP]&amp#27;[39m &amp#27;[37m<-- GET /wd/hub/session/730fdc2b-f827-4bad-9919-3408de87b2f8/context &amp#27;[39m&amp#27;[32m200&amp#27;[39m &amp#27;[90m2 ms - 22&amp#27;[39m
&amp#27;[35m[HTTP]&amp#27;[39m &amp#27;[90m&amp#27;[39m
&amp#27;[35m[HTTP]&amp#27;[39m &amp#27;[37m-->&amp#27;[39m &amp#27;[37mPOST&amp#27;[39m &amp#27;[37m/wd/hub/session/730fdc2b-f827-4bad-9919-3408de87b2f8/element&amp#27;[39m
&amp#27;[35m[HTTP]&amp#27;[39m &amp#27;[90m{"using":"id","value":"com.androidsample.generalstore:id/btnLetsShop"}&amp#27;[39m
[debug] &amp#27;[35m[W3C (730fdc2b)]&amp#27;[39m Calling AppiumDriver.findElement() with args: ["id","com.androidsample.generalstore:id/btnLetsShop","730fdc2b-f827-4bad-9919-3408de87b2f8"]
[debug] &amp#27;[35m[BaseDriver]&amp#27;[39m Valid locator strategies for this request: xpath, id, class name, accessibility id, -android uiautomator
[debug] &amp#27;[35m[BaseDriver]&amp#27;[39m Waiting up to 10000 ms for condition
[debug] &amp#27;[35m[WD Proxy]&amp#27;[39m Matched '/element' to command name 'findElement'
[debug] &amp#27;[35m[WD Proxy]&amp#27;[39m Proxying [POST /element] to [POST http://localhost:8200/wd/hub/session/ab030ac3-7897-4dac-b223-d2a71afb1245/element] with body: {"strategy":"id","selector":"com.androidsample.generalstore:id/btnLetsShop","context":"","multiple":false}
[debug] &amp#27;[35m[WD Proxy]&amp#27;[39m Got response with status 200: {"sessionId":"ab030ac3-7897-4dac-b223-d2a71afb1245","status":0,"value":{"ELEMENT":"8bbfcc22-751c-4384-8989-b05092a0d520"}}
[debug] &amp#27;[35m[W3C (730fdc2b)]&amp#27;[39m Responding to client with driver.findElement() result: {"element-6066-11e4-a52e-4f735466cecf":"8bbfcc22-751c-4384-8989-b05092a0d520","ELEMENT":"8bbfcc22-751c-4384-8989-b05092a0d520"}
&amp#27;[35m[HTTP]&amp#27;[39m &amp#27;[37m<-- POST /wd/hub/session/730fdc2b-f827-4bad-9919-3408de87b2f8/element &amp#27;[39m&amp#27;[32m200&amp#27;[39m &amp#27;[90m106 ms - 137&amp#27;[39m
&amp#27;[35m[HTTP]&amp#27;[39m &amp#27;[90m&amp#27;[39m
&amp#27;[35m[HTTP]&amp#27;[39m &amp#27;[37m-->&amp#27;[39m &amp#27;[37mPOST&amp#27;[39m &amp#27;[37m/wd/hub/session/730fdc2b-f827-4bad-9919-3408de87b2f8/element/8bbfcc22-751c-4384-8989-b05092a0d520/click&amp#27;[39m
&amp#27;[35m[HTTP]&amp#27;[39m &amp#27;[90m{"id":"8bbfcc22-751c-4384-8989-b05092a0d520"}&amp#27;[39m
[debug] &amp#27;[35m[W3C (730fdc2b)]&amp#27;[39m Calling AppiumDriver.click() with args: ["8bbfcc22-751c-4384-8989-b05092a0d520","730fdc2b-f827-4bad-9919-3408de87b2f8"]
[debug] &amp#27;[35m[WD Proxy]&amp#27;[39m Matched '/element/8bbfcc22-751c-4384-8989-b05092a0d520/click' to command name 'click'
[debug] &amp#27;[35m[WD Proxy]&amp#27;[39m Proxying [POST /element/8bbfcc22-751c-4384-8989-b05092a0d520/click] to [POST http://localhost:8200/wd/hub/session/ab030ac3-7897-4dac-b223-d2a71afb1245/element/8bbfcc22-751c-4384-8989-b05092a0d520/click] with body: {"element":"8bbfcc22-751c-4384-8989-b05092a0d520"}
[debug] &amp#27;[35m[WD Proxy]&amp#27;[39m Got response with status 200: {"sessionId":"ab030ac3-7897-4dac-b223-d2a71afb1245","status":0,"value":true}
[debug] &amp#27;[35m[W3C (730fdc2b)]&amp#27;[39m Responding to client with driver.click() result: true
&amp#27;[35m[HTTP]&amp#27;[39m &amp#27;[37m<-- POST /wd/hub/session/730fdc2b-f827-4bad-9919-3408de87b2f8/element/8bbfcc22-751c-4384-8989-b05092a0d520/click &amp#27;[39m&amp#27;[32m200&amp#27;[39m &amp#27;[90m82 ms - 14&amp#27;[39m
&amp#27;[35m[HTTP]&amp#27;[39m &amp#27;[90m&amp#27;[39m
&amp#27;[35m[HTTP]&amp#27;[39m &amp#27;[37m-->&amp#27;[39m &amp#27;[37mGET&amp#27;[39m &amp#27;[37m/wd/hub/session/730fdc2b-f827-4bad-9919-3408de87b2f8/context&amp#27;[39m
&amp#27;[35m[HTTP]&amp#27;[39m &amp#27;[90m{}&amp#27;[39m
[debug] &amp#27;[35m[W3C (730fdc2b)]&amp#27;[39m Calling AppiumDriver.getCurrentContext() with args: ["730fdc2b-f827-4bad-9919-3408de87b2f8"]
[debug] &amp#27;[35m[W3C (730fdc2b)]&amp#27;[39m Responding to client with driver.getCurrentContext() result: "NATIVE_APP"
&amp#27;[35m[HTTP]&amp#27;[39m &amp#27;[37m<-- GET /wd/hub/session/730fdc2b-f827-4bad-9919-3408de87b2f8/context &amp#27;[39m&amp#27;[32m200&amp#27;[39m &amp#27;[90m2 ms - 22&amp#27;[39m
&amp#27;[35m[HTTP]&amp#27;[39m &amp#27;[90m&amp#27;[39m
&amp#27;[35m[HTTP]&amp#27;[39m &amp#27;[37m-->&amp#27;[39m &amp#27;[37mPOST&amp#27;[39m &amp#27;[37m/wd/hub/session/730fdc2b-f827-4bad-9919-3408de87b2f8/elements&amp#27;[39m
&amp#27;[35m[HTTP]&amp#27;[39m &amp#27;[90m{"using":"xpath","value":"//*[@text='ADD TO CART']"}&amp#27;[39m
[debug] &amp#27;[35m[W3C (730fdc2b)]&amp#27;[39m Calling AppiumDriver.findElements() with args: ["xpath","//*[@text='ADD TO CART']","730fdc2b-f827-4bad-9919-3408de87b2f8"]
[debug] &amp#27;[35m[BaseDriver]&amp#27;[39m Valid locator strategies for this request: xpath, id, class name, accessibility id, -android uiautomator
[debug] &amp#27;[35m[BaseDriver]&amp#27;[39m Waiting up to 10000 ms for condition
[debug] &amp#27;[35m[WD Proxy]&amp#27;[39m Matched '/elements' to command name 'findElements'
[debug] &amp#27;[35m[WD Proxy]&amp#27;[39m Proxying [POST /elements] to [POST http://localhost:8200/wd/hub/session/ab030ac3-7897-4dac-b223-d2a71afb1245/elements] with body: {"strategy":"xpath","selector":"//*[@text='ADD TO CART']","context":"","multiple":true}
[debug] &amp#27;[35m[WD Proxy]&amp#27;[39m Got response with status 200: {"sessionId":"ab030ac3-7897-4dac-b223-d2a71afb1245","status":0,"value":[{"ELEMENT":"919b7f09-da91-4581-9c61-1393ae227e76"}]}
[debug] &amp#27;[35m[W3C (730fdc2b)]&amp#27;[39m Responding to client with driver.findElements() result: [{"element-6066-11e4-a52e-4f735466cecf":"919b7f09-da91-4581-9c61-1393ae227e76","ELEMENT":"919b7f09-da91-4581-9c61-1393ae227e76"}]
&amp#27;[35m[HTTP]&amp#27;[39m &amp#27;[37m<-- POST /wd/hub/session/730fdc2b-f827-4bad-9919-3408de87b2f8/elements &amp#27;[39m&amp#27;[32m200&amp#27;[39m &amp#27;[90m1173 ms - 139&amp#27;[39m
&amp#27;[35m[HTTP]&amp#27;[39m &amp#27;[90m&amp#27;[39m
&amp#27;[35m[HTTP]&amp#27;[39m &amp#27;[37m-->&amp#27;[39m &amp#27;[37mPOST&amp#27;[39m &amp#27;[37m/wd/hub/session/730fdc2b-f827-4bad-9919-3408de87b2f8/element/919b7f09-da91-4581-9c61-1393ae227e76/click&amp#27;[39m
&amp#27;[35m[HTTP]&amp#27;[39m &amp#27;[90m{"id":"919b7f09-da91-4581-9c61-1393ae227e76"}&amp#27;[39m
[debug] &amp#27;[35m[W3C (730fdc2b)]&amp#27;[39m Calling AppiumDriver.click() with args: ["919b7f09-da91-4581-9c61-1393ae227e76","730fdc2b-f827-4bad-9919-3408de87b2f8"]
[debug] &amp#27;[35m[WD Proxy]&amp#27;[39m Matched '/element/919b7f09-da91-4581-9c61-1393ae227e76/click' to command name 'click'
[debug] &amp#27;[35m[WD Proxy]&amp#27;[39m Proxying [POST /element/919b7f09-da91-4581-9c61-1393ae227e76/click] to [POST http://localhost:8200/wd/hub/session/ab030ac3-7897-4dac-b223-d2a71afb1245/element/919b7f09-da91-4581-9c61-1393ae227e76/click] with body: {"element":"919b7f09-da91-4581-9c61-1393ae227e76"}
[debug] &amp#27;[35m[WD Proxy]&amp#27;[39m Got response with status 200: {"sessionId":"ab030ac3-7897-4dac-b223-d2a71afb1245","status":0,"value":true}
[debug] &amp#27;[35m[W3C (730fdc2b)]&amp#27;[39m Responding to client with driver.click() result: true
&amp#27;[35m[HTTP]&amp#27;[39m &amp#27;[37m<-- POST /wd/hub/session/730fdc2b-f827-4bad-9919-3408de87b2f8/element/919b7f09-da91-4581-9c61-1393ae227e76/click &amp#27;[39m&amp#27;[32m200&amp#27;[39m &amp#27;[90m550 ms - 14&amp#27;[39m
&amp#27;[35m[HTTP]&amp#27;[39m &amp#27;[90m&amp#27;[39m
&amp#27;[35m[HTTP]&amp#27;[39m &amp#27;[37m-->&amp#27;[39m &amp#27;[37mGET&amp#27;[39m &amp#27;[37m/wd/hub/session/730fdc2b-f827-4bad-9919-3408de87b2f8/context&amp#27;[39m
&amp#27;[35m[HTTP]&amp#27;[39m &amp#27;[90m{}&amp#27;[39m
[debug] &amp#27;[35m[W3C (730fdc2b)]&amp#27;[39m Calling AppiumDriver.getCurrentContext() with args: ["730fdc2b-f827-4bad-9919-3408de87b2f8"]
[debug] &amp#27;[35m[W3C (730fdc2b)]&amp#27;[39m Responding to client with driver.getCurrentContext() result: "NATIVE_APP"
&amp#27;[35m[HTTP]&amp#27;[39m &amp#27;[37m<-- GET /wd/hub/session/730fdc2b-f827-4bad-9919-3408de87b2f8/context &amp#27;[39m&amp#27;[32m200&amp#27;[39m &amp#27;[90m2 ms - 22&amp#27;[39m
&amp#27;[35m[HTTP]&amp#27;[39m &amp#27;[90m&amp#27;[39m
&amp#27;[35m[HTTP]&amp#27;[39m &amp#27;[37m-->&amp#27;[39m &amp#27;[37mPOST&amp#27;[39m &amp#27;[37m/wd/hub/session/730fdc2b-f827-4bad-9919-3408de87b2f8/elements&amp#27;[39m
&amp#27;[35m[HTTP]&amp#27;[39m &amp#27;[90m{"using":"xpath","value":"//*[@text='ADD TO CART']"}&amp#27;[39m
[debug] &amp#27;[35m[W3C (730fdc2b)]&amp#27;[39m Calling AppiumDriver.findElements() with args: ["xpath","//*[@text='ADD TO CART']","730fdc2b-f827-4bad-9919-3408de87b2f8"]
[debug] &amp#27;[35m[BaseDriver]&amp#27;[39m Valid locator strategies for this request: xpath, id, class name, accessibility id, -android uiautomator
[debug] &amp#27;[35m[BaseDriver]&amp#27;[39m Waiting up to 10000 ms for condition
[debug] &amp#27;[35m[WD Proxy]&amp#27;[39m Matched '/elements' to command name 'findElements'
[debug] &amp#27;[35m[WD Proxy]&amp#27;[39m Proxying [POST /elements] to [POST http://localhost:8200/wd/hub/session/ab030ac3-7897-4dac-b223-d2a71afb1245/elements] with body: {"strategy":"xpath","selector":"//*[@text='ADD TO CART']","context":"","multiple":true}
[debug] &amp#27;[35m[WD Proxy]&amp#27;[39m Got response with status 200: {"sessionId":"ab030ac3-7897-4dac-b223-d2a71afb1245","status":0,"value":[]}
[debug] &amp#27;[35m[BaseDriver]&amp#27;[39m Waited for 1669 ms so far
[debug] &amp#27;[35m[WD Proxy]&amp#27;[39m Matched '/elements' to command name 'findElements'
[debug] &amp#27;[35m[WD Proxy]&amp#27;[39m Proxying [POST /elements] to [POST http://localhost:8200/wd/hub/session/ab030ac3-7897-4dac-b223-d2a71afb1245/elements] with body: {"strategy":"xpath","selector":"//*[@text='ADD TO CART']","context":"","multiple":true}
[debug] &amp#27;[35m[WD Proxy]&amp#27;[39m Got response with status 200: {"sessionId":"ab030ac3-7897-4dac-b223-d2a71afb1245","status":0,"value":[]}
[debug] &amp#27;[35m[BaseDriver]&amp#27;[39m Waited for 2449 ms so far
[debug] &amp#27;[35m[WD Proxy]&amp#27;[39m Matched '/elements' to command name 'findElements'
[debug] &amp#27;[35m[WD Proxy]&amp#27;[39m Proxying [POST /elements] to [POST http://localhost:8200/wd/hub/session/ab030ac3-7897-4dac-b223-d2a71afb1245/elements] with body: {"strategy":"xpath","selector":"//*[@text='ADD TO CART']","context":"","multiple":true}
[debug] &amp#27;[35m[WD Proxy]&amp#27;[39m Got response with status 200: {"sessionId":"ab030ac3-7897-4dac-b223-d2a71afb1245","status":0,"value":[]}
[debug] &amp#27;[35m[BaseDriver]&amp#27;[39m Waited for 3219 ms so far
[debug] &amp#27;[35m[WD Proxy]&amp#27;[39m Matched '/elements' to command name 'findElements'
[debug] &amp#27;[35m[WD Proxy]&amp#27;[39m Proxying [POST /elements] to [POST http://localhost:8200/wd/hub/session/ab030ac3-7897-4dac-b223-d2a71afb1245/elements] with body: {"strategy":"xpath","selector":"//*[@text='ADD TO CART']","context":"","multiple":true}
[debug] &amp#27;[35m[WD Proxy]&amp#27;[39m Got response with status 200: {"sessionId":"ab030ac3-7897-4dac-b223-d2a71afb1245","status":0,"value":[]}
[debug] &amp#27;[35m[BaseDriver]&amp#27;[39m Waited for 4229 ms so far
[debug] &amp#27;[35m[WD Proxy]&amp#27;[39m Matched '/elements' to command name 'findElements'
[debug] &amp#27;[35m[WD Proxy]&amp#27;[39m Proxying [POST /elements] to [POST http://localhost:8200/wd/hub/session/ab030ac3-7897-4dac-b223-d2a71afb1245/elements] with body: {"strategy":"xpath","selector":"//*[@text='ADD TO CART']","context":"","multiple":true}
[debug] &amp#27;[35m[WD Proxy]&amp#27;[39m Got response with status 200: {"sessionId":"ab030ac3-7897-4dac-b223-d2a71afb1245","status":0,"value":[]}
[debug] &amp#27;[35m[BaseDriver]&amp#27;[39m Waited for 4932 ms so far
[debug] &amp#27;[35m[WD Proxy]&amp#27;[39m Matched '/elements' to command name 'findElements'
[debug] &amp#27;[35m[WD Proxy]&amp#27;[39m Proxying [POST /elements] to [POST http://localhost:8200/wd/hub/session/ab030ac3-7897-4dac-b223-d2a71afb1245/elements] with body: {"strategy":"xpath","selector":"//*[@text='ADD TO CART']","context":"","multiple":true}
[debug] &amp#27;[35m[WD Proxy]&amp#27;[39m Got response with status 200: {"sessionId":"ab030ac3-7897-4dac-b223-d2a71afb1245","status":0,"value":[]}
[debug] &amp#27;[35m[BaseDriver]&amp#27;[39m Waited for 5647 ms so far
[debug] &amp#27;[35m[WD Proxy]&amp#27;[39m Matched '/elements' to command name 'findElements'
[debug] &amp#27;[35m[WD Proxy]&amp#27;[39m Proxying [POST /elements] to [POST http://localhost:8200/wd/hub/session/ab030ac3-7897-4dac-b223-d2a71afb1245/elements] with body: {"strategy":"xpath","selector":"//*[@text='ADD TO CART']","context":"","multiple":true}
[debug] &amp#27;[35m[WD Proxy]&amp#27;[39m Got response with status 200: {"sessionId":"ab030ac3-7897-4dac-b223-d2a71afb1245","status":0,"value":[]}
[debug] &amp#27;[35m[BaseDriver]&amp#27;[39m Waited for 6547 ms so far
[debug] &amp#27;[35m[WD Proxy]&amp#27;[39m Matched '/elements' to command name 'findElements'
[debug] &amp#27;[35m[WD Proxy]&amp#27;[39m Proxying [POST /elements] to [POST http://localhost:8200/wd/hub/session/ab030ac3-7897-4dac-b223-d2a71afb1245/elements] with body: {"strategy":"xpath","selector":"//*[@text='ADD TO CART']","context":"","multiple":true}
[debug] &amp#27;[35m[WD Proxy]&amp#27;[39m Got response with status 200: {"sessionId":"ab030ac3-7897-4dac-b223-d2a71afb1245","status":0,"value":[]}
[debug] &amp#27;[35m[BaseDriver]&amp#27;[39m Waited for 7247 ms so far
[debug] &amp#27;[35m[WD Proxy]&amp#27;[39m Matched '/elements' to command name 'findElements'
[debug] &amp#27;[35m[WD Proxy]&amp#27;[39m Proxying [POST /elements] to [POST http://localhost:8200/wd/hub/session/ab030ac3-7897-4dac-b223-d2a71afb1245/elements] with body: {"strategy":"xpath","selector":"//*[@text='ADD TO CART']","context":"","multiple":true}
[debug] &amp#27;[35m[WD Proxy]&amp#27;[39m Got response with status 200: {"sessionId":"ab030ac3-7897-4dac-b223-d2a71afb1245","status":0,"value":[]}
[debug] &amp#27;[35m[BaseDriver]&amp#27;[39m Waited for 7993 ms so far
[debug] &amp#27;[35m[WD Proxy]&amp#27;[39m Matched '/elements' to command name 'findElements'
[debug] &amp#27;[35m[WD Proxy]&amp#27;[39m Proxying [POST /elements] to [POST http://localhost:8200/wd/hub/session/ab030ac3-7897-4dac-b223-d2a71afb1245/elements] with body: {"strategy":"xpath","selector":"//*[@text='ADD TO CART']","context":"","multiple":true}
[debug] &amp#27;[35m[WD Proxy]&amp#27;[39m Got response with status 200: {"sessionId":"ab030ac3-7897-4dac-b223-d2a71afb1245","status":0,"value":[]}
[debug] &amp#27;[35m[BaseDriver]&amp#27;[39m Waited for 9559 ms so far
[debug] &amp#27;[35m[WD Proxy]&amp#27;[39m Matched '/elements' to command name 'findElements'
[debug] &amp#27;[35m[WD Proxy]&amp#27;[39m Proxying [POST /elements] to [POST http://localhost:8200/wd/hub/session/ab030ac3-7897-4dac-b223-d2a71afb1245/elements] with body: {"strategy":"xpath","selector":"//*[@text='ADD TO CART']","context":"","multiple":true}
[debug] &amp#27;[35m[WD Proxy]&amp#27;[39m Got response with status 200: {"sessionId":"ab030ac3-7897-4dac-b223-d2a71afb1245","status":0,"value":[]}
[debug] &amp#27;[35m[W3C (730fdc2b)]&amp#27;[39m Responding to client with driver.findElements() result: []
&amp#27;[35m[HTTP]&amp#27;[39m &amp#27;[37m<-- POST /wd/hub/session/730fdc2b-f827-4bad-9919-3408de87b2f8/elements &amp#27;[39m&amp#27;[32m200&amp#27;[39m &amp#27;[90m10247 ms - 12&amp#27;[39m
&amp#27;[35m[HTTP]&amp#27;[39m &amp#27;[90m&amp#27;[39m
Failed
&amp#27;[35m[HTTP]&amp#27;[39m &amp#27;[37m-->&amp#27;[39m &amp#27;[37mGET&amp#27;[39m &amp#27;[37m/wd/hub/session/730fdc2b-f827-4bad-9919-3408de87b2f8/screenshot&amp#27;[39m
&amp#27;[35m[HTTP]&amp#27;[39m &amp#27;[90m{}&amp#27;[39m
[debug] &amp#27;[35m[W3C (730fdc2b)]&amp#27;[39m Calling AppiumDriver.getScreenshot() with args: ["730fdc2b-f827-4bad-9919-3408de87b2f8"]
[debug] &amp#27;[35m[WD Proxy]&amp#27;[39m Matched '/screenshot' to command name 'getScreenshot'
[debug] &amp#27;[35m[WD Proxy]&amp#27;[39m Proxying [GET /screenshot] to [GET http://localhost:8200/wd/hub/session/ab030ac3-7897-4dac-b223-d2a71afb1245/screenshot] with no body
[debug] &amp#27;[35m[WD Proxy]&amp#27;[39m Got response with status 200: "{\"sessionId\":\"ab030ac3-7897-4dac-b223-d2a71afb1245\",\"status\":0,\"value\":\"iVBORw0KGgoAAAANSUhEUgAABDgAAAeACAYAAAArYecKAAAABHNCSVQICAgIfAhkiAAAIABJREFU\\neJzs3XecFOX9B\\/DPlK1X9\\/odvaMCgiiCYkNNVOyKoiZq1KixRaM\\/Y4tG7L13ozGJJTY0FuyiItgQ\\nVKT3O+B6v61Tfn9sYevVLTfH553XRW52d+ZZjr3d+cz3+T6CY+WZOoiIiIiIiIiIDEzM9ACIiIiI\\niIiIiPqKAQcRERERERERGR4DDiIiIiIiIiIyPAYcRERERERERGR4DDiIiIiIiIiIyPAYcBARERER\\nERGR4THgICIiIiIiIiLDY8BBRERERERERIbHgIOIiIiIiIiIDI8BBxEREREREREZHgMOIiIiIiIi\\nIjI8BhxEREREREREZHgMOIiIiIiIiIjI8BhwEBEREREREZHhyZkeAA18siDhwoLfQICAJxs\\/hE9X\\nMz0koozj64KIiIiIKLkYcFDKSBAxM2s33Fg8B1NsIwAAx+dMw7y617CoYxVUaBkeIVH68XVBRERE\\nlFoHZe0Bm2Du9D4u3YMvOlamaUSULoJj5Zl6pgdBA0+pnI9\\/DLoIU22jYBEiczSPruBH1wacs+1x\\n1CjNGRohUfrxdUFEROFMgoQ80Q67aIFdtCBLtMIsyDAJEmRIMAkSFKhQdBVeXYVXV+DUPHBqHnRo\\nbrRoTlYAEsXBgGPXxYCDkqpAysaFBb\\/FHxyHoFDK6fS+DWobnm\\/6HE82fohGtT1NI6S+ypeycH3x\\nSZidM7XLN45UcelevNe2FLfXvYEmtSMjY+gJvi6IiAgALIIMh5SNQikHDikL2aKtT\\/vToaNDc6NJ\\n7UCj2o5GtQ0eXUnSaImMiwHHrosBByWFRZBxePaeeKriQtjEyF8mbt...
[debug] &amp#27;[35m[W3C (730fdc2b)]&amp#27;[39m Responding to client with driver.getScreenshot() result: "iVBORw0KGgoAAAANSUhEUgAABDgAAAeACAYAAAArYecKAAAABHNCSVQICAgIfAhkiAAAIABJREFU\neJzs3XecFOX9B/DPlK1X9/odvaMCgiiCYkNNVOyKoiZq1KixRaM/Y4tG7L13ozGJJTY0FuyiItgQ\nVKT3O+B6v61Tfn9sYevVLTfH553XRW52d+ZZjr3d+cz3+T6CY+WZOoiIiIiIiIiIDEzM9ACIiIiI\niIiIiPqKAQcRERERERERGR4DDiIiIiIiIiIyPAYcRERERERERGR4DDiIiIiIiIiIyPAYcBARERER\nERGR4THgICIiIiIiIiLDY8BBRERERERERIbHgIOIiIiIiIiIDI8BBxEREREREREZHgMOIiIiIiIi\nIjI8BhxEREREREREZHgMOIiIiIiIiIjI8BhwEBEREREREZHhyZkeAA18siDhwoLfQICAJxs/hE9X\nMz0koozj64KIiIiIKLkYcFDKSBAxM2s33Fg8B1NsIwAAx+dMw7y617CoYxVUaBkeIVH68XVBRERE\nlFoHZe0Bm2Du9D4u3YMvOlamaUSULoJj5Zl6pgdBA0+pnI9/DLoIU22jYBEiczSPruBH1wacs+1x\n1CjNGRohUfrxdUFEROFMgoQ80Q67aIFdtCBLtMIsyDAJEmRIMAkSFKhQdBVeXYVXV+DUPHBqHnRo\nbrRoTlYAEsXBgGPXxYCDkqpAysaFBb/FHxyHoFDK6fS+DWobnm/6HE82fohGtT1NI6S+ypeycH3x\nSZidM7XLN45UcelevNe2FLfXvYEmtSMjY+gJvi6IiAgALIIMh5SNQikHDikL2aKtT/vToaNDc6NJ\n7UCj2o5GtQ0eXUnSaImMiwHHrosBByWFRZBxePaeeKriQtjEyF8mbt2L11uWQAcwJ28GrFG/bFya\nFxdufwoftS/nm7IB3Ft2Fs5xzMr0MAAAzzd9hiurX8j0MBLi64KIiEQIGGwqxBBTEXL6GGh0R7vm\nQqWvAZ...
&amp#27;[35m[HTTP]&amp#27;[39m &amp#27;[37m<-- GET /wd/hub/session/730fdc2b-f827-4bad-9919-3408de87b2f8/screenshot &amp#27;[39m&amp#27;[32m200&amp#27;[39m &amp#27;[90m986 ms - 375554&amp#27;[39m
&amp#27;[35m[HTTP]&amp#27;[39m &amp#27;[90m&amp#27;[39m
]]></system-out>
    <system-err><![CDATA[Jun 22, 2020 4:39:03 AM io.appium.java_client.remote.AppiumCommandExecutor$1 lambda$0
INFO: Detected dialect: W3C
]]></system-err>
  </testcase>
  <testcase name="ApiTest" classname="practice.AppiumFrameWork.ApiDemoTest" time="23.717">
    <system-out><![CDATA[&amp#27;[35m[HTTP]&amp#27;[39m &amp#27;[37m-->&amp#27;[39m &amp#27;[37mPOST&amp#27;[39m &amp#27;[37m/wd/hub/session&amp#27;[39m
&amp#27;[35m[HTTP]&amp#27;[39m &amp#27;[90m{"desiredCapabilities":{"app":"C:\\Users\\Himanshu\\eclipse-workspace\\AppiumFrameWork\\src\\original.apk","automationName":"uiautomator2","platformName":"Android","deviceName":"Andriod Device","newCommandTimeout":14},"capabilities":{"firstMatch":[{"appium:app":"C:\\Users\\Himanshu\\eclipse-workspace\\AppiumFrameWork\\src\\original.apk","appium:automationName":"uiautomator2","appium:deviceName":"Andriod Device","appium:newCommandTimeout":14,"platformName":"android"}]}}&amp#27;[39m
[debug] &amp#27;[35m[W3C]&amp#27;[39m Calling AppiumDriver.createSession() with args: [{"app":"C:\\Users\\Himanshu\\eclipse-workspace\\AppiumFrameWork\\src\\original.apk","automationName":"uiautomator2","platformName":"Android","deviceName":"Andriod Device","newCommandTimeout":14},null,{"firstMatch":[{"appium:app":"C:\\Users\\Himanshu\\eclipse-workspace\\AppiumFrameWork\\src\\original.apk","appium:automationName":"uiautomator2","appium:deviceName":"Andriod Device","appium:newCommandTimeout":14,"platformName":"android"}]}]
[debug] &amp#27;[35m[BaseDriver]&amp#27;[39m Event 'newSessionRequested' logged at 1592780970149 (04:39:30 GMT+0530 (India Standard Time))
&amp#27;[35m[Appium]&amp#27;[39m Appium v1.12.1 creating new AndroidUiautomator2Driver (v1.33.0) session
&amp#27;[35m[Appium]&amp#27;[39m Capabilities:
&amp#27;[35m[Appium]&amp#27;[39m   platformName: android
&amp#27;[35m[Appium]&amp#27;[39m   app: C:\Users\Himanshu\eclipse-workspace\AppiumFrameWork\src\original.apk
&amp#27;[35m[Appium]&amp#27;[39m   automationName: uiautomator2
&amp#27;[35m[Appium]&amp#27;[39m   deviceName: Andriod Device
&amp#27;[35m[Appium]&amp#27;[39m   newCommandTimeout: 14
[debug] &amp#27;[35m[BaseDriver]&amp#27;[39m W3C capabilities {"alwaysMatch":{"platformNa... and MJSONWP desired capabilities {"app":"C:\\Users\\Himanshu... were provided
[debug] &amp#27;[35m[BaseDriver]&amp#27;[39m Creating session with W3C capabilities: {"alwaysMatch":{"platformNa...
&amp#27;[35m[BaseDriver]&amp#27;[39m Session created with session id: ed50c32f-1ebb-46be-8b9c-56d2bc5615c5
&amp#27;[35m[BaseDriver]&amp#27;[39m Using local app 'C:\Users\Himanshu\eclipse-workspace\AppiumFrameWork\src\original.apk'
[debug] &amp#27;[35m[UiAutomator2]&amp#27;[39m Checking whether app is actually present
&amp#27;[35m[AndroidDriver]&amp#27;[39m Retrieving device list
[debug] &amp#27;[35m[ADB]&amp#27;[39m Trying to find a connected android device
[debug] &amp#27;[35m[ADB]&amp#27;[39m Getting connected devices...
[debug] &amp#27;[35m[ADB]&amp#27;[39m 1 device(s) connected
&amp#27;[35m[AndroidDriver]&amp#27;[39m Using device: 3289911a0504
[debug] &amp#27;[35m[ADB]&amp#27;[39m Setting device id to 3289911a0504
[debug] &amp#27;[35m[ADB]&amp#27;[39m Running 'C:\Users\Himanshu\AppData\Local\Android\sdk\platform-tools\adb.exe -P 5037 -s 3289911a0504 shell getprop ro.build.version.sdk'
[debug] &amp#27;[35m[ADB]&amp#27;[39m Current device property 'ro.build.version.sdk': 28
[debug] &amp#27;[35m[ADB]&amp#27;[39m Device API level: 28
&amp#27;[35m[UiAutomator2]&amp#27;[39m Relaxing hidden api policy
[debug] &amp#27;[35m[ADB]&amp#27;[39m Running 'C:\Users\Himanshu\AppData\Local\Android\sdk\platform-tools\adb.exe -P 5037 -s 3289911a0504 shell settings put global hidden_api_policy_pre_p_apps 1'
[debug] &amp#27;[35m[ADB]&amp#27;[39m Running 'C:\Users\Himanshu\AppData\Local\Android\sdk\platform-tools\adb.exe -P 5037 -s 3289911a0504 shell settings put global hidden_api_policy_p_apps 1'
[debug] &amp#27;[35m[ADB]&amp#27;[39m Running 'C:\Users\Himanshu\AppData\Local\Android\sdk\platform-tools\adb.exe -P 5037 -s 3289911a0504 shell settings put global hidden_api_policy 1'
[debug] &amp#27;[35m[AndroidDriver]&amp#27;[39m Parsing package and activity from app manifest
&amp#27;[35m[ADB]&amp#27;[39m Using the alternative activity name detection method because of: Could not find apkanalyzer.bat in C:\Users\Himanshu\AppData\Local\Android\sdk\platform-tools\apkanalyzer.bat,C:\Users\Himanshu\AppData\Local\Android\sdk\emulator\apkanalyzer.bat,C:\Users\Himanshu\AppData\Local\Android\sdk\tools\apkanalyzer.bat,C:\Users\Himanshu\AppData\Local\Android\sdk\tools\bin\apkanalyzer.bat,C:\Users\Himanshu\AppData\Local\Android\sdk\build-tools\28.0.3\apkanalyzer.bat. Do you have the Android SDK installed at 'C:\Users\Himanshu\AppData\Local\Android\sdk'?
&amp#27;[35m[ADB]&amp#27;[39m Extracting package and launch activity from manifest
&amp#27;[35m[ADB]&amp#27;[39m Package name: 'io.appium.android.apis'
&amp#27;[35m[ADB]&amp#27;[39m Main activity name: 'io.appium.android.apis.ApiDemos'
[debug] &amp#27;[35m[AndroidDriver]&amp#27;[39m Parsed package and activity are: io.appium.android.apis/io.appium.android.apis.ApiDemos
[debug] &amp#27;[35m[ADB]&amp#27;[39m Running 'C:\Users\Himanshu\AppData\Local\Android\sdk\platform-tools\adb.exe -P 5037 -s 3289911a0504 wait-for-device'
[debug] &amp#27;[35m[ADB]&amp#27;[39m Running 'C:\Users\Himanshu\AppData\Local\Android\sdk\platform-tools\adb.exe -P 5037 -s 3289911a0504 shell echo ping'
[debug] &amp#27;[35m[AndroidDriver]&amp#27;[39m Pushing settings apk to device...
[debug] &amp#27;[35m[ADB]&amp#27;[39m Getting install status for io.appium.settings
[debug] &amp#27;[35m[ADB]&amp#27;[39m Running 'C:\Users\Himanshu\AppData\Local\Android\sdk\platform-tools\adb.exe -P 5037 -s 3289911a0504 shell dumpsys package io.appium.settings'
[debug] &amp#27;[35m[ADB]&amp#27;[39m 'io.appium.settings' is installed
[debug] &amp#27;[35m[ADB]&amp#27;[39m Getting package info for 'io.appium.settings'
[debug] &amp#27;[35m[ADB]&amp#27;[39m Running 'C:\Users\Himanshu\AppData\Local\Android\sdk\platform-tools\adb.exe -P 5037 -s 3289911a0504 shell dumpsys package io.appium.settings'
[debug] &amp#27;[35m[ADB]&amp#27;[39m The version name of the installed 'io.appium.settings' is greater or equal to the application version name ('2.14.0' >= '2.14.0')
[debug] &amp#27;[35m[ADB]&amp#27;[39m There is no need to install/upgrade 'C:\Users\Himanshu\AppData\Roaming\npm\node_modules\appium\node_modules\io.appium.settings\apks\settings_apk-debug.apk'
[debug] &amp#27;[35m[ADB]&amp#27;[39m Getting IDs of all 'io.appium.settings' processes
[debug] &amp#27;[35m[ADB]&amp#27;[39m Running 'C:\Users\Himanshu\AppData\Local\Android\sdk\platform-tools\adb.exe -P 5037 -s 3289911a0504 shell 'pgrep --help; echo $?''
[debug] &amp#27;[35m[ADB]&amp#27;[39m Running 'C:\Users\Himanshu\AppData\Local\Android\sdk\platform-tools\adb.exe -P 5037 -s 3289911a0504 shell pgrep -f \^io\\.appium\\.settings\$'
[debug] &amp#27;[35m[ADB]&amp#27;[39m Running 'C:\Users\Himanshu\AppData\Local\Android\sdk\platform-tools\adb.exe -P 5037 -s 3289911a0504 shell am start -W -n io.appium.settings/.Settings -a android.intent.action.MAIN -c android.intent.category.LAUNCHER -f 0x10200000'
&amp#27;[35m[AndroidDriver]&amp#27;[39m Failed to launch settings app: Cannot start the 'io.appium.settings' application. Visit https://github.com/appium/appium/blob/master/docs/en/writing-running-appium/android/activity-startup.md for troubleshooting. Original error: Activity name '.Settings' used to start the app doesn't exist or cannot be launched! Make sure it exists and is a launchable activity
[debug] &amp#27;[35m[ADB]&amp#27;[39m Running 'C:\Users\Himanshu\AppData\Local\Android\sdk\platform-tools\adb.exe -P 5037 -s 3289911a0504 shell appops set io.appium.settings android\:mock_location allow'
[debug] &amp#27;[35m[Logcat]&amp#27;[39m Starting logcat capture
[debug] &amp#27;[35m[ADB]&amp#27;[39m Getting install status for io.appium.uiautomator2.server
[debug] &amp#27;[35m[ADB]&amp#27;[39m Running 'C:\Users\Himanshu\AppData\Local\Android\sdk\platform-tools\adb.exe -P 5037 -s 3289911a0504 shell dumpsys package io.appium.uiautomator2.server'
[debug] &amp#27;[35m[ADB]&amp#27;[39m 'io.appium.uiautomator2.server' is installed
[debug] &amp#27;[35m[ADB]&amp#27;[39m Getting package info for 'io.appium.uiautomator2.server'
[debug] &amp#27;[35m[ADB]&amp#27;[39m Running 'C:\Users\Himanshu\AppData\Local\Android\sdk\platform-tools\adb.exe -P 5037 -s 3289911a0504 shell dumpsys package io.appium.uiautomator2.server'
[debug] &amp#27;[35m[ADB]&amp#27;[39m The version name of the installed 'io.appium.uiautomator2.server' is greater or equal to the application version name ('3.4.0' >= '3.4.0')
[debug] &amp#27;[35m[UiAutomator2]&amp#27;[39m io.appium.uiautomator2.server installation state: sameVersionInstalled
[debug] &amp#27;[35m[ADB]&amp#27;[39m Checking app cert for C:\Users\Himanshu\AppData\Roaming\npm\node_modules\appium\node_modules\appium-uiautomator2-server\apks\appium-uiautomator2-server-v3.4.0.apk
[debug] &amp#27;[35m[ADB]&amp#27;[39m Starting 'C:\Users\Himanshu\AppData\Local\Android\sdk\build-tools\28.0.3\apksigner.bat' with args '["verify","--print-certs","C:\\Users\\Himanshu\\AppData\\Roaming\\npm\\node_modules\\appium\\node_modules\\appium-uiautomator2-server\\apks\\appium-uiautomator2-server-v3.4.0.apk"]'
[debug] &amp#27;[35m[ADB]&amp#27;[39m apksigner stdout: Signer #1 certificate DN: EMAILADDRESS=android@android.com, CN=Android, OU=Android, O=Android, L=Mountain View, ST=California, C=US
[debug] &amp#27;[35m[ADB]&amp#27;[39m Signer #1 certificate SHA-256 digest: a40da80a59d170caa950cf15c18c454d47a39b26989d8b640ecd745ba71bf5dc
[...]
[debug] &amp#27;[35m[WD Proxy]&amp#27;[39m Proxying [POST /element] to [POST http://localhost:8201/wd/hub/session/16bda365-13a5-4bc6-8208-b39aa623704c/element] with body: {"strategy":"xpath","selector":"//android.widget.TextView[@text='3. Preference dependencies']","context":"","multiple":false}
[debug] &amp#27;[35m[WD Proxy]&amp#27;[39m Got response with status 200: {"sessionId":"16bda365-13a5-4bc6-8208-b39aa623704c","status":0,"value":{"ELEMENT":"703b823d-ec55-469b-b9b4-94284cf95e3d"}}
[debug] &amp#27;[35m[W3C (ed50c32f)]&amp#27;[39m Responding to client with driver.findElement() result: {"element-6066-11e4-a52e-4f735466cecf":"703b823d-ec55-469b-b9b4-94284cf95e3d","ELEMENT":"703b823d-ec55-469b-b9b4-94284cf95e3d"}
&amp#27;[35m[HTTP]&amp#27;[39m &amp#27;[37m<-- POST /wd/hub/session/ed50c32f-1ebb-46be-8b9c-56d2bc5615c5/element &amp#27;[39m&amp#27;[32m200&amp#27;[39m &amp#27;[90m1155 ms - 137&amp#27;[39m
&amp#27;[35m[HTTP]&amp#27;[39m &amp#27;[90m&amp#27;[39m
&amp#27;[35m[HTTP]&amp#27;[39m &amp#27;[37m-->&amp#27;[39m &amp#27;[37mPOST&amp#27;[39m &amp#27;[37m/wd/hub/session/ed50c32f-1ebb-46be-8b9c-56d2bc5615c5/element/703b823d-ec55-469b-b9b4-94284cf95e3d/click&amp#27;[39m
&amp#27;[35m[HTTP]&amp#27;[39m &amp#27;[90m{"id":"703b823d-ec55-469b-b9b4-94284cf95e3d"}&amp#27;[39m
[debug] &amp#27;[35m[W3C (ed50c32f)]&amp#27;[39m Calling AppiumDriver.click() with args: ["703b823d-ec55-469b-b9b4-94284cf95e3d","ed50c32f-1ebb-46be-8b9c-56d2bc5615c5"]
[debug] &amp#27;[35m[WD Proxy]&amp#27;[39m Matched '/element/703b823d-ec55-469b-b9b4-94284cf95e3d/click' to command name 'click'
[debug] &amp#27;[35m[WD Proxy]&amp#27;[39m Proxying [POST /element/703b823d-ec55-469b-b9b4-94284cf95e3d/click] to [POST http://localhost:8201/wd/hub/session/16bda365-13a5-4bc6-8208-b39aa623704c/element/703b823d-ec55-469b-b9b4-94284cf95e3d/click] with body: {"element":"703b823d-ec55-469b-b9b4-94284cf95e3d"}
[debug] &amp#27;[35m[WD Proxy]&amp#27;[39m Got response with status 200: {"sessionId":"16bda365-13a5-4bc6-8208-b39aa623704c","status":0,"value":true}
[debug] &amp#27;[35m[W3C (ed50c32f)]&amp#27;[39m Responding to client with driver.click() result: true
&amp#27;[35m[HTTP]&amp#27;[39m &amp#27;[37m<-- POST /wd/hub/session/ed50c32f-1ebb-46be-8b9c-56d2bc5615c5/element/703b823d-ec55-469b-b9b4-94284cf95e3d/click &amp#27;[39m&amp#27;[32m200&amp#27;[39m &amp#27;[90m915 ms - 14&amp#27;[39m
&amp#27;[35m[HTTP]&amp#27;[39m &amp#27;[90m&amp#27;[39m
User on pageObjects.Dependencies page
Locator Located by By.chained({By.id: android:id/checkbox})
&amp#27;[35m[HTTP]&amp#27;[39m &amp#27;[37m-->&amp#27;[39m &amp#27;[37mGET&amp#27;[39m &amp#27;[37m/wd/hub/session/ed50c32f-1ebb-46be-8b9c-56d2bc5615c5/context&amp#27;[39m
&amp#27;[35m[HTTP]&amp#27;[39m &amp#27;[90m{}&amp#27;[39m
[debug] &amp#27;[35m[W3C (ed50c32f)]&amp#27;[39m Calling AppiumDriver.getCurrentContext() with args: ["ed50c32f-1ebb-46be-8b9c-56d2bc5615c5"]
[debug] &amp#27;[35m[W3C (ed50c32f)]&amp#27;[39m Responding to client with driver.getCurrentContext() result: "NATIVE_APP"
&amp#27;[35m[HTTP]&amp#27;[39m &amp#27;[37m<-- GET /wd/hub/session/ed50c32f-1ebb-46be-8b9c-56d2bc5615c5/context &amp#27;[39m&amp#27;[32m200&amp#27;[39m &amp#27;[90m2 ms - 22&amp#27;[39m
&amp#27;[35m[HTTP]&amp#27;[39m &amp#27;[90m&amp#27;[39m
&amp#27;[35m[HTTP]&amp#27;[39m &amp#27;[37m-->&amp#27;[39m &amp#27;[37mPOST&amp#27;[39m &amp#27;[37m/wd/hub/session/ed50c32f-1ebb-46be-8b9c-56d2bc5615c5/element&amp#27;[39m
&amp#27;[35m[HTTP]&amp#27;[39m &amp#27;[90m{"using":"id","value":"android:id/checkbox"}&amp#27;[39m
[debug] &amp#27;[35m[W3C (ed50c32f)]&amp#27;[39m Calling AppiumDriver.findElement() with args: ["id","android:id/checkbox","ed50c32f-1ebb-46be-8b9c-56d2bc5615c5"]
[debug] &amp#27;[35m[BaseDriver]&amp#27;[39m Valid locator strategies for this request: xpath, id, class name, accessibility id, -android uiautomator
[debug] &amp#27;[35m[BaseDriver]&amp#27;[39m Waiting up to 10000 ms for condition
[debug] &amp#27;[35m[WD Proxy]&amp#27;[39m Matched '/element' to command name 'findElement'
[debug] &amp#27;[35m[WD Proxy]&amp#27;[39m Proxying [POST /element] to [POST http://localhost:8201/wd/hub/session/16bda365-13a5-4bc6-8208-b39aa623704c/element] with body: {"strategy":"id","selector":"android:id/checkbox","context":"","multiple":false}
[debug] &amp#27;[35m[WD Proxy]&amp#27;[39m Got response with status 200: {"sessionId":"16bda365-13a5-4bc6-8208-b39aa623704c","status":0,"value":{"ELEMENT":"46849075-b034-4ff3-aae9-21563870a9e4"}}
[debug] &amp#27;[35m[W3C (ed50c32f)]&amp#27;[39m Responding to client with driver.findElement() result: {"element-6066-11e4-a52e-4f735466cecf":"46849075-b034-4ff3-aae9-21563870a9e4","ELEMENT":"46849075-b034-4ff3-aae9-21563870a9e4"}
&amp#27;[35m[HTTP]&amp#27;[39m &amp#27;[37m<-- POST /wd/hub/session/ed50c32f-1ebb-46be-8b9c-56d2bc5615c5/element &amp#27;[39m&amp#27;[32m200&amp#27;[39m &amp#27;[90m78 ms - 137&amp#27;[39m
&amp#27;[35m[HTTP]&amp#27;[39m &amp#27;[90m&amp#27;[39m
&amp#27;[35m[HTTP]&amp#27;[39m &amp#27;[37m-->&amp#27;[39m &amp#27;[37mPOST&amp#27;[39m &amp#27;[37m/wd/hub/session/ed50c32f-1ebb-46be-8b9c-56d2bc5615c5/element/46849075-b034-4ff3-aae9-21563870a9e4/click&amp#27;[39m
&amp#27;[35m[HTTP]&amp#27;[39m &amp#27;[90m{"id":"46849075-b034-4ff3-aae9-21563870a9e4"}&amp#27;[39m
[debug] &amp#27;[35m[W3C (ed50c32f)]&amp#27;[39m Calling AppiumDriver.click() with args: ["46849075-b034-4ff3-aae9-21563870a9e4","ed50c32f-1ebb-46be-8b9c-56d2bc5615c5"]
[debug] &amp#27;[35m[WD Proxy]&amp#27;[39m Matched '/element/46849075-b034-4ff3-aae9-21563870a9e4/click' to command name 'click'
[debug] &amp#27;[35m[WD Proxy]&amp#27;[39m Proxying [POST /element/46849075-b034-4ff3-aae9-21563870a9e4/click] to [POST http://localhost:8201/wd/hub/session/16bda365-13a5-4bc6-8208-b39aa623704c/element/46849075-b034-4ff3-aae9-21563870a9e4/click] with body: {"element":"46849075-b034-4ff3-aae9-21563870a9e4"}
[debug] &amp#27;[35m[WD Proxy]&amp#27;[39m Got response with status 200: {"sessionId":"16bda365-13a5-4bc6-8208-b39aa623704c","status":0,"value":true}
[debug] &amp#27;[35m[W3C (ed50c32f)]&amp#27;[39m Responding to client with driver.click() result: true
&amp#27;[35m[HTTP]&amp#27;[39m &amp#27;[37m<-- POST /wd/hub/session/ed50c32f-1ebb-46be-8b9c-56d2bc5615c5/element/46849075-b034-4ff3-aae9-21563870a9e4/click &amp#27;[39m&amp#27;[32m200&amp#27;[39m &amp#27;[90m663 ms - 14&amp#27;[39m
&amp#27;[35m[HTTP]&amp#27;[39m &amp#27;[90m&amp#27;[39m
&amp#27;[35m[HTTP]&amp#27;[39m &amp#27;[37m-->&amp#27;[39m &amp#27;[37mGET&amp#27;[39m &amp#27;[37m/wd/hub/session/ed50c32f-1ebb-46be-8b9c-56d2bc5615c5/context&amp#27;[39m
&amp#27;[35m[HTTP]&amp#27;[39m &amp#27;[90m{}&amp#27;[39m
[debug] &amp#27;[35m[W3C (ed50c32f)]&amp#27;[39m Calling AppiumDriver.getCurrentContext() with args: ["ed50c32f-1ebb-46be-8b9c-56d2bc5615c5"]
[debug] &amp#27;[35m[W3C (ed50c32f)]&amp#27;[39m Responding to client with driver.getCurrentContext() result: "NATIVE_APP"
&amp#27;[35m[HTTP]&amp#27;[39m &amp#27;[37m<-- GET /wd/hub/session/ed50c32f-1ebb-46be-8b9c-56d2bc5615c5/context &amp#27;[39m&amp#27;[32m200&amp#27;[39m &amp#27;[90m2 ms - 22&amp#27;[39m
&amp#27;[35m[HTTP]&amp#27;[39m &amp#27;[90m&amp#27;[39m
&amp#27;[35m[HTTP]&amp#27;[39m &amp#27;[37m-->&amp#27;[39m &amp#27;[37mPOST&amp#27;[39m &amp#27;[37m/wd/hub/session/ed50c32f-1ebb-46be-8b9c-56d2bc5615c5/element&amp#27;[39m
&amp#27;[35m[HTTP]&amp#27;[39m &amp#27;[90m{"using":"xpath","value":"(//android.widget.RelativeLayout)[2]"}&amp#27;[39m
[debug] &amp#27;[35m[W3C (ed50c32f)]&amp#27;[39m Calling AppiumDriver.findElement() with args: ["xpath","(//android.widget.RelativeLayout)[2]","ed50c32f-1ebb-46be-8b9c-56d2bc5615c5"]
[debug] &amp#27;[35m[BaseDriver]&amp#27;[39m Valid locator strategies for this request: xpath, id, class name, accessibility id, -android uiautomator
[debug] &amp#27;[35m[BaseDriver]&amp#27;[39m Waiting up to 10000 ms for condition
[debug] &amp#27;[35m[WD Proxy]&amp#27;[39m Matched '/element' to command name 'findElement'
[debug] &amp#27;[35m[WD Proxy]&amp#27;[39m Proxying [POST /element] to [POST http://localhost:8201/wd/hub/session/16bda365-13a5-4bc6-8208-b39aa623704c/element] with body: {"strategy":"xpath","selector":"(//android.widget.RelativeLayout)[2]","context":"","multiple":false}
[debug] &amp#27;[35m[WD Proxy]&amp#27;[39m Got response with status 200: {"sessionId":"16bda365-13a5-4bc6-8208-b39aa623704c","status":0,"value":{"ELEMENT":"8ffbcd10-8d35-43cf-bd56-f177b9af1a3b"}}
[debug] &amp#27;[35m[W3C (ed50c32f)]&amp#27;[39m Responding to client with driver.findElement() result: {"element-6066-11e4-a52e-4f735466cecf":"8ffbcd10-8d35-43cf-bd56-f177b9af1a3b","ELEMENT":"8ffbcd10-8d35-43cf-bd56-f177b9af1a3b"}
&amp#27;[35m[HTTP]&amp#27;[39m &amp#27;[37m<-- POST /wd/hub/session/ed50c32f-1ebb-46be-8b9c-56d2bc5615c5/element &amp#27;[39m&amp#27;[32m200&amp#27;[39m &amp#27;[90m196 ms - 137&amp#27;[39m
&amp#27;[35m[HTTP]&amp#27;[39m &amp#27;[90m&amp#27;[39m
&amp#27;[35m[HTTP]&amp#27;[39m &amp#27;[37m-->&amp#27;[39m &amp#27;[37mPOST&amp#27;[39m &amp#27;[37m/wd/hub/session/ed50c32f-1ebb-46be-8b9c-56d2bc5615c5/element/8ffbcd10-8d35-43cf-bd56-f177b9af1a3b/click&amp#27;[39m
&amp#27;[35m[HTTP]&amp#27;[39m &amp#27;[90m{"id":"8ffbcd10-8d35-43cf-bd56-f177b9af1a3b"}&amp#27;[39m
[debug] &amp#27;[35m[W3C (ed50c32f)]&amp#27;[39m Calling AppiumDriver.click() with args: ["8ffbcd10-8d35-43cf-bd56-f177b9af1a3b","ed50c32f-1ebb-46be-8b9c-56d2bc5615c5"]
[debug] &amp#27;[35m[WD Proxy]&amp#27;[39m Matched '/element/8ffbcd10-8d35-43cf-bd56-f177b9af1a3b/click' to command name 'click'
[debug] &amp#27;[35m[WD Proxy]&amp#27;[39m Proxying [POST /element/8ffbcd10-8d35-43cf-bd56-f177b9af1a3b/click] to [POST http://localhost:8201/wd/hub/session/16bda365-13a5-4bc6-8208-b39aa623704c/element/8ffbcd10-8d35-43cf-bd56-f177b9af1a3b/click] with body: {"element":"8ffbcd10-8d35-43cf-bd56-f177b9af1a3b"}
[debug] &amp#27;[35m[WD Proxy]&amp#27;[39m Got response with status 200: {"sessionId":"16bda365-13a5-4bc6-8208-b39aa623704c","status":0,"value":true}
[debug] &amp#27;[35m[W3C (ed50c32f)]&amp#27;[39m Responding to client with driver.click() result: true
&amp#27;[35m[HTTP]&amp#27;[39m &amp#27;[37m<-- POST /wd/hub/session/ed50c32f-1ebb-46be-8b9c-56d2bc5615c5/element/8ffbcd10-8d35-43cf-bd56-f177b9af1a3b/click &amp#27;[39m&amp#27;[32m200&amp#27;[39m &amp#27;[90m1697 ms - 14&amp#27;[39m
&amp#27;[35m[HTTP]&amp#27;[39m &amp#27;[90m&amp#27;[39m
&amp#27;[35m[HTTP]&amp#27;[39m &amp#27;[37m-->&amp#27;[39m &amp#27;[37mGET&amp#27;[39m &amp#27;[37m/wd/hub/session/ed50c32f-1ebb-46be-8b9c-56d2bc5615c5/context&amp#27;[39m
&amp#27;[35m[HTTP]&amp#27;[39m &amp#27;[90m{}&amp#27;[39m
[debug] &amp#27;[35m[W3C (ed50c32f)]&amp#27;[39m Calling AppiumDriver.getCurrentContext() with args: ["ed50c32f-1ebb-46be-8b9c-56d2bc5615c5"]
[debug] &amp#27;[35m[W3C (ed50c32f)]&amp#27;[39m Responding to client with driver.getCurrentContext() result: "NATIVE_APP"
&amp#27;[35m[HTTP]&amp#27;[39m &amp#27;[37m<-- GET /wd/hub/session/ed50c32f-1ebb-46be-8b9c-56d2bc5615c5/context &amp#27;[39m&amp#27;[32m200&amp#27;[39m &amp#27;[90m2 ms - 22&amp#27;[39m
&amp#27;[35m[HTTP]&amp#27;[39m &amp#27;[90m&amp#27;[39m
&amp#27;[35m[HTTP]&amp#27;[39m &amp#27;[37m-->&amp#27;[39m &amp#27;[37mPOST&amp#27;[39m &amp#27;[37m/wd/hub/session/ed50c32f-1ebb-46be-8b9c-56d2bc5615c5/element&amp#27;[39m
&amp#27;[35m[HTTP]&amp#27;[39m &amp#27;[90m{"using":"class name","value":"android.widget.EditText"}&amp#27;[39m
[debug] &amp#27;[35m[W3C (ed50c32f)]&amp#27;[39m Calling AppiumDriver.findElement() with args: ["class name","android.widget.EditText","ed50c32f-1ebb-46be-8b9c-56d2bc5615c5"]
[debug] &amp#27;[35m[BaseDriver]&amp#27;[39m Valid locator strategies for this request: xpath, id, class name, accessibility id, -android uiautomator
[debug] &amp#27;[35m[BaseDriver]&amp#27;[39m Waiting up to 10000 ms for condition
[debug] &amp#27;[35m[WD Proxy]&amp#27;[39m Matched '/element' to command name 'findElement'
[debug] &amp#27;[35m[WD Proxy]&amp#27;[39m Proxying [POST /element] to [POST http://localhost:8201/wd/hub/session/16bda365-13a5-4bc6-8208-b39aa623704c/element] with body: {"strategy":"class name","selector":"android.widget.EditText","context":"","multiple":false}
[debug] &amp#27;[35m[WD Proxy]&amp#27;[39m Got response with status 200: {"sessionId":"16bda365-13a5-4bc6-8208-b39aa623704c","status":0,"value":{"ELEMENT":"fe65de48-5ac2-47dc-a29f-21b6fa624919"}}
[debug] &amp#27;[35m[W3C (ed50c32f)]&amp#27;[39m Responding to client with driver.findElement() result: {"element-6066-11e4-a52e-4f735466cecf":"fe65de48-5ac2-47dc-a29f-21b6fa624919","ELEMENT":"fe65de48-5ac2-47dc-a29f-21b6fa624919"}
&amp#27;[35m[HTTP]&amp#27;[39m &amp#27;[37m<-- POST /wd/hub/session/ed50c32f-1ebb-46be-8b9c-56d2bc5615c5/element &amp#27;[39m&amp#27;[32m200&amp#27;[39m &amp#27;[90m63 ms - 137&amp#27;[39m
&amp#27;[35m[HTTP]&amp#27;[39m &amp#27;[90m&amp#27;[39m
&amp#27;[35m[HTTP]&amp#27;[39m &amp#27;[37m-->&amp#27;[39m &amp#27;[37mPOST&amp#27;[39m &amp#27;[37m/wd/hub/session/ed50c32f-1ebb-46be-8b9c-56d2bc5615c5/element/fe65de48-5ac2-47dc-a29f-21b6fa624919/value&amp#27;[39m
&amp#27;[35m[HTTP]&amp#27;[39m &amp#27;[90m{"id":"fe65de48-5ac2-47dc-a29f-21b6fa624919","text":"hello1","value":["h","e","l","l","o","1"]}&amp#27;[39m
[debug] &amp#27;[35m[W3C (ed50c32f)]&amp#27;[39m Calling AppiumDriver.setValue() with args: [["h","e","l","l","o","1"],"fe65de48-5ac2-47dc-a29f-21b6fa624919","ed50c32f-1ebb-46be-8b9c-56d2bc5615c5"]
[debug] &amp#27;[35m[WD Proxy]&amp#27;[39m Matched '/element/fe65de48-5ac2-47dc-a29f-21b6fa624919/value' to command name 'setValue'
[debug] &amp#27;[35m[Protocol Converter]&amp#27;[39m Added 'value' property ["h","e","l","l","o","1"] to 'setValue' request body
[debug] &amp#27;[35m[WD Proxy]&amp#27;[39m Proxying [POST /element/fe65de48-5ac2-47dc-a29f-21b6fa624919/value] to [POST http://localhost:8201/wd/hub/session/16bda365-13a5-4bc6-8208-b39aa623704c/element/fe65de48-5ac2-47dc-a29f-21b6fa624919/value] with body: {"elementId":"fe65de48-5ac2-47dc-a29f-21b6fa624919","text":"hello1","replace":false,"value":["h","e","l","l","o","1"]}
[debug] &amp#27;[35m[WD Proxy]&amp#27;[39m Got response with status 200: {"sessionId":"16bda365-13a5-4bc6-8208-b39aa623704c","status":0,"value":""}
[debug] &amp#27;[35m[W3C (ed50c32f)]&amp#27;[39m Responding to client with driver.setValue() result: ""
&amp#27;[35m[HTTP]&amp#27;[39m &amp#27;[37m<-- POST /wd/hub/session/ed50c32f-1ebb-46be-8b9c-56d2bc5615c5/element/fe65de48-5ac2-47dc-a29f-21b6fa624919/value &amp#27;[39m&amp#27;[32m200&amp#27;[39m &amp#27;[90m161 ms - 12&amp#27;[39m
&amp#27;[35m[HTTP]&amp#27;[39m &amp#27;[90m&amp#27;[39m
&amp#27;[35m[HTTP]&amp#27;[39m &amp#27;[37m-->&amp#27;[39m &amp#27;[37mGET&amp#27;[39m &amp#27;[37m/wd/hub/session/ed50c32f-1ebb-46be-8b9c-56d2bc5615c5/context&amp#27;[39m
&amp#27;[35m[HTTP]&amp#27;[39m &amp#27;[90m{}&amp#27;[39m
[debug] &amp#27;[35m[W3C (ed50c32f)]&amp#27;[39m Calling AppiumDriver.getCurrentContext() with args: ["ed50c32f-1ebb-46be-8b9c-56d2bc5615c5"]
[debug] &amp#27;[35m[W3C (ed50c32f)]&amp#27;[39m Responding to client with driver.getCurrentContext() result: "NATIVE_APP"
&amp#27;[35m[HTTP]&amp#27;[39m &amp#27;[37m<-- GET /wd/hub/session/ed50c32f-1ebb-46be-8b9c-56d2bc5615c5/context &amp#27;[39m&amp#27;[32m200&amp#27;[39m &amp#27;[90m2 ms - 22&amp#27;[39m
&amp#27;[35m[HTTP]&amp#27;[39m &amp#27;[90m&amp#27;[39m
&amp#27;[35m[HTTP]&amp#27;[39m &amp#27;[37m-->&amp#27;[39m &amp#27;[37mPOST&amp#27;[39m &amp#27;[37m/wd/hub/session/ed50c32f-1ebb-46be-8b9c-56d2bc5615c5/elements&amp#27;[39m
&amp#27;[35m[HTTP]&amp#27;[39m &amp#27;[90m{"using":"class name","value":"android.widget.Button"}&amp#27;[39m
[debug] &amp#27;[35m[W3C (ed50c32f)]&amp#27;[39m Calling AppiumDriver.findElements() with args: ["class name","android.widget.Button","ed50c32f-1ebb-46be-8b9c-56d2bc5615c5"]
[debug] &amp#27;[35m[BaseDriver]&amp#27;[39m Valid locator strategies for this request: xpath, id, class name, accessibility id, -android uiautomator
[debug] &amp#27;[35m[BaseDriver]&amp#27;[39m Waiting up to 10000 ms for condition
[debug] &amp#27;[35m[WD Proxy]&amp#27;[39m Matched '/elements' to command name 'findElements'
[debug] &amp#27;[35m[WD Proxy]&amp#27;[39m Proxying [POST /elements] to [POST http://localhost:8201/wd/hub/session/16bda365-13a5-4bc6-8208-b39aa623704c/elements] with body: {"strategy":"class name","selector":"android.widget.Button","context":"","multiple":true}
[debug] &amp#27;[35m[WD Proxy]&amp#27;[39m Got response with status 200: {"sessionId":"16bda365-13a5-4bc6-8208-b39aa623704c","status":0,"value":[{"ELEMENT":"ffac61a6-1db6-4b8b-a0df-62434e4b5b5f"},{"ELEMENT":"5a960fee-87a1-47e2-b69e-3ada7f1c6a83"}]}
[debug] &amp#27;[35m[W3C (ed50c32f)]&amp#27;[39m Responding to client with driver.findElements() result: [{"element-6066-11e4-a52e-4f735466cecf":"ffac61a6-1db6-4b8b-a0df-62434e4b5b5f","ELEMENT":"ffac61a6-1db6-4b8b-a0df-62434e4b5b5f"},{"element-6066-11e4-a52e-4f735466cecf":"5a960fee-87a1-47e2-b69e-3ada7f1c6a83","ELEMENT":"5a960fee-87a1-47e2-b69e-3ada7f1c6a83"}]
&amp#27;[35m[HTTP]&amp#27;[39m &amp#27;[37m<-- POST /wd/hub/session/ed50c32f-1ebb-46be-8b9c-56d2bc5615c5/elements &amp#27;[39m&amp#27;[32m200&amp#27;[39m &amp#27;[90m985 ms - 267&amp#27;[39m
&amp#27;[35m[HTTP]&amp#27;[39m &amp#27;[90m&amp#27;[39m
&amp#27;[35m[HTTP]&amp#27;[39m &amp#27;[37m-->&amp#27;[39m &amp#27;[37mPOST&amp#27;[39m &amp#27;[37m/wd/hub/session/ed50c32f-1ebb-46be-8b9c-56d2bc5615c5/element/5a960fee-87a1-47e2-b69e-3ada7f1c6a83/click&amp#27;[39m
&amp#27;[35m[HTTP]&amp#27;[39m &amp#27;[90m{"id":"5a960fee-87a1-47e2-b69e-3ada7f1c6a83"}&amp#27;[39m
[debug] &amp#27;[35m[W3C (ed50c32f)]&amp#27;[39m Calling AppiumDriver.click() with args: ["5a960fee-87a1-47e2-b69e-3ada7f1c6a83","ed50c32f-1ebb-46be-8b9c-56d2bc5615c5"]
[debug] &amp#27;[35m[WD Proxy]&amp#27;[39m Matched '/element/5a960fee-87a1-47e2-b69e-3ada7f1c6a83/click' to command name 'click'
[debug] &amp#27;[35m[WD Proxy]&amp#27;[39m Proxying [POST /element/5a960fee-87a1-47e2-b69e-3ada7f1c6a83/click] to [POST http://localhost:8201/wd/hub/session/16bda365-13a5-4bc6-8208-b39aa623704c/element/5a960fee-87a1-47e2-b69e-3ada7f1c6a83/click] with body: {"element":"5a960fee-87a1-47e2-b69e-3ada7f1c6a83"}
[debug] &amp#27;[35m[WD Proxy]&amp#27;[39m Got response with status 200: {"sessionId":"16bda365-13a5-4bc6-8208-b39aa623704c","status":0,"value":true}
[debug] &amp#27;[35m[W3C (ed50c32f)]&amp#27;[39m Responding to client with driver.click() result: true
&amp#27;[35m[HTTP]&amp#27;[39m &amp#27;[37m<-- POST /wd/hub/session/ed50c32f-1ebb-46be-8b9c-56d2bc5615c5/element/5a960fee-87a1-47e2-b69e-3ada7f1c6a83/click &amp#27;[39m&amp#27;[32m200&amp#27;[39m &amp#27;[90m55 ms - 14&amp#27;[39m
&amp#27;[35m[HTTP]&amp#27;[39m &amp#27;[90m&amp#27;[39m
&amp#27;[35m[HTTP]&amp#27;[39m &amp#27;[37m-->&amp#27;[39m &amp#27;[37mPOST&amp#27;[39m &amp#27;[37m/wd/hub/session/ed50c32f-1ebb-46be-8b9c-56d2bc5615c5/appium/app/close&amp#27;[39m
&amp#27;[35m[HTTP]&amp#27;[39m &amp#27;[90m{}&amp#27;[39m
[debug] &amp#27;[35m[W3C (ed50c32f)]&amp#27;[39m Calling AppiumDriver.closeApp() with args: ["ed50c32f-1ebb-46be-8b9c-56d2bc5615c5"]
[debug] &amp#27;[35m[ADB]&amp#27;[39m Running 'C:\Users\Himanshu\AppData\Local\Android\sdk\platform-tools\adb.exe -P 5037 -s 3289911a0504 shell am force-stop io.appium.android.apis'
[debug] &amp#27;[35m[W3C (ed50c32f)]&amp#27;[39m Responding to client with driver.closeApp() result: null
&amp#27;[35m[HTTP]&amp#27;[39m &amp#27;[37m<-- POST /wd/hub/session/ed50c32f-1ebb-46be-8b9c-56d2bc5615c5/appium/app/close &amp#27;[39m&amp#27;[32m200&amp#27;[39m &amp#27;[90m201 ms - 14&amp#27;[39m
&amp#27;[35m[HTTP]&amp#27;[39m &amp#27;[90m&amp#27;[39m
Passed
]]></system-out>
    <system-err><![CDATA[Jun 22, 2020 4:39:46 AM io.appium.java_client.remote.AppiumCommandExecutor$1 lambda$0
INFO: Detected dialect: W3C
]]></system-err>
  </testcase>
</testsuite>