<?xml version="1.0" encoding="UTF-8"?>
<testsuite xmlns:xsi="http://www.w3.org/2001/XMLSchema-instance" xsi:noNamespaceSchemaLocation="https://maven.apache.org/surefire/maven-surefire-plugin/xsd/surefire-test-report-3.0.xsd" version="3.0" name="TestSuite" time="365.77" tests="2" errors="0" skipped="0" failures="1">
  <properties>
[...]
</properties>
  <testcase name="totolValidation" classname="practice.AppiumFrameWork.Ecommerce_TC_4" time="207.063">
    <failure message="Index: 0, Size: 0" type="java.lang.IndexOutOfBoundsException"><![CDATA[java.lang.IndexOutOfBoundsException: Index: 0, Size: 0
	at practice.AppiumFrameWork.Ecommerce_TC_4.totolValidation(Ecommerce_TC_4.java:62)
]]></failure>
    <system-out><![CDATA[&amp#27;[35m[Appium]&amp#27;[39m Welcome to Appium v1.12.1
&amp#27;[35m[Appium]&amp#27;[39m Appium REST http interface listener started on 0.0.0.0:4723
&amp#27;[35m[HTTP]&amp#27;[39m &amp#27;[37m-->&amp#27;[39m &amp#27;[37mGET&amp#27;[39m &amp#27;[37m/wd/hub/status&amp#27;[39m
&amp#27;[35m[HTTP]&amp#27;[39m &amp#27;[90m{}&amp#27;[39m
[debug] &amp#27;[35m[GENERIC]&amp#27;[39m Calling AppiumDriver.getStatus() with args: []
[debug] &amp#27;[35m[GENERIC]&amp#27;[39m Responding to client with driver.getStatus() result: {"build":{"version":"1.12.1"}}
&amp#27;[35m[HTTP]&amp#27;[39m &amp#27;[37m<-- GET /wd/hub/status &amp#27;[39m&amp#27;[32m200&amp#27;[39m &amp#27;[90m7 ms - 68&amp#27;[39m
&amp#27;[35m[HTTP]&amp#27;[39m &amp#27;[90m&amp#27;[39m
&amp#27;[35m[HTTP]&amp#27;[39m &amp#27;[37m-->&amp#27;[39m &amp#27;[37mPOST&amp#27;[39m &amp#27;[37m/wd/hub/session&amp#27;[39m
&amp#27;[35m[HTTP]&amp#27;[39m &amp#27;[90m{"desiredCapabilities":{"app":"C:\\Users\\Himanshu\\eclipse-workspace\\AppiumFrameWork\\src\\General-Store.apk","automationName":"uiautomator2","platformName":"Android","deviceName":"Andriod Device","newCommandTimeout":14},"capabilities":{"firstMatch":[{"appium:app":"C:\\Users\\Himanshu\\eclipse-workspace\\AppiumFrameWork\\src\\General-Store.apk","appium:automationName":"uiautomator2","appium:deviceName":"Andriod Device","appium:newCommandTimeout":14,"platformName":"android"}]}}&amp#27;[39m
[debug] &amp#27;[35m[W3C]&amp#27;[39m Calling AppiumDriver.createSession() with args: [{"app":"C:\\Users\\Himanshu\\eclipse-workspace\\AppiumFrameWork\\src\\General-Store.apk","automationName":"uiautomator2","platformName":"Android","deviceName":"Andriod Device","newCommandTimeout":14},null,{"firstMatch":[{"appium:app":"C:\\Users\\Himanshu\\eclipse-workspace\\AppiumFrameWork\\src\\General-Store.apk","appium:automationName":"uiautomator2","appium:deviceName":"Andriod Device","appium:newCommandTimeout":14,"platformName":"android"}]}]
[debug] &amp#27;[35m[BaseDriver]&amp#27;[39m Event 'newSessionRequested' logged at 1592776490441 (03:24:50 GMT+0530 (India Standard Time))
&amp#27;[35m[Appium]&amp#27;[39m Appium v1.12.1 creating new AndroidUiautomator2Driver (v1.33.0) session
&amp#27;[35m[Appium]&amp#27;[39m Capabilities:
&amp#27;[35m[Appium]&amp#27;[39m   platformName: android
&amp#27;[35m[Appium]&amp#27;[39m   app: C:\Users\Himanshu\eclipse-workspace\AppiumFrameWork\src\General-Store.apk
&amp#27;[35m[Appium]&amp#27;[39m   automationName: uiautomator2
&amp#27;[35m[Appium]&amp#27;[39m   deviceName: Andriod Device
&amp#27;[35m[Appium]&amp#27;[39m   newCommandTimeout: 14
[debug] &amp#27;[35m[BaseDriver]&amp#27;[39m W3C capabilities {"alwaysMatch":{"platformNa... and MJSONWP desired capabilities {"app":"C:\\Users\\Himanshu... were provided
[debug] &amp#27;[35m[BaseDriver]&amp#27;[39m Creating session with W3C capabilities: {"alwaysMatch":{"platformNa...
&amp#27;[35m[BaseDriver]&amp#27;[39m Session created with session id: 14a97193-21fa-43b0-8054-314686ab4828
&amp#27;[35m[BaseDriver]&amp#27;[39m Using local app 'C:\Users\Himanshu\eclipse-workspace\AppiumFrameWork\src\General-Store.apk'
[debug] &amp#27;[35m[UiAutomator2]&amp#27;[39m Checking whether app is actually present
&amp#27;[35m[ADB]&amp#27;[39m Checking whether adb is present
&amp#27;[35m[ADB]&amp#27;[39m Found 1 'build-tools' folders under 'C:\Users\Himanshu\AppData\Local\Android\sdk' (newest first):
&amp#27;[35m[ADB]&amp#27;[39m     C:/Users/Himanshu/AppData/Local/Android/sdk/build-tools/28.0.3
&amp#27;[35m[ADB]&amp#27;[39m Using adb.exe from C:\Users\Himanshu\AppData\Local\Android\sdk\platform-tools\adb.exe
&amp#27;[35m[AndroidDriver]&amp#27;[39m Retrieving device list
[debug] &amp#27;[35m[ADB]&amp#27;[39m Trying to find a connected android device
[debug] &amp#27;[35m[ADB]&amp#27;[39m Getting connected devices...
[debug] &amp#27;[35m[ADB]&amp#27;[39m 1 device(s) connected
&amp#27;[35m[AndroidDriver]&amp#27;[39m Using device: 3289911a0504
[debug] &amp#27;[35m[ADB]&amp#27;[39m Setting device id to 3289911a0504
[debug] &amp#27;[35m[ADB]&amp#27;[39m Running 'C:\Users\Himanshu\AppData\Local\Android\sdk\platform-tools\adb.exe -P 5037 -s 3289911a0504 shell getprop ro.build.version.sdk'
[debug] &amp#27;[35m[ADB]&amp#27;[39m Current device property 'ro.build.version.sdk': 28
[debug] &amp#27;[35m[ADB]&amp#27;[39m Device API level: 28
&amp#27;[35m[UiAutomator2]&amp#27;[39m Relaxing hidden api policy
[debug] &amp#27;[35m[ADB]&amp#27;[39m Running 'C:\Users\Himanshu\AppData\Local\Android\sdk\platform-tools\adb.exe -P 5037 -s 3289911a0504 shell settings put global hidden_api_policy_pre_p_apps 1'
[debug] &amp#27;[35m[ADB]&amp#27;[39m Running 'C:\Users\Himanshu\AppData\Local\Android\sdk\platform-tools\adb.exe -P 5037 -s 3289911a0504 shell settings put global hidden_api_policy_p_apps 1'
[debug] &amp#27;[35m[ADB]&amp#27;[39m Running 'C:\Users\Himanshu\AppData\Local\Android\sdk\platform-tools\adb.exe -P 5037 -s 3289911a0504 shell settings put global hidden_api_policy 1'
[debug] &amp#27;[35m[AndroidDriver]&amp#27;[39m Parsing package and activity from app manifest
&amp#27;[35m[ADB]&amp#27;[39m Using the alternative activity name detection method because of: Could not find apkanalyzer.bat in C:\Users\Himanshu\AppData\Local\Android\sdk\platform-tools\apkanalyzer.bat,C:\Users\Himanshu\AppData\Local\Android\sdk\emulator\apkanalyzer.bat,C:\Users\Himanshu\AppData\Local\Android\sdk\tools\apkanalyzer.bat,C:\Users\Himanshu\AppData\Local\Android\sdk\tools\bin\apkanalyzer.bat,C:\Users\Himanshu\AppData\Local\Android\sdk\build-tools\28.0.3\apkanalyzer.bat. Do you have the Android SDK installed at 'C:\Users\Himanshu\AppData\Local\Android\sdk'?
&amp#27;[35m[ADB]&amp#27;[39m Checking whether aapt is present
&amp#27;[35m[ADB]&amp#27;[39m Using aapt.exe from C:\Users\Himanshu\AppData\Local\Android\sdk\build-tools\28.0.3\aapt.exe
&amp#27;[35m[ADB]&amp#27;[39m Extracting package and launch activity from manifest
&amp#27;[35m[ADB]&amp#27;[39m Package name: 'com.androidsample.generalstore'
&amp#27;[35m[ADB]&amp#27;[39m Main activity name: 'com.androidsample.generalstore.SplashActivity'
[debug] &amp#27;[35m[AndroidDriver]&amp#27;[39m Parsed package and activity are: com.androidsample.generalstore/com.androidsample.generalstore.SplashActivity
[debug] &amp#27;[35m[ADB]&amp#27;[39m Running 'C:\Users\Himanshu\AppData\Local\Android\sdk\platform-tools\adb.exe -P 5037 -s 3289911a0504 wait-for-device'
[debug] &amp#27;[35m[ADB]&amp#27;[39m Running 'C:\Users\Himanshu\AppData\Local\Android\sdk\platform-tools\adb.exe -P 5037 -s 3289911a0504 shell echo ping'
[debug] &amp#27;[35m[AndroidDriver]&amp#27;[39m Pushing settings apk to device...
[debug] &amp#27;[35m[ADB]&amp#27;[39m Getting install status for io.appium.settings
[debug] &amp#27;[35m[ADB]&amp#27;[39m Running 'C:\Users\Himanshu\AppData\Local\Android\sdk\platform-tools\adb.exe -P 5037 -s 3289911a0504 shell dumpsys package io.appium.settings'
[debug] &amp#27;[35m[ADB]&amp#27;[39m 'io.appium.settings' is installed
[debug] &amp#27;[35m[ADB]&amp#27;[39m Getting package info for 'io.appium.settings'
[debug] &amp#27;[35m[ADB]&amp#27;[39m Running 'C:\Users\Himanshu\AppData\Local\Android\sdk\platform-tools\adb.exe -P 5037 -s 3289911a0504 shell dumpsys package io.appium.settings'
[debug] &amp#27;[35m[ADB]&amp#27;[39m The version name of the installed 'io.appium.settings' is greater or equal to the application version name ('2.14.0' >= '2.14.0')
[debug] &amp#27;[35m[ADB]&amp#27;[39m There is no need to install/upgrade 'C:\Users\Himanshu\AppData\Roaming\npm\node_modules\appium\node_modules\io.appium.settings\apks\settings_apk-debug.apk'
[debug] &amp#27;[35m[ADB]&amp#27;[39m Getting IDs of all 'io.appium.settings' processes
[debug] &amp#27;[35m[ADB]&amp#27;[39m Running 'C:\Users\Himanshu\AppData\Local\Android\sdk\platform-tools\adb.exe -P 5037 -s 3289911a0504 shell 'pgrep --help; echo $?''
[debug] &amp#27;[35m[ADB]&amp#27;[39m Running 'C:\Users\Himanshu\AppData\Local\Android\sdk\platform-tools\adb.exe -P 5037 -s 3289911a0504 shell pgrep -f \^io\\.appium\\.settings\$'
[debug] &amp#27;[35m[ADB]&amp#27;[39m Running 'C:\Users\Himanshu\AppData\Local\Android\sdk\platform-tools\adb.exe -P 5037 -s 3289911a0504 shell am start -W -n io.appium.settings/.Settings -a android.intent.action.MAIN -c android.intent.category.LAUNCHER -f 0x10200000'
&amp#27;[35m[AndroidDriver]&amp#27;[39m Failed to launch settings app: Cannot start the 'io.appium.settings' application. Visit https://github.com/appium/appium/blob/master/docs/en/writing-running-appium/android/activity-startup.md for troubleshooting. Original error: Activity name '.Settings' used to start the app doesn't exist or cannot be launched! Make sure it exists and is a launchable activity
[debug] &amp#27;[35m[ADB]&amp#27;[39m Running 'C:\Users\Himanshu\AppData\Local\Android\sdk\platform-tools\adb.exe -P 5037 -s 3289911a0504 shell appops set io.appium.settings android\:mock_location allow'
[debug] &amp#27;[35m[Logcat]&amp#27;[39m Starting logcat capture
[debug] &amp#27;[35m[ADB]&amp#27;[39m Getting install status for io.appium.uiautomator2.server
[debug] &amp#27;[35m[ADB]&amp#27;[39m Running 'C:\Users\Himanshu\AppData\Local\Android\sdk\platform-tools\adb.exe -P 5037 -s 3289911a0504 shell dumpsys package io.appium.uiautomator2.server'
[debug] &amp#27;[35m[ADB]&amp#27;[39m 'io.appium.uiautomator2.server' is installed
[debug] &amp#27;[35m[ADB]&amp#27;[39m Getting package info for 'io.appium.uiautomator2.server'
[debug] &amp#27;[35m[ADB]&amp#27;[39m Running 'C:\Users\Himanshu\AppData\Local\Android\sdk\platform-tools\adb.exe -P 5037 -s 3289911a0504 shell dumpsys package io.appium.uiautomator2.server'
[debug] &amp#27;[35m[ADB]&amp#27;[39m The version name of the installed 'io.appium.uiautomator2.server' is greater or equal to the application version name ('3.4.0' >= '3.4.0')
[debug] &amp#27;[35m[UiAutomator2]&amp#27;[39m io.appium.uiautomator2.server installation state: sameVersionInstalled
[debug] &amp#27;[35m[ADB]&amp#27;[39m Checking app cert for C:\Users\Himanshu\AppData\Roaming\npm\node_modules\appium\node_modules\appium-uiautomator2-server\apks\appium-uiautomator2-server-v3.4.0.apk
&amp#27;[35m[ADB]&amp#27;[39m Using apksigner.bat from C:\Users\Himanshu\AppData\Local\Android\sdk\build-tools\28.0.3\apksigner.bat
[debug] &amp#27;[35m[ADB]&amp#27;[39m Starting 'C:\Users\Himanshu\AppData\Local\Android\sdk\build-tools\28.0.3\apksigner.bat' with args '["verify","--print-certs","C:\\Users\\Himanshu\\AppData\\Roaming\\npm\\node_modules\\appium\\node_modules\\appium-uiautomator2-server\\apks\\appium-uiautomator2-server-v3.4.0.apk"]'
[debug] &amp#27;[35m[ADB]&amp#27;[39m apksigner stdout: Signer #1 certificate DN: EMAILADDRESS=android@android.com, CN=Android, OU=Android, O=Android, L=Mountain View, ST=California, C=US
[debug] &amp#27;[35m[ADB]&amp#27;[39m Signer #1 certificate SHA-256 digest: a40da80a59d170caa950cf15c18c454d47a39b26989d8b640ecd745ba71bf5dc
[debug] &amp#27;[35m[ADB]&amp#27;[39m Signer #1 certificate SHA-1 digest: 61ed377e85d386a8dfee6b864bd85b0bfaa5af81
[debug] &amp#27;[35m[ADB]&amp#27;[39m Signer #1 certificate MD5 digest: e89b158e4bcf988ebd09eb83f5378e87
[debug] &amp#27;[35m[ADB]&amp#27;[39m 
[debug] &amp#27;[35m[ADB]&amp#27;[39m 'C:\Users\Himanshu\AppData\Roaming\npm\node_modules\appium\node_modules\appium-uiautomator2-server\apks\appium-uiautomator2-server-v3.4.0.apk' is already signed.
[debug] &amp#27;[35m[ADB]&amp#27;[39m Getting install status for io.appium.uiautomator2.server.test
[debug] &amp#27;[35m[ADB]&amp#27;[39m Running 'C:\Users\Himanshu\AppData\Local\Android\sdk\platform-tools\adb.exe -P 5037 -s 3289911a0504 shell dumpsys package io.appium.uiautomator2.server.test'
[debug] &amp#27;[35m[ADB]&amp#27;[39m 'io.appium.uiautomator2.server.test' is installed
[debug] &amp#27;[35m[ADB]&amp#27;[39m Checking app cert for C:\Users\Himanshu\AppData\Roaming\npm\node_modules\appium\node_modules\appium-uiautomator2-server\apks\appium-uiautomator2-server-debug-androidTest.apk
[debug] &amp#27;[35m[ADB]&amp#27;[39m Starting 'C:\Users\Himanshu\AppData\Local\Android\sdk\build-tools\28.0.3\apksigner.bat' with args '["verify","--print-certs","C:\\Users\\Himanshu\\AppData\\Roaming\\npm\\node_modules\\appium\\node_modules\\appium-uiautomator2-server\\apks\\appium-uiautomator2-server-debug-androidTest.apk"]'
[debug] &amp#27;[35m[ADB]&amp#27;[39m apksigner stdout: Signer #1 certificate DN: EMAILADDRESS=android@android.com, CN=Android, OU=Android, O=Android, L=Mountain View, ST=California, C=US
[debug] &amp#27;[35m[ADB]&amp#27;[39m Signer #1 certificate SHA-256 digest: a40da80a59d170caa950cf15c18c454d47a39b26989d8b640ecd745ba71bf5dc
[debug] &amp#27;[35m[ADB]&amp#27;[39m Signer #1 certificate SHA-1 digest: 61ed377e85d386a8dfee6b864bd85b0bfaa5af81
[debug] &amp#27;[35m[ADB]&amp#27;[39m Signer #1 certificate MD5 digest: e89b158e4bcf988ebd09eb83f5378e87
[debug] &amp#27;[35m[ADB]&amp#27;[39m 
[debug] &amp#27;[35m[ADB]&amp#27;[39m 'C:\Users\Himanshu\AppData\Roaming\npm\node_modules\appium\node_modules\appium-uiautomator2-server\apks\appium-uiautomator2-server-debug-androidTest.apk' is already signed.
&amp#27;[35m[UiAutomator2]&amp#27;[39m Server packages are not going to be (re)installed
[debug] &amp#27;[35m[UiAutomator2]&amp#27;[39m Waiting up to 30000ms for services to be available
[debug] &amp#27;[35m[ADB]&amp#27;[39m Running 'C:\Users\Himanshu\AppData\Local\Android\sdk\platform-tools\adb.exe -P 5037 -s 3289911a0504 shell pm list instrumentation'
[debug] &amp#27;[35m[UiAutomator2]&amp#27;[39m Instrumentation target 'io.appium.uiautomator2.server.test/androidx.test.runner.AndroidJUnitRunner' is available
[debug] &amp#27;[35m[UiAutomator2]&amp#27;[39m Forwarding UiAutomator2 Server port 6790 to 8200
[debug] &amp#27;[35m[ADB]&amp#27;[39m Forwarding system: 8200 to device: 6790
[debug] &amp#27;[35m[ADB]&amp#27;[39m Running 'C:\Users\Himanshu\AppData\Local\Android\sdk\platform-tools\adb.exe -P 5037 -s 3289911a0504 forward tcp\:8200 tcp\:6790'
[debug] &amp#27;[35m[ADB]&amp#27;[39m Checking app cert for C:\Users\Himanshu\eclipse-workspace\AppiumFrameWork\src\General-Store.apk
[debug] &amp#27;[35m[ADB]&amp#27;[39m Starting 'C:\Users\Himanshu\AppData\Local\Android\sdk\build-tools\28.0.3\apksigner.bat' with args '["verify","--print-certs","C:\\Users\\Himanshu\\eclipse-workspace\\AppiumFrameWork\\src\\General-Store.apk"]'
[debug] &amp#27;[35m[ADB]&amp#27;[39m apksigner stdout: Signer #1 certificate DN: EMAILADDRESS=android@android.com, CN=Android, OU=Android, O=Android, L=Mountain View, ST=California, C=US
[debug] &amp#27;[35m[ADB]&amp#27;[39m Signer #1 certificate SHA-256 digest: a40da80a59d170caa950cf15c18c454d47a39b26989d8b640ecd745ba71bf5dc
[debug] &amp#27;[35m[ADB]&amp#27;[39m Signer #1 certificate SHA-1 digest: 61ed377e85d386a8dfee6b864bd85b0bfaa5af81
[debug] &amp#27;[35m[ADB]&amp#27;[39m Signer #1 certificate MD5 digest: e89b158e4bcf988ebd09eb83f5378e87
[debug] &amp#27;[35m[ADB]&amp#27;[39m 
[debug] &amp#27;[35m[ADB]&amp#27;[39m 'C:\Users\Himanshu\eclipse-workspace\AppiumFrameWork\src\General-Store.apk' is already signed.
[debug] &amp#27;[35m[ADB]&amp#27;[39m Getting install status for com.androidsample.generalstore
[debug] &amp#27;[35m[ADB]&amp#27;[39m Running 'C:\Users\Himanshu\AppData\Local\Android\sdk\platform-tools\adb.exe -P 5037 -s 3289911a0504 shell dumpsys package com.androidsample.generalstore'
[debug] &amp#27;[35m[ADB]&amp#27;[39m 'com.androidsample.generalstore' is installed
[debug] &amp#27;[35m[ADB]&amp#27;[39m Getting install status for com.androidsample.generalstore
[debug] &amp#27;[35m[ADB]&amp#27;[39m Running 'C:\Users\Himanshu\AppData\Local\Android\sdk\platform-tools\adb.exe -P 5037 -s 3289911a0504 shell dumpsys package com.androidsample.generalstore'
[debug] &amp#27;[35m[ADB]&amp#27;[39m 'com.androidsample.generalstore' is installed
[debug] &amp#27;[35m[ADB]&amp#27;[39m Getting package info for 'com.androidsample.generalstore'
[debug] &amp#27;[35m[ADB]&amp#27;[39m Running 'C:\Users\Himanshu\AppData\Local\Android\sdk\platform-tools\adb.exe -P 5037 -s 3289911a0504 shell dumpsys package com.androidsample.generalstore'
[debug] &amp#27;[35m[ADB]&amp#27;[39m The version name of the installed 'com.androidsample.generalstore' is greater or equal to the application version name ('1.0.0' >= '1.0.0')
[debug] &amp#27;[35m[ADB]&amp#27;[39m There is no need to install/upgrade 'C:\Users\Himanshu\eclipse-workspace\AppiumFrameWork\src\General-Store.apk'
&amp#27;[35m[AndroidDriver]&amp#27;[39m Performing fast reset on 'com.androidsample.generalstore'
[debug] &amp#27;[35m[ADB]&amp#27;[39m Getting install status for com.androidsample.generalstore
[debug] &amp#27;[35m[ADB]&amp#27;[39m Running 'C:\Users\Himanshu\AppData\Local\Android\sdk\platform-tools\adb.exe -P 5037 -s 3289911a0504 shell dumpsys package com.androidsample.generalstore'
[debug] &amp#27;[35m[ADB]&amp#27;[39m 'com.androidsample.generalstore' is installed
[debug] &amp#27;[35m[ADB]&amp#27;[39m Running 'C:\Users\Himanshu\AppData\Local\Android\sdk\platform-tools\adb.exe -P 5037 -s 3289911a0504 shell am force-stop com.androidsample.generalstore'
[debug] &amp#27;[35m[ADB]&amp#27;[39m Running 'C:\Users\Himanshu\AppData\Local\Android\sdk\platform-tools\adb.exe -P 5037 -s 3289911a0504 shell pm clear com.androidsample.generalstore'
[debug] &amp#27;[35m[AndroidDriver]&amp#27;[39m Performed fast reset on the installed 'com.androidsample.generalstore' application (stop and clear)
[debug] &amp#27;[35m[UiAutomator2]&amp#27;[39m Performing shallow cleanup of automation leftovers
[debug] &amp#27;[35m[UiAutomator2]&amp#27;[39m No obsolete sessions have been detected (Error: socket hang up)
[debug] &amp#27;[35m[ADB]&amp#27;[39m Running 'C:\Users\Himanshu\AppData\Local\Android\sdk\platform-tools\adb.exe -P 5037 -s 3289911a0504 shell am force-stop io.appium.uiautomator2.server.test'
&amp#27;[35m[UiAutomator2]&amp#27;[39m Starting UIAutomator2 server 3.4.0
&amp#27;[35m[UiAutomator2]&amp#27;[39m Using UIAutomator2 server from 'C:\Users\Himanshu\AppData\Roaming\npm\node_modules\appium\node_modules\appium-uiautomator2-server\apks\appium-uiautomator2-server-v3.4.0.apk' and test from 'C:\Users\Himanshu\AppData\Roaming\npm\node_modules\appium\node_modules\appium-uiautomator2-server\apks\appium-uiautomator2-server-debug-androidTest.apk'
&amp#27;[35m[UiAutomator2]&amp#27;[39m Waiting up to 30000ms for UiAutomator2 to be online...
[debug] &amp#27;[35m[ADB]&amp#27;[39m Creating ADB subprocess with args: ["-P",5037,"-s","3289911a0504","shell","am","instrument","-w","io.appium.uiautomator2.server.test/androidx.test.runner.AndroidJUnitRunner"]
[debug] &amp#27;[35m[WD Proxy]&amp#27;[39m Matched '/status' to command name 'getStatus'
[debug] &amp#27;[35m[WD Proxy]&amp#27;[39m Proxying [GET /status] to [GET http://localhost:8200/wd/hub/status] with no body
&amp#27;[35m[WD Proxy]&amp#27;[39m Got an unexpected response: {"code":"ECONNRESET"}
[debug] &amp#27;[35m[WD Proxy]&amp#27;[39m Matched '/status' to command name 'getStatus'
[debug] &amp#27;[35m[WD Proxy]&amp#27;[39m Proxying [GET /status] to [GET http://localhost:8200/wd/hub/status] with no body
&amp#27;[35m[WD Proxy]&amp#27;[39m Got an unexpected response: {"code":"ECONNRESET"}
[debug] &amp#27;[35m[Instrumentation]&amp#27;[39m io.appium.uiautomator2.server.test.AppiumUiAutomator2Server:
[debug] &amp#27;[35m[WD Proxy]&amp#27;[39m Matched '/status' to command name 'getStatus'
[debug] &amp#27;[35m[WD Proxy]&amp#27;[39m Proxying [GET /status] to [GET http://localhost:8200/wd/hub/status] with no body
&amp#27;[35m[WD Proxy]&amp#27;[39m Got an unexpected response: {"code":"ECONNRESET"}
[debug] &amp#27;[35m[WD Proxy]&amp#27;[39m Matched '/status' to command name 'getStatus'
[debug] &amp#27;[35m[WD Proxy]&amp#27;[39m Proxying [GET /status] to [GET http://localhost:8200/wd/hub/status] with no body
&amp#27;[35m[WD Proxy]&amp#27;[39m Got an unexpected response: {"code":"ECONNRESET"}
[debug] &amp#27;[35m[WD Proxy]&amp#27;[39m Matched '/status' to command name 'getStatus'
[debug] &amp#27;[35m[WD Proxy]&amp#27;[39m Proxying [GET /status] to [GET http://localhost:8200/wd/hub/status] with no body
[debug] &amp#27;[35m[WD Proxy]&amp#27;[39m Got response with status 200: "{\"sessionId\":\"None\",\"status\":0,\"value\":\"Status Invoked\"}"
[debug] &amp#27;[35m[UiAutomator2]&amp#27;[39m The initialization of the instrumentation process took 5249ms
[debug] &amp#27;[35m[WD Proxy]&amp#27;[39m Matched '/session' to command name 'createSession'
[debug] &amp#27;[35m[WD Proxy]&amp#27;[39m Proxying [POST /session] to [POST http://localhost:8200/wd/hub/session] with body: {"desiredCapabilities":{"platform":"LINUX","webStorageEnabled":false,"takesScreenshot":true,"javascriptEnabled":true,"databaseEnabled":false,"networkConnectionEnabled":true,"locationContextEnabled":false,"warnings":{},"desired":{"platformName":"android","app":"C:\\Users\\Himanshu\\eclipse-workspace\\AppiumFrameWork\\src\\General-Store.apk","automationName":"uiautomator2","deviceName":"Andriod Device","newCommandTimeout":14},"platformName":"android","app":"C:\\Users\\Himanshu\\eclipse-workspace\\AppiumFrameWork\\src\\General-Store.apk","automationName":"uiautomator2","deviceName":"3289911a0504","newCommandTimeout":14,"deviceUDID":"3289911a0504","appPackage":"com.androidsample.generalstore"}}
[debug] &amp#27;[35m[WD Proxy]&amp#27;[39m Got response with status 200: {"sessionId":"ff410add-4751-4649-9398-ab402248e740","status":0,"value":"Created Session"}
[debug] &amp#27;[35m[WD Proxy]&amp#27;[39m Proxying [GET /appium/device/info] to [GET http://localhost:8200/wd/hub/session/ff410add-4751-4649-9398-ab402248e740/appium/device/info] with no body
[debug] &amp#27;[35m[WD Proxy]&amp#27;[39m Got response with status 200: "{\"sessionId\":\"ff410add-4751-4649-9398-ab402248e740\",\"status\":0,\"value\":{\"androidId\":\"08a8d196198739e1\",\"manufacturer\":\"Xiaomi\",\"model\":\"Mi A1\",\"brand\":\"xiaomi\",\"apiVersion\":\"28\",\"platformVersion\":\"9\",\"carrierName\":\"Jio 4G\",\"realDisplaySize\":\"1080x1920\",\"displayDensity\":480}}"
[debug] &amp#27;[35m[ADB]&amp#27;[39m Running 'C:\Users\Himanshu\AppData\Local\Android\sdk\platform-tools\adb.exe -P 5037 -s 3289911a0504 shell dumpsys window'
&amp#27;[35m[AndroidDriver]&amp#27;[39m Screen already unlocked, doing nothing
&amp#27;[35m[UiAutomator2]&amp#27;[39m UiAutomator2 did not start the activity we were waiting for, 'com.androidsample.generalstore/com.androidsample.generalstore.SplashActivity'. Starting it ourselves
[debug] &amp#27;[35m[ADB]&amp#27;[39m Running 'C:\Users\Himanshu\AppData\Local\Android\sdk\platform-tools\adb.exe -P 5037 -s 3289911a0504 shell am start -W -n com.androidsample.generalstore/com.androidsample.generalstore.SplashActivity -S -a android.intent.action.MAIN -c android.intent.category.LAUNCHER -f 0x10200000'
[debug] &amp#27;[35m[ADB]&amp#27;[39m Waiting up to 20000ms for activity matching pkg: 'com.androidsample.generalstore' and activity: 'com.androidsample.generalstore.SplashActivity' to be focused
[debug] &amp#27;[35m[ADB]&amp#27;[39m Possible activities, to be checked: 'com.androidsample.generalstore.SplashActivity', 'com.androidsample.generalstore.com.androidsample.generalstore.SplashActivity'
[debug] &amp#27;[35m[ADB]&amp#27;[39m Getting focused package and activity
[debug] &amp#27;[35m[ADB]&amp#27;[39m Running 'C:\Users\Himanshu\AppData\Local\Android\sdk\platform-tools\adb.exe -P 5037 -s 3289911a0504 shell dumpsys window windows'
[debug] &amp#27;[35m[ADB]&amp#27;[39m Found package: 'com.androidsample.generalstore' and fully qualified activity name : 'com.androidsample.generalstore.SplashActivity'
[debug] &amp#27;[35m[WD Proxy]&amp#27;[39m Proxying [GET /appium/device/pixel_ratio] to [GET http://localhost:8200/wd/hub/session/ff410add-4751-4649-9398-ab402248e740/appium/device/pixel_ratio] with body: {}
[debug] &amp#27;[35m[WD Proxy]&amp#27;[39m Got response with status 200: "{\"sessionId\":\"ff410add-4751-4649-9398-ab402248e740\",\"status\":0,\"value\":3}"
[debug] &amp#27;[35m[WD Proxy]&amp#27;[39m Matched '/appium/device/system_bars' to command name 'getSystemBars'
[debug] &amp#27;[35m[WD Proxy]&amp#27;[39m Proxying [GET /appium/device/system_bars] to [GET http://localhost:8200/wd/hub/session/ff410add-4751-4649-9398-ab402248e740/appium/device/system_bars] with body: {}
[debug] &amp#27;[35m[WD Proxy]&amp#27;[39m Got response with status 200: "{\"sessionId\":\"ff410add-4751-4649-9398-ab402248e740\",\"status\":0,\"value\":{\"statusBar\":72}}"
[debug] &amp#27;[35m[WD Proxy]&amp#27;[39m Matched '/window/current/size' to command name 'getWindowSize'
[debug] &amp#27;[35m[WD Proxy]&amp#27;[39m Proxying [GET /window/current/size] to [GET http://localhost:8200/wd/hub/session/ff410add-4751-4649-9398-ab402248e740/window/current/size] with body: {}
[debug] &amp#27;[35m[WD Proxy]&amp#27;[39m Got response with status 200: "{\"sessionId\":\"ff410add-4751-4649-9398-ab402248e740\",\"status\":0,\"value\":{\"height\":1920,\"width\":1080}}"
&amp#27;[35m[Appium]&amp#27;[39m New AndroidUiautomator2Driver session created successfully, session 14a97193-21fa-43b0-8054-314686ab4828 added to master session list
[debug] &amp#27;[35m[BaseDriver]&amp#27;[39m Event 'newSessionStarted' logged at 1592776524759 (03:25:24 GMT+0530 (India Standard Time))
[debug] &amp#27;[35m[W3C (14a97193)]&amp#27;[39m Cached the protocol value 'W3C' for the new session 14a97193-21fa-43b0-8054-314686ab4828
[debug] &amp#27;[35m[W3C (14a97193)]&amp#27;[39m Responding to client with driver.createSession() result: {"capabilities":{"platform":"LINUX","webStorageEnabled":false,"takesScreenshot":true,"javascriptEnabled":true,"databaseEnabled":false,"networkConnectionEnabled":true,"locationContextEnabled":false,"warnings":{},"desired":{"platformName":"android","app":"C:\\Users\\Himanshu\\eclipse-workspace\\AppiumFrameWork\\src\\General-Store.apk","automationName":"uiautomator2","deviceName":"Andriod Device","newCommandTimeout":14},"platformName":"android","app":"C:\\Users\\Himanshu\\eclipse-workspace\\AppiumFrameWork\\src\\General-Store.apk","automationName":"uiautomator2","deviceName":"3289911a0504","newCommandTimeout":14,"deviceUDID":"3289911a0504","appPackage":"com.androidsample.generalstore","deviceApiLevel":28,"platformVersion":"9","deviceScreenSize":"1080x1920","deviceScreenDensity":480,"deviceModel":"Mi A1","deviceManufacturer":"Xiaomi","pixelRatio":3,"statBarHeight":72,"viewportRect":{"left":0,"top":72,"width":1080,"height":1848}}}
&amp#27;[35m[HTTP]&amp#27;[39m &amp#27;[37m<-- POST /wd/hub/session &amp#27;[39m&amp#27;[32m200&amp#27;[39m &amp#27;[90m34322 ms - 1000&amp#27;[39m
&amp#27;[35m[HTTP]&amp#27;[39m &amp#27;[90m&amp#27;[39m
&amp#27;[35m[HTTP]&amp#27;[39m &amp#27;[37m-->&amp#27;[39m &amp#27;[37mPOST&amp#27;[39m &amp#27;[37m/wd/hub/session/14a97193-21fa-43b0-8054-314686ab4828/timeouts&amp#27;[39m
&amp#27;[35m[HTTP]&amp#27;[39m &amp#27;[90m{"implicit":10000}&amp#27;[39m
[debug] &amp#27;[35m[W3C (14a97193)]&amp#27;[39m Calling AppiumDriver.timeouts() with args: [null,null,null,null,10000,"14a97193-21fa-43b0-8054-314686ab4828"]
[debug] &amp#27;[35m[BaseDriver]&amp#27;[39m W3C timeout argument: {"implicit":10000}}
[debug] &amp#27;[35m[BaseDriver]&amp#27;[39m Set implicit wait to 10000ms
[debug] &amp#27;[35m[W3C (14a97193)]&amp#27;[39m Responding to client with driver.timeouts() result: null
&amp#27;[35m[HTTP]&amp#27;[39m &amp#27;[37m<-- POST /wd/hub/session/14a97193-21fa-43b0-8054-314686ab4828/timeouts &amp#27;[39m&amp#27;[32m200&amp#27;[39m &amp#27;[90m10 ms - 14&amp#27;[39m
&amp#27;[35m[HTTP]&amp#27;[39m &amp#27;[90m&amp#27;[39m
&amp#27;[35m[HTTP]&amp#27;[39m &amp#27;[37m-->&amp#27;[39m &amp#27;[37mGET&amp#27;[39m &amp#27;[37m/wd/hub/session/14a97193-21fa-43b0-8054-314686ab4828/context&amp#27;[39m
&amp#27;[35m[HTTP]&amp#27;[39m &amp#27;[90m{}&amp#27;[39m
[debug] &amp#27;[35m[W3C (14a97193)]&amp#27;[39m Calling AppiumDriver.getCurrentContext() with args: ["14a97193-21fa-43b0-8054-314686ab4828"]
[debug] &amp#27;[35m[W3C (14a97193)]&amp#27;[39m Responding to client with driver.getCurrentContext() result: "NATIVE_APP"
&amp#27;[35m[HTTP]&amp#27;[39m &amp#27;[37m<-- GET /wd/hub/session/14a97193-21fa-43b0-8054-314686ab4828/context &amp#27;[39m&amp#27;[32m200&amp#27;[39m &amp#27;[90m8 ms - 22&amp#27;[39m
&amp#27;[35m[HTTP]&amp#27;[39m &amp#27;[90m&amp#27;[39m
&amp#27;[35m[HTTP]&amp#27;[39m &amp#27;[37m-->&amp#27;[39m &amp#27;[37mPOST&amp#27;[39m &amp#27;[37m/wd/hub/session/14a97193-21fa-43b0-8054-314686ab4828/element&amp#27;[39m
&amp#27;[35m[HTTP]&amp#27;[39m &amp#27;[90m{"using":"id","value":"com.androidsample.generalstore:id/nameField"}&amp#27;[39m
[debug] &amp#27;[35m[W3C (14a97193)]&amp#27;[39m Calling AppiumDriver.findElement() with args: ["id","com.androidsample.generalstore:id/nameField","14a97193-21fa-43b0-8054-314686ab4828"]
[debug] &amp#27;[35m[BaseDriver]&amp#27;[39m Valid locator strategies for this request: xpath, id, class name, accessibility id, -android uiautomator
[debug] &amp#27;[35m[BaseDriver]&amp#27;[39m Waiting up to 10000 ms for condition
[debug] &amp#27;[35m[WD Proxy]&amp#27;[39m Matched '/element' to command name 'findElement'
[debug] &amp#27;[35m[WD Proxy]&amp#27;[39m Proxying [POST /element] to [POST http://localhost:8200/wd/hub/session/ff410add-4751-4649-9398-ab402248e740/element] with body: {"strategy":"id","selector":"com.androidsample.generalstore:id/nameField","context":"","multiple":false}
&amp#27;[35m[WD Proxy]&amp#27;[39m Got an unexpected response: {"sessionId":"ff410add-4751-4649-9398-ab402248e740","status":7,"value":"An element could not be located on the page using the given search parameters."}
[debug] &amp#27;[35m[MJSONWP]&amp#27;[39m Matched JSONWP error code 7 to NoSuchElementError
[debug] &amp#27;[35m[BaseDriver]&amp#27;[39m Waited for 52 ms so far
[debug] &amp#27;[35m[WD Proxy]&amp#27;[39m Matched '/element' to command name 'findElement'
[debug] &amp#27;[35m[WD Proxy]&amp#27;[39m Proxying [POST /element] to [POST http://localhost:8200/wd/hub/session/ff410add-4751-4649-9398-ab402248e740/element] with body: {"strategy":"id","selector":"com.androidsample.generalstore:id/nameField","context":"","multiple":false}
&amp#27;[35m[WD Proxy]&amp#27;[39m Got an unexpected response: {"sessionId":"ff410add-4751-4649-9398-ab402248e740","status":7,"value":"An element could not be located on the page using the given search parameters."}
[debug] &amp#27;[35m[MJSONWP]&amp#27;[39m Matched JSONWP error code 7 to NoSuchElementError
[debug] &amp#27;[35m[BaseDriver]&amp#27;[39m Waited for 597 ms so far
[debug] &amp#27;[35m[WD Proxy]&amp#27;[39m Matched '/element' to command name 'findElement'
[debug] &amp#27;[35m[WD Proxy]&amp#27;[39m Proxying [POST /element] to [POST http://localhost:8200/wd/hub/session/ff410add-4751-4649-9398-ab402248e740/element] with body: {"strategy":"id","selector":"com.androidsample.generalstore:id/nameField","context":"","multiple":false}
&amp#27;[35m[WD Proxy]&amp#27;[39m Got an unexpected response: {"sessionId":"ff410add-4751-4649-9398-ab402248e740","status":7,"value":"An element could not be located on the page using the given search parameters."}
[debug] &amp#27;[35m[MJSONWP]&amp#27;[39m Matched JSONWP error code 7 to NoSuchElementError
[debug] &amp#27;[35m[BaseDriver]&amp#27;[39m Waited for 1141 ms so far
[debug] &amp#27;[35m[WD Proxy]&amp#27;[39m Matched '/element' to command name 'findElement'
[debug] &amp#27;[35m[WD Proxy]&amp#27;[39m Proxying [POST /element] to [POST http://localhost:8200/wd/hub/session/ff410add-4751-4649-9398-ab402248e740/element] with body: {"strategy":"id","selector":"com.androidsample.generalstore:id/nameField","context":"","multiple":false}
&amp#27;[35m[WD Proxy]&amp#27;[39m Got an unexpected response: {"sessionId":"ff410add-4751-4649-9398-ab402248e740","status":7,"value":"An element could not be located on the page using the given search parameters."}
[debug] &amp#27;[35m[MJSONWP]&amp#27;[39m Matched JSONWP error code 7 to NoSuchElementError
[debug] &amp#27;[35m[BaseDriver]&amp#27;[39m Waited for 1787 ms so far
[debug] &amp#27;[35m[WD Proxy]&amp#27;[39m Matched '/element' to command name 'findElement'
[debug] &amp#27;[35m[WD Proxy]&amp#27;[39m Proxying [POST /element] to [POST http://localhost:8200/wd/hub/session/ff410add-4751-4649-9398-ab402248e740/element] with body: {"strategy":"id","selector":"com.androidsample.generalstore:id/nameField","context":"","multiple":false}
[debug] &amp#27;[35m[WD Proxy]&amp#27;[39m Got response with status 200: {"sessionId":"ff410add-4751-4649-9398-ab402248e740","status":0,"value":{"ELEMENT":"2a9ac686-8a44-479c-90c1-e964d58cdd2b"}}
[debug] &amp#27;[35m[W3C (14a97193)]&amp#27;[39m Responding to client with driver.findElement() result: {"element-6066-11e4-a52e-4f735466cecf":"2a9ac686-8a44-479c-90c1-e964d58cdd2b","ELEMENT":"2a9ac686-8a44-479c-90c1-e964d58cdd2b"}
&amp#27;[35m[HTTP]&amp#27;[39m &amp#27;[37m<-- POST /wd/hub/session/14a97193-21fa-43b0-8054-314686ab4828/element &amp#27;[39m&amp#27;[32m200&amp#27;[39m &amp#27;[90m3123 ms - 137&amp#27;[39m
&amp#27;[35m[HTTP]&amp#27;[39m &amp#27;[90m&amp#27;[39m
&amp#27;[35m[HTTP]&amp#27;[39m &amp#27;[37m-->&amp#27;[39m &amp#27;[37mPOST&amp#27;[39m &amp#27;[37m/wd/hub/session/14a97193-21fa-43b0-8054-314686ab4828/element/2a9ac686-8a44-479c-90c1-e964d58cdd2b/value&amp#27;[39m
&amp#27;[35m[HTTP]&amp#27;[39m &amp#27;[90m{"id":"2a9ac686-8a44-479c-90c1-e964d58cdd2b","text":"Hello","value":["H","e","l","l","o"]}&amp#27;[39m
[debug] &amp#27;[35m[W3C (14a97193)]&amp#27;[39m Calling AppiumDriver.setValue() with args: [["H","e","l","l","o"],"2a9ac686-8a44-479c-90c1-e964d58cdd2b","14a97193-21fa-43b0-8054-314686ab4828"]
[debug] &amp#27;[35m[WD Proxy]&amp#27;[39m Matched '/element/2a9ac686-8a44-479c-90c1-e964d58cdd2b/value' to command name 'setValue'
[debug] &amp#27;[35m[Protocol Converter]&amp#27;[39m Added 'value' property ["H","e","l","l","o"] to 'setValue' request body
[debug] &amp#27;[35m[WD Proxy]&amp#27;[39m Proxying [POST /element/2a9ac686-8a44-479c-90c1-e964d58cdd2b/value] to [POST http://localhost:8200/wd/hub/session/ff410add-4751-4649-9398-ab402248e740/element/2a9ac686-8a44-479c-90c1-e964d58cdd2b/value] with body: {"elementId":"2a9ac686-8a44-479c-90c1-e964d58cdd2b","text":"Hello","replace":false,"value":["H","e","l","l","o"]}
[debug] &amp#27;[35m[WD Proxy]&amp#27;[39m Got response with status 200: {"sessionId":"ff410add-4751-4649-9398-ab402248e740","status":0,"value":""}
[debug] &amp#27;[35m[W3C (14a97193)]&amp#27;[39m Responding to client with driver.setValue() result: ""
&amp#27;[35m[HTTP]&amp#27;[39m &amp#27;[37m<-- POST /wd/hub/session/14a97193-21fa-43b0-8054-314686ab4828/element/2a9ac686-8a44-479c-90c1-e964d58cdd2b/value &amp#27;[39m&amp#27;[32m200&amp#27;[39m &amp#27;[90m776 ms - 12&amp#27;[39m
&amp#27;[35m[HTTP]&amp#27;[39m &amp#27;[90m&amp#27;[39m
&amp#27;[35m[HTTP]&amp#27;[39m &amp#27;[37m-->&amp#27;[39m &amp#27;[37mPOST&amp#27;[39m &amp#27;[37m/wd/hub/session/14a97193-21fa-43b0-8054-314686ab4828/appium/device/hide_keyboard&amp#27;[39m
&amp#27;[35m[HTTP]&amp#27;[39m &amp#27;[90m{}&amp#27;[39m
[debug] &amp#27;[35m[W3C (14a97193)]&amp#27;[39m Calling AppiumDriver.hideKeyboard() with args: [null,null,null,null,"14a97193-21fa-43b0-8054-314686ab4828"]
[debug] &amp#27;[35m[ADB]&amp#27;[39m Running 'C:\Users\Himanshu\AppData\Local\Android\sdk\platform-tools\adb.exe -P 5037 -s 3289911a0504 shell dumpsys input_method'
&amp#27;[35m[AndroidDriver]&amp#27;[39m Keyboard has no UI; no closing necessary
[debug] &amp#27;[35m[W3C (14a97193)]&amp#27;[39m Responding to client with driver.hideKeyboard() result: null
&amp#27;[35m[HTTP]&amp#27;[39m &amp#27;[37m<-- POST /wd/hub/session/14a97193-21fa-43b0-8054-314686ab4828/appium/device/hide_keyboard &amp#27;[39m&amp#27;[32m200&amp#27;[39m &amp#27;[90m989 ms - 14&amp#27;[39m
&amp#27;[35m[HTTP]&amp#27;[39m &amp#27;[90m&amp#27;[39m
&amp#27;[35m[HTTP]&amp#27;[39m &amp#27;[37m-->&amp#27;[39m &amp#27;[37mGET&amp#27;[39m &amp#27;[37m/wd/hub/session/14a97193-21fa-43b0-8054-314686ab4828/context&amp#27;[39m
&amp#27;[35m[HTTP]&amp#27;[39m &amp#27;[90m{}&amp#27;[39m
[debug] &amp#27;[35m[W3C (14a97193)]&amp#27;[39m Calling AppiumDriver.getCurrentContext() with args: ["14a97193-21fa-43b0-8054-314686ab4828"]
[debug] &amp#27;[35m[W3C (14a97193)]&amp#27;[39m Responding to client with driver.getCurrentContext() result: "NATIVE_APP"
&amp#27;[35m[HTTP]&amp#27;[39m &amp#27;[37m<-- GET /wd/hub/session/14a97193-21fa-43b0-8054-314686ab4828/context &amp#27;[39m&amp#27;[32m200&amp#27;[39m &amp#27;[90m5 ms - 22&amp#27;[39m
&amp#27;[35m[HTTP]&amp#27;[39m &amp#27;[90m&amp#27;[39m
&amp#27;[35m[HTTP]&amp#27;[39m &amp#27;[37m-->&amp#27;[39m &amp#27;[37mPOST&amp#27;[39m &amp#27;[37m/wd/hub/session/14a97193-21fa-43b0-8054-314686ab4828/element&amp#27;[39m
&amp#27;[35m[HTTP]&amp#27;[39m &amp#27;[90m{"using":"xpath","value":"//*[@text='Female']"}&amp#27;[39m
[debug] &amp#27;[35m[W3C (14a97193)]&amp#27;[39m Calling AppiumDriver.findElement() with args: ["xpath","//*[@text='Female']","14a97193-21fa-43b0-8054-314686ab4828"]
[debug] &amp#27;[35m[BaseDriver]&amp#27;[39m Valid locator strategies for this request: xpath, id, class name, accessibility id, -android uiautomator
[debug] &amp#27;[35m[BaseDriver]&amp#27;[39m Waiting up to 10000 ms for condition
[debug] &amp#27;[35m[WD Proxy]&amp#27;[39m Matched '/element' to command name 'findElement'
[debug] &amp#27;[35m[WD Proxy]&amp#27;[39m Proxying [POST /element] to [POST http://localhost:8200/wd/hub/session/ff410add-4751-4649-9398-ab402248e740/element] with body: {"strategy":"xpath","selector":"//*[@text='Female']","context":"","multiple":false}
[debug] &amp#27;[35m[WD Proxy]&amp#27;[39m Got response with status 200: {"sessionId":"ff410add-4751-4649-9398-ab402248e740","status":0,"value":{"ELEMENT":"b5b256db-03ea-4615-9a2c-3f7d06a97a79"}}
[debug] &amp#27;[35m[W3C (14a97193)]&amp#27;[39m Responding to client with driver.findElement() result: {"element-6066-11e4-a52e-4f735466cecf":"b5b256db-03ea-4615-9a2c-3f7d06a97a79","ELEMENT":"b5b256db-03ea-4615-9a2c-3f7d06a97a79"}
&amp#27;[35m[HTTP]&amp#27;[39m &amp#27;[37m<-- POST /wd/hub/session/14a97193-21fa-43b0-8054-314686ab4828/element &amp#27;[39m&amp#27;[32m200&amp#27;[39m &amp#27;[90m438 ms - 137&amp#27;[39m
&amp#27;[35m[HTTP]&amp#27;[39m &amp#27;[90m&amp#27;[39m
&amp#27;[35m[HTTP]&amp#27;[39m &amp#27;[37m-->&amp#27;[39m &amp#27;[37mPOST&amp#27;[39m &amp#27;[37m/wd/hub/session/14a97193-21fa-43b0-8054-314686ab4828/element/b5b256db-03ea-4615-9a2c-3f7d06a97a79/click&amp#27;[39m
&amp#27;[35m[HTTP]&amp#27;[39m &amp#27;[90m{"id":"b5b256db-03ea-4615-9a2c-3f7d06a97a79"}&amp#27;[39m
[debug] &amp#27;[35m[W3C (14a97193)]&amp#27;[39m Calling AppiumDriver.click() with args: ["b5b256db-03ea-4615-9a2c-3f7d06a97a79","14a97193-21fa-43b0-8054-314686ab4828"]
[debug] &amp#27;[35m[WD Proxy]&amp#27;[39m Matched '/element/b5b256db-03ea-4615-9a2c-3f7d06a97a79/click' to command name 'click'
[debug] &amp#27;[35m[WD Proxy]&amp#27;[39m Proxying [POST /element/b5b256db-03ea-4615-9a2c-3f7d06a97a79/click] to [POST http://localhost:8200/wd/hub/session/ff410add-4751-4649-9398-ab402248e740/element/b5b256db-03ea-4615-9a2c-3f7d06a97a79/click] with body: {"element":"b5b256db-03ea-4615-9a2c-3f7d06a97a79"}
[debug] &amp#27;[35m[WD Proxy]&amp#27;[39m Got response with status 200: {"sessionId":"ff410add-4751-4649-9398-ab402248e740","status":0,"value":true}
[debug] &amp#27;[35m[W3C (14a97193)]&amp#27;[39m Responding to client with driver.click() result: true
&amp#27;[35m[HTTP]&amp#27;[39m &amp#27;[37m<-- POST /wd/hub/session/14a97193-21fa-43b0-8054-314686ab4828/element/b5b256db-03ea-4615-9a2c-3f7d06a97a79/click &amp#27;[39m&amp#27;[32m200&amp#27;[39m &amp#27;[90m572 ms - 14&amp#27;[39m
&amp#27;[35m[HTTP]&amp#27;[39m &amp#27;[90m&amp#27;[39m
&amp#27;[35m[HTTP]&amp#27;[39m &amp#27;[37m-->&amp#27;[39m &amp#27;[37mGET&amp#27;[39m &amp#27;[37m/wd/hub/session/14a97193-21fa-43b0-8054-314686ab4828/context&amp#27;[39m
&amp#27;[35m[HTTP]&amp#27;[39m &amp#27;[90m{}&amp#27;[39m
[debug] &amp#27;[35m[W3C (14a97193)]&amp#27;[39m Calling AppiumDriver.getCurrentContext() with args: ["14a97193-21fa-43b0-8054-314686ab4828"]
[debug] &amp#27;[35m[W3C (14a97193)]&amp#27;[39m Responding to client with driver.getCurrentContext() result: "NATIVE_APP"
&amp#27;[35m[HTTP]&amp#27;[39m &amp#27;[37m<-- GET /wd/hub/session/14a97193-21fa-43b0-8054-314686ab4828/context &amp#27;[39m&amp#27;[32m200&amp#27;[39m &amp#27;[90m9 ms - 22&amp#27;[39m
&amp#27;[35m[HTTP]&amp#27;[39m &amp#27;[90m&amp#27;[39m
&amp#27;[35m[HTTP]&amp#27;[39m &amp#27;[37m-->&amp#27;[39m &amp#27;[37mPOST&amp#27;[39m &amp#27;[37m/wd/hub/session/14a97193-21fa-43b0-8054-314686ab4828/element&amp#27;[39m
&amp#27;[35m[HTTP]&amp#27;[39m &amp#27;[90m{"using":"id","value":"com.androidsample.generalstore:id/spinnerCountry"}&amp#27;[39m
[debug] &amp#27;[35m[W3C (14a97193)]&amp#27;[39m Calling AppiumDriver.findElement() with args: ["id","com.androidsample.generalstore:id/spinnerCountry","14a97193-21fa-43b0-8054-314686ab4828"]
[debug] &amp#27;[35m[BaseDriver]&amp#27;[39m Valid locator strategies for this request: xpath, id, class name, accessibility id, -android uiautomator
[debug] &amp#27;[35m[BaseDriver]&amp#27;[39m Waiting up to 10000 ms for condition
[debug] &amp#27;[35m[WD Proxy]&amp#27;[39m Matched '/element' to command name 'findElement'
[debug] &amp#27;[35m[WD Proxy]&amp#27;[39m Proxying [POST /element] to [POST http://localhost:8200/wd/hub/session/ff410add-4751-4649-9398-ab402248e740/element] with body: {"strategy":"id","selector":"com.androidsample.generalstore:id/spinnerCountry","context":"","multiple":false}
[debug] &amp#27;[35m[WD Proxy]&amp#27;[39m Got response with status 200: {"sessionId":"ff410add-4751-4649-9398-ab402248e740","status":0,"value":{"ELEMENT":"3d1bec3b-3536-4464-a497-1d7ceb716eb8"}}
[debug] &amp#27;[35m[W3C (14a97193)]&amp#27;[39m Responding to client with driver.findElement() result: {"element-6066-11e4-a52e-4f735466cecf":"3d1bec3b-3536-4464-a497-1d7ceb716eb8","ELEMENT":"3d1bec3b-3536-4464-a497-1d7ceb716eb8"}
&amp#27;[35m[HTTP]&amp#27;[39m &amp#27;[37m<-- POST /wd/hub/session/14a97193-21fa-43b0-8054-314686ab4828/element &amp#27;[39m&amp#27;[32m200&amp#27;[39m &amp#27;[90m957 ms - 137&amp#27;[39m
&amp#27;[35m[HTTP]&amp#27;[39m &amp#27;[90m&amp#27;[39m
&amp#27;[35m[HTTP]&amp#27;[39m &amp#27;[37m-->&amp#27;[39m &amp#27;[37mPOST&amp#27;[39m &amp#27;[37m/wd/hub/session/14a97193-21fa-43b0-8054-314686ab4828/element/3d1bec3b-3536-4464-a497-1d7ceb716eb8/click&amp#27;[39m
&amp#27;[35m[HTTP]&amp#27;[39m &amp#27;[90m{"id":"3d1bec3b-3536-4464-a497-1d7ceb716eb8"}&amp#27;[39m
[debug] &amp#27;[35m[W3C (14a97193)]&amp#27;[39m Calling AppiumDriver.click() with args: ["3d1bec3b-3536-4464-a497-1d7ceb716eb8","14a97193-21fa-43b0-8054-314686ab4828"]
[debug] &amp#27;[35m[WD Proxy]&amp#27;[39m Matched '/element/3d1bec3b-3536-4464-a497-1d7ceb716eb8/click' to command name 'click'
[debug] &amp#27;[35m[WD Proxy]&amp#27;[39m Proxying [POST /element/3d1bec3b-3536-4464-a497-1d7ceb716eb8/click] to [POST http://localhost:8200/wd/hub/session/ff410add-4751-4649-9398-ab402248e740/element/3d1bec3b-3536-4464-a497-1d7ceb716eb8/click] with body: {"element":"3d1bec3b-3536-4464-a497-1d7ceb716eb8"}
[debug] &amp#27;[35m[WD Proxy]&amp#27;[39m Got response with status 200: {"sessionId":"ff410add-4751-4649-9398-ab402248e740","status":0,"value":true}
[debug] &amp#27;[35m[W3C (14a97193)]&amp#27;[39m Responding to client with driver.click() result: true
&amp#27;[35m[HTTP]&amp#27;[39m &amp#27;[37m<-- POST /wd/hub/session/14a97193-21fa-43b0-8054-314686ab4828/element/3d1bec3b-3536-4464-a497-1d7ceb716eb8/click &amp#27;[39m&amp#27;[32m200&amp#27;[39m &amp#27;[90m48 ms - 14&amp#27;[39m
&amp#27;[35m[HTTP]&amp#27;[39m &amp#27;[90m&amp#27;[39m
&amp#27;[35m[HTTP]&amp#27;[39m &amp#27;[37m-->&amp#27;[39m &amp#27;[37mPOST&amp#27;[39m &amp#27;[37m/wd/hub/session/14a97193-21fa-43b0-8054-314686ab4828/element&amp#27;[39m
&amp#27;[35m[HTTP]&amp#27;[39m &amp#27;[90m{"using":"-android uiautomator","value":"new UiScrollable(new UiSelector()).scrollIntoView(text(\"Argentina\"));"}&amp#27;[39m
[debug] &amp#27;[35m[W3C (14a97193)]&amp#27;[39m Calling AppiumDriver.findElement() with args: ["-android uiautomator","new UiScrollable(new UiSelector()).scrollIntoView(text(\"Argentina\"));","14a97193-21fa-43b0-8054-314686ab4828"]
[debug] &amp#27;[35m[BaseDriver]&amp#27;[39m Valid locator strategies for this request: xpath, id, class name, accessibility id, -android uiautomator
[debug] &amp#27;[35m[BaseDriver]&amp#27;[39m Waiting up to 10000 ms for condition
[debug] &amp#27;[35m[WD Proxy]&amp#27;[39m Matched '/element' to command name 'findElement'
[debug] &amp#27;[35m[WD Proxy]&amp#27;[39m Proxying [POST /element] to [POST http://localhost:8200/wd/hub/session/ff410add-4751-4649-9398-ab402248e740/element] with body: {"strategy":"-android uiautomator","selector":"new UiScrollable(new UiSelector()).scrollIntoView(text(\"Argentina\"));","context":"","multiple":false}
[debug] &amp#27;[35m[WD Proxy]&amp#27;[39m Got response with status 200: {"sessionId":"ff410add-4751-4649-9398-ab402248e740","status":0,"value":{"ELEMENT":"a4976027-a41a-4596-852c-680c1751de8c"}}
[debug] &amp#27;[35m[W3C (14a97193)]&amp#27;[39m Responding to client with driver.findElement() result: {"element-6066-11e4-a52e-4f735466cecf":"a4976027-a41a-4596-852c-680c1751de8c","ELEMENT":"a4976027-a41a-4596-852c-680c1751de8c"}
&amp#27;[35m[HTTP]&amp#27;[39m &amp#27;[37m<-- POST /wd/hub/session/14a97193-21fa-43b0-8054-314686ab4828/element &amp#27;[39m&amp#27;[32m200&amp#27;[39m &amp#27;[90m4955 ms - 137&amp#27;[39m
&amp#27;[35m[HTTP]&amp#27;[39m &amp#27;[90m&amp#27;[39m
&amp#27;[35m[HTTP]&amp#27;[39m &amp#27;[37m-->&amp#27;[39m &amp#27;[37mGET&amp#27;[39m &amp#27;[37m/wd/hub/session/14a97193-21fa-43b0-8054-314686ab4828/context&amp#27;[39m
&amp#27;[35m[HTTP]&amp#27;[39m &amp#27;[90m{}&amp#27;[39m
[debug] &amp#27;[35m[W3C (14a97193)]&amp#27;[39m Calling AppiumDriver.getCurrentContext() with args: ["14a97193-21fa-43b0-8054-314686ab4828"]
[debug] &amp#27;[35m[W3C (14a97193)]&amp#27;[39m Responding to client with driver.getCurrentContext() result: "NATIVE_APP"
&amp#27;[35m[HTTP]&amp#27;[39m &amp#27;[37m<-- GET /wd/hub/session/14a97193-21fa-43b0-8054-314686ab4828/context &amp#27;[39m&amp#27;[32m200&amp#27;[39m &amp#27;[90m2 ms - 22&amp#27;[39m
&amp#27;[35m[HTTP]&amp#27;[39m &amp#27;[90m&amp#27;[39m
&amp#27;[35m[HTTP]&amp#27;[39m &amp#27;[37m-->&amp#27;[39m &amp#27;[37mPOST&amp#27;[39m &amp#27;[37m/wd/hub/session/14a97193-21fa-43b0-8054-314686ab4828/element&amp#27;[39m
&amp#27;[35m[HTTP]&amp#27;[39m &amp#27;[90m{"using":"xpath","value":"//*[@text='Argentina']"}&amp#27;[39m
[debug] &amp#27;[35m[W3C (14a97193)]&amp#27;[39m Calling AppiumDriver.findElement() with args: ["xpath","//*[@text='Argentina']","14a97193-21fa-43b0-8054-314686ab4828"]
[debug] &amp#27;[35m[BaseDriver]&amp#27;[39m Valid locator strategies for this request: xpath, id, class name, accessibility id, -android uiautomator
[debug] &amp#27;[35m[BaseDriver]&amp#27;[39m Waiting up to 10000 ms for condition
[debug] &amp#27;[35m[WD Proxy]&amp#27;[39m Matched '/element' to command name 'findElement'
[debug] &amp#27;[35m[WD Proxy]&amp#27;[39m Proxying [POST /element] to [POST http://localhost:8200/wd/hub/session/ff410add-4751-4649-9398-ab402248e740/element] with body: {"strategy":"xpath","selector":"//*[@text='Argentina']","context":"","multiple":false}
[debug] &amp#27;[35m[WD Proxy]&amp#27;[39m Got response with status 200: {"sessionId":"ff410add-4751-4649-9398-ab402248e740","status":0,"value":{"ELEMENT":"831c38b3-5488-44ce-a176-9e614f3479ed"}}
[debug] &amp#27;[35m[W3C (14a97193)]&amp#27;[39m Responding to client with driver.findElement() result: {"element-6066-11e4-a52e-4f735466cecf":"831c38b3-5488-44ce-a176-9e614f3479ed","ELEMENT":"831c38b3-5488-44ce-a176-9e614f3479ed"}
&amp#27;[35m[HTTP]&amp#27;[39m &amp#27;[37m<-- POST /wd/hub/session/14a97193-21fa-43b0-8054-314686ab4828/element &amp#27;[39m&amp#27;[32m200&amp#27;[39m &amp#27;[90m177 ms - 137&amp#27;[39m
&amp#27;[35m[HTTP]&amp#27;[39m &amp#27;[90m&amp#27;[39m
&amp#27;[35m[HTTP]&amp#27;[39m &amp#27;[37m-->&amp#27;[39m &amp#27;[37mPOST&amp#27;[39m &amp#27;[37m/wd/hub/session/14a97193-21fa-43b0-8054-314686ab4828/element/831c38b3-5488-44ce-a176-9e614f3479ed/click&amp#27;[39m
&amp#27;[35m[HTTP]&amp#27;[39m &amp#27;[90m{"id":"831c38b3-5488-44ce-a176-9e614f3479ed"}&amp#27;[39m
[debug] &amp#27;[35m[W3C (14a97193)]&amp#27;[39m Calling AppiumDriver.click() with args: ["831c38b3-5488-44ce-a176-9e614f3479ed","14a97193-21fa-43b0-8054-314686ab4828"]
[debug] &amp#27;[35m[WD Proxy]&amp#27;[39m Matched '/element/831c38b3-5488-44ce-a176-9e614f3479ed/click' to command name 'click'
[debug] &amp#27;[35m[WD Proxy]&amp#27;[39m Proxying [POST /element/831c38b3-5488-44ce-a176-9e614f3479ed/click] to [POST http://localhost:8200/wd/hub/session/ff410add-4751-4649-9398-ab402248e740/element/831c38b3-5488-44ce-a176-9e614f3479ed/click] with body: {"element":"831c38b3-5488-44ce-a176-9e614f3479ed"}
[debug] &amp#27;[35m[WD Proxy]&amp#27;[39m Got response with status 200: {"sessionId":"ff410add-4751-4649-9398-ab402248e740","status":0,"value":true}
[debug] &amp#27;[35m[W3C (14a97193)]&amp#27;[39m Responding to client with driver.click() result: true
&amp#27;[35m[HTTP]&amp#27;[39m &amp#27;[37m<-- POST /wd/hub/session/14a97193-21fa-43b0-8054-314686ab4828/element/831c38b3-5488-44ce-a176-9e614f3479ed/click &amp#27;[39m&amp#27;[32m200&amp#27;[39m &amp#27;[90m48 ms - 14&amp#27;[39m
&amp#27;[35m[HTTP]&amp#27;[39m &amp#27;[90m&amp#27;[39m
&amp#27;[35m[HTTP]&amp#27;[39m &amp#27;[37m-->&amp#27;[39m &amp#27;[37mGET&amp#27;[39m &amp#27;[37m/wd/hub/session/14a97193-21fa-43b0-8054-314686ab4828/context&amp#27;[39m
&amp#27;[35m[HTTP]&amp#27;[39m &amp#27;[90m{}&amp#27;[39m
[debug] &amp#27;[35m[W3C (14a97193)]&amp#27;[39m Calling AppiumDriver.getCurrentContext() with args: ["14a97193-21fa-43b0-8054-314686ab4828"]
[debug] &amp#27;[35m[W3C (14a97193)]&amp#27;[39m Responding to client with driver.getCurrentContext() result: "NATIVE_APP"
&amp#27;[35m[HTTP]&amp#27;[39m &amp#27;[37m<-- GET /wd/hub/session/14a97193-21fa-43b0-8054-314686ab4828/context &amp#27;[39m&amp#27;[32m200&amp#27;[39m &amp#27;[90m1 ms - 22&amp#27;[39m
&amp#27;[35m[HTTP]&amp#27;[39m &amp#27;[90m&amp#27;[39m
&amp#27;[35m[HTTP]&amp#27;[39m &amp#27;[37m-->&amp#27;[39m &amp#27;[37mPOST&amp#27;[39m &amp#27;[37m/wd/hub/session/14a97193-21fa-43b0-8054-314686ab4828/element&amp#27;[39m
&amp#27;[35m[HTTP]&amp#27;[39m &amp#27;[90m{"using":"id","value":"com.androidsample.generalstore:id/btnLetsShop"}&amp#27;[39m
[debug] &amp#27;[35m[W3C (14a97193)]&amp#27;[39m Calling AppiumDriver.findElement() with args: ["id","com.androidsample.generalstore:id/btnLetsShop","14a97193-21fa-43b0-8054-314686ab4828"]
[debug] &amp#27;[35m[BaseDriver]&amp#27;[39m Valid locator strategies for this request: xpath, id, class name, accessibility id, -android uiautomator
[debug] &amp#27;[35m[BaseDriver]&amp#27;[39m Waiting up to 10000 ms for condition
[debug] &amp#27;[35m[WD Proxy]&amp#27;[39m Matched '/element' to command name 'findElement'
[debug] &amp#27;[35m[WD Proxy]&amp#27;[39m Proxying [POST /element] to [POST http://localhost:8200/wd/hub/session/ff410add-4751-4649-9398-ab402248e740/element] with body: {"strategy":"id","selector":"com.androidsample.generalstore:id/btnLetsShop","context":"","multiple":false}
[debug] &amp#27;[35m[WD Proxy]&amp#27;[39m Got response with status 200: {"sessionId":"ff410add-4751-4649-9398-ab402248e740","status":0,"value":{"ELEMENT":"d60db26f-3e9c-4472-96ef-6a0168df3413"}}
[debug] &amp#27;[35m[W3C (14a97193)]&amp#27;[39m Responding to client with driver.findElement() result: {"element-6066-11e4-a52e-4f735466cecf":"d60db26f-3e9c-4472-96ef-6a0168df3413","ELEMENT":"d60db26f-3e9c-4472-96ef-6a0168df3413"}
&amp#27;[35m[HTTP]&amp#27;[39m &amp#27;[37m<-- POST /wd/hub/session/14a97193-21fa-43b0-8054-314686ab4828/element &amp#27;[39m&amp#27;[32m200&amp#27;[39m &amp#27;[90m715 ms - 137&amp#27;[39m
&amp#27;[35m[HTTP]&amp#27;[39m &amp#27;[90m&amp#27;[39m
&amp#27;[35m[HTTP]&amp#27;[39m &amp#27;[37m-->&amp#27;[39m &amp#27;[37mPOST&amp#27;[39m &amp#27;[37m/wd/hub/session/14a97193-21fa-43b0-8054-314686ab4828/element/d60db26f-3e9c-4472-96ef-6a0168df3413/click&amp#27;[39m
&amp#27;[35m[HTTP]&amp#27;[39m &amp#27;[90m{"id":"d60db26f-3e9c-4472-96ef-6a0168df3413"}&amp#27;[39m
[debug] &amp#27;[35m[W3C (14a97193)]&amp#27;[39m Calling AppiumDriver.click() with args: ["d60db26f-3e9c-4472-96ef-6a0168df3413","14a97193-21fa-43b0-8054-314686ab4828"]
[debug] &amp#27;[35m[WD Proxy]&amp#27;[39m Matched '/element/d60db26f-3e9c-4472-96ef-6a0168df3413/click' to command name 'click'
[debug] &amp#27;[35m[WD Proxy]&amp#27;[39m Proxying [POST /element/d60db26f-3e9c-4472-96ef-6a0168df3413/click] to [POST http://localhost:8200/wd/hub/session/ff410add-4751-4649-9398-ab402248e740/element/d60db26f-3e9c-4472-96ef-6a0168df3413/click] with body: {"element":"d60db26f-3e9c-4472-96ef-6a0168df3413"}
[debug] &amp#27;[35m[WD Proxy]&amp#27;[39m Got response with status 200: {"sessionId":"ff410add-4751-4649-9398-ab402248e740","status":0,"value":true}
[debug] &amp#27;[35m[W3C (14a97193)]&amp#27;[39m Responding to client with driver.click() result: true
&amp#27;[35m[HTTP]&amp#27;[39m &amp#27;[37m<-- POST /wd/hub/session/14a97193-21fa-43b0-8054-314686ab4828/element/d60db26f-3e9c-4472-96ef-6a0168df3413/click &amp#27;[39m&amp#27;[32m200&amp#27;[39m &amp#27;[90m95 ms - 14&amp#27;[39m
&amp#27;[35m[HTTP]&amp#27;[39m &amp#27;[90m&amp#27;[39m
&amp#27;[35m[HTTP]&amp#27;[39m &amp#27;[37m-->&amp#27;[39m &amp#27;[37mGET&amp#27;[39m &amp#27;[37m/wd/hub/session/14a97193-21fa-43b0-8054-314686ab4828/context&amp#27;[39m
&amp#27;[35m[HTTP]&amp#27;[39m &amp#27;[90m{}&amp#27;[39m
[debug] &amp#27;[35m[W3C (14a97193)]&amp#27;[39m Calling AppiumDriver.getCurrentContext() with args: ["14a97193-21fa-43b0-8054-314686ab4828"]
[debug] &amp#27;[35m[W3C (14a97193)]&amp#27;[39m Responding to client with driver.getCurrentContext() result: "NATIVE_APP"
&amp#27;[35m[HTTP]&amp#27;[39m &amp#27;[37m<-- GET /wd/hub/session/14a97193-21fa-43b0-8054-314686ab4828/context &amp#27;[39m&amp#27;[32m200&amp#27;[39m &amp#27;[90m2 ms - 22&amp#27;[39m
&amp#27;[35m[HTTP]&amp#27;[39m &amp#27;[90m&amp#27;[39m
&amp#27;[35m[HTTP]&amp#27;[39m &amp#27;[37m-->&amp#27;[39m &amp#27;[37mPOST&amp#27;[39m &amp#27;[37m/wd/hub/session/14a97193-21fa-43b0-8054-314686ab4828/elements&amp#27;[39m
&amp#27;[35m[HTTP]&amp#27;[39m &amp#27;[90m{"using":"xpath","value":"//*[@text='ADD TO CART']"}&amp#27;[39m
[debug] &amp#27;[35m[W3C (14a97193)]&amp#27;[39m Calling AppiumDriver.findElements() with args: ["xpath","//*[@text='ADD TO CART']","14a97193-21fa-43b0-8054-314686ab4828"]
[debug] &amp#27;[35m[BaseDriver]&amp#27;[39m Valid locator strategies for this request: xpath, id, class name, accessibility id, -android uiautomator
[debug] &amp#27;[35m[BaseDriver]&amp#27;[39m Waiting up to 10000 ms for condition
[debug] &amp#27;[35m[WD Proxy]&amp#27;[39m Matched '/elements' to command name 'findElements'
[debug] &amp#27;[35m[WD Proxy]&amp#27;[39m Proxying [POST /elements] to [POST http://localhost:8200/wd/hub/session/ff410add-4751-4649-9398-ab402248e740/elements] with body: {"strategy":"xpath","selector":"//*[@text='ADD TO CART']","context":"","multiple":true}
[debug] &amp#27;[35m[WD Proxy]&amp#27;[39m Got response with status 200: {"sessionId":"ff410add-4751-4649-9398-ab402248e740","status":0,"value":[{"ELEMENT":"3a17c59f-fbe5-4a42-b226-56483427373b"}]}
[debug] &amp#27;[35m[W3C (14a97193)]&amp#27;[39m Responding to client with driver.findElements() result: [{"element-6066-11e4-a52e-4f735466cecf":"3a17c59f-fbe5-4a42-b226-56483427373b","ELEMENT":"3a17c59f-fbe5-4a42-b226-56483427373b"}]
&amp#27;[35m[HTTP]&amp#27;[39m &amp#27;[37m<-- POST /wd/hub/session/14a97193-21fa-43b0-8054-314686ab4828/elements &amp#27;[39m&amp#27;[32m200&amp#27;[39m &amp#27;[90m1165 ms - 139&amp#27;[39m
&amp#27;[35m[HTTP]&amp#27;[39m &amp#27;[90m&amp#27;[39m
&amp#27;[35m[HTTP]&amp#27;[39m &amp#27;[37m-->&amp#27;[39m &amp#27;[37mPOST&amp#27;[39m &amp#27;[37m/wd/hub/session/14a97193-21fa-43b0-8054-314686ab4828/element/3a17c59f-fbe5-4a42-b226-56483427373b/click&amp#27;[39m
&amp#27;[35m[HTTP]&amp#27;[39m &amp#27;[90m{"id":"3a17c59f-fbe5-4a42-b226-56483427373b"}&amp#27;[39m
[debug] &amp#27;[35m[W3C (14a97193)]&amp#27;[39m Calling AppiumDriver.click() with args: ["3a17c59f-fbe5-4a42-b226-56483427373b","14a97193-21fa-43b0-8054-314686ab4828"]
[debug] &amp#27;[35m[WD Proxy]&amp#27;[39m Matched '/element/3a17c59f-fbe5-4a42-b226-56483427373b/click' to command name 'click'
[debug] &amp#27;[35m[WD Proxy]&amp#27;[39m Proxying [POST /element/3a17c59f-fbe5-4a42-b226-56483427373b/click] to [POST http://localhost:8200/wd/hub/session/ff410add-4751-4649-9398-ab402248e740/element/3a17c59f-fbe5-4a42-b226-56483427373b/click] with body: {"element":"3a17c59f-fbe5-4a42-b226-56483427373b"}
[debug] &amp#27;[35m[WD Proxy]&amp#27;[39m Got response with status 200: {"sessionId":"ff410add-4751-4649-9398-ab402248e740","status":0,"value":true}
[debug] &amp#27;[35m[W3C (14a97193)]&amp#27;[39m Responding to client with driver.click() result: true
&amp#27;[35m[HTTP]&amp#27;[39m &amp#27;[37m<-- POST /wd/hub/session/14a97193-21fa-43b0-8054-314686ab4828/element/3a17c59f-fbe5-4a42-b226-56483427373b/click &amp#27;[39m&amp#27;[32m200&amp#27;[39m &amp#27;[90m64 ms - 14&amp#27;[39m
&amp#27;[35m[HTTP]&amp#27;[39m &amp#27;[90m&amp#27;[39m
&amp#27;[35m[HTTP]&amp#27;[39m &amp#27;[37m-->&amp#27;[39m &amp#27;[37mGET&amp#27;[39m &amp#27;[37m/wd/hub/session/14a97193-21fa-43b0-8054-314686ab4828/context&amp#27;[39m
&amp#27;[35m[HTTP]&amp#27;[39m &amp#27;[90m{}&amp#27;[39m
[debug] &amp#27;[35m[W3C (14a97193)]&amp#27;[39m Calling AppiumDriver.getCurrentContext() with args: ["14a97193-21fa-43b0-8054-314686ab4828"]
[debug] &amp#27;[35m[W3C (14a97193)]&amp#27;[39m Responding to client with driver.getCurrentContext() result: "NATIVE_APP"
&amp#27;[35m[HTTP]&amp#27;[39m &amp#27;[37m<-- GET /wd/hub/session/14a97193-21fa-43b0-8054-314686ab4828/context &amp#27;[39m&amp#27;[32m200&amp#27;[39m &amp#27;[90m1 ms - 22&amp#27;[39m
&amp#27;[35m[HTTP]&amp#27;[39m &amp#27;[90m&amp#27;[39m
&amp#27;[35m[HTTP]&amp#27;[39m &amp#27;[37m-->&amp#27;[39m &amp#27;[37mPOST&amp#27;[39m &amp#27;[37m/wd/hub/session/14a97193-21fa-43b0-8054-314686ab4828/elements&amp#27;[39m
&amp#27;[35m[HTTP]&amp#27;[39m &amp#27;[90m{"using":"xpath","value":"//*[@text='ADD TO CART']"}&amp#27;[39m
[debug] &amp#27;[35m[W3C (14a97193)]&amp#27;[39m Calling AppiumDriver.findElements() with args: ["xpath","//*[@text='ADD TO CART']","14a97193-21fa-43b0-8054-314686ab4828"]
[debug] &amp#27;[35m[BaseDriver]&amp#27;[39m Valid locator strategies for this request: xpath, id, class name, accessibility id, -android uiautomator
[debug] &amp#27;[35m[BaseDriver]&amp#27;[39m Waiting up to 10000 ms for condition
[debug] &amp#27;[35m[WD Proxy]&amp#27;[39m Matched '/elements' to command name 'findElements'
[debug] &amp#27;[35m[WD Proxy]&amp#27;[39m Proxying [POST /elements] to [POST http://localhost:8200/wd/hub/session/ff410add-4751-4649-9398-ab402248e740/elements] with body: {"strategy":"xpath","selector":"//*[@text='ADD TO CART']","context":"","multiple":true}
[debug] &amp#27;[35m[WD Proxy]&amp#27;[39m Got response with status 200: {"sessionId":"ff410add-4751-4649-9398-ab402248e740","status":0,"value":[]}
[debug] &amp#27;[35m[BaseDriver]&amp#27;[39m Waited for 852 ms so far
[debug] &amp#27;[35m[WD Proxy]&amp#27;[39m Matched '/elements' to command name 'findElements'
[debug] &amp#27;[35m[WD Proxy]&amp#27;[39m Proxying [POST /elements] to [POST http://localhost:8200/wd/hub/session/ff410add-4751-4649-9398-ab402248e740/elements] with body: {"strategy":"xpath","selector":"//*[@text='ADD TO CART']","context":"","multiple":true}
[debug] &amp#27;[35m[WD Proxy]&amp#27;[39m Got response with status 200: {"sessionId":"ff410add-4751-4649-9398-ab402248e740","status":0,"value":[]}
[debug] &amp#27;[35m[BaseDriver]&amp#27;[39m Waited for 2184 ms so far
[debug] &amp#27;[35m[WD Proxy]&amp#27;[39m Matched '/elements' to command name 'findElements'
[debug] &amp#27;[35m[WD Proxy]&amp#27;[39m Proxying [POST /elements] to [POST http://localhost:8200/wd/hub/session/ff410add-4751-4649-9398-ab402248e740/elements] with body: {"strategy":"xpath","selector":"//*[@text='ADD TO CART']","context":"","multiple":true}
[debug] &amp#27;[35m[WD Proxy]&amp#27;[39m Got response with status 200: {"sessionId":"ff410add-4751-4649-9398-ab402248e740","status":0,"value":[]}
[debug] &amp#27;[35m[BaseDriver]&amp#27;[39m Waited for 2944 ms so far
[debug] &amp#27;[35m[WD Proxy]&amp#27;[39m Matched '/elements' to command name 'findElements'
[debug] &amp#27;[35m[WD Proxy]&amp#27;[39m Proxying [POST /elements] to [POST http://localhost:8200/wd/hub/session/ff410add-4751-4649-9398-ab402248e740/elements] with body: {"strategy":"xpath","selector":"//*[@text='ADD TO CART']","context":"","multiple":true}
[debug] &amp#27;[35m[WD Proxy]&amp#27;[39m Got response with status 200: {"sessionId":"ff410add-4751-4649-9398-ab402248e740","status":0,"value":[]}
[debug] &amp#27;[35m[BaseDriver]&amp#27;[39m Waited for 3778 ms so far
[debug] &amp#27;[35m[WD Proxy]&amp#27;[39m Matched '/elements' to command name 'findElements'
[debug] &amp#27;[35m[WD Proxy]&amp#27;[39m Proxying [POST /elements] to [POST http://localhost:8200/wd/hub/session/ff410add-4751-4649-9398-ab402248e740/elements] with body: {"strategy":"xpath","selector":"//*[@text='ADD TO CART']","context":"","multiple":true}
[debug] &amp#27;[35m[WD Proxy]&amp#27;[39m Got response with status 200: {"sessionId":"ff410add-4751-4649-9398-ab402248e740","status":0,"value":[]}
[debug] &amp#27;[35m[BaseDriver]&amp#27;[39m Waited for 4739 ms so far
[debug] &amp#27;[35m[WD Proxy]&amp#27;[39m Matched '/elements' to command name 'findElements'
[debug] &amp#27;[35m[WD Proxy]&amp#27;[39m Proxying [POST /elements] to [POST http://localhost:8200/wd/hub/session/ff410add-4751-4649-9398-ab402248e740/elements] with body: {"strategy":"xpath","selector":"//*[@text='ADD TO CART']","context":"","multiple":true}
[debug] &amp#27;[35m[WD Proxy]&amp#27;[39m Got response with status 200: {"sessionId":"ff410add-4751-4649-9398-ab402248e740","status":0,"value":[]}
[debug] &amp#27;[35m[BaseDriver]&amp#27;[39m Waited for 5474 ms so far
[debug] &amp#27;[35m[WD Proxy]&amp#27;[39m Matched '/elements' to command name 'findElements'
[debug] &amp#27;[35m[WD Proxy]&amp#27;[39m Proxying [POST /elements] to [POST http://localhost:8200/wd/hub/session/ff410add-4751-4649-9398-ab402248e740/elements] with body: {"strategy":"xpath","selector":"//*[@text='ADD TO CART']","context":"","multiple":true}
[debug] &amp#27;[35m[WD Proxy]&amp#27;[39m Got response with status 200: {"sessionId":"ff410add-4751-4649-9398-ab402248e740","status":0,"value":[]}
[debug] &amp#27;[35m[BaseDriver]&amp#27;[39m Waited for 6154 ms so far
[debug] &amp#27;[35m[WD Proxy]&amp#27;[39m Matched '/elements' to command name 'findElements'
[debug] &amp#27;[35m[WD Proxy]&amp#27;[39m Proxying [POST /elements] to [POST http://localhost:8200/wd/hub/session/ff410add-4751-4649-9398-ab402248e740/elements] with body: {"strategy":"xpath","selector":"//*[@text='ADD TO CART']","context":"","multiple":true}
[debug] &amp#27;[35m[WD Proxy]&amp#27;[39m Got response with status 200: {"sessionId":"ff410add-4751-4649-9398-ab402248e740","status":0,"value":[]}
[debug] &amp#27;[35m[BaseDriver]&amp#27;[39m Waited for 6862 ms so far
[debug] &amp#27;[35m[WD Proxy]&amp#27;[39m Matched '/elements' to command name 'findElements'
[debug] &amp#27;[35m[WD Proxy]&amp#27;[39m Proxying [POST /elements] to [POST http://localhost:8200/wd/hub/session/ff410add-4751-4649-9398-ab402248e740/elements] with body: {"strategy":"xpath","selector":"//*[@text='ADD TO CART']","context":"","multiple":true}
[debug] &amp#27;[35m[WD Proxy]&amp#27;[39m Got response with status 200: {"sessionId":"ff410add-4751-4649-9398-ab402248e740","status":0,"value":[]}
[debug] &amp#27;[35m[BaseDriver]&amp#27;[39m Waited for 7733 ms so far
[debug] &amp#27;[35m[WD Proxy]&amp#27;[39m Matched '/elements' to command name 'findElements'
[debug] &amp#27;[35m[WD Proxy]&amp#27;[39m Proxying [POST /elements] to [POST http://localhost:8200/wd/hub/session/ff410add-4751-4649-9398-ab402248e740/elements] with body: {"strategy":"xpath","selector":"//*[@text='ADD TO CART']","context":"","multiple":true}
[debug] &amp#27;[35m[WD Proxy]&amp#27;[39m Got response with status 200: {"sessionId":"ff410add-4751-4649-9398-ab402248e740","status":0,"value":[]}
[debug] &amp#27;[35m[BaseDriver]&amp#27;[39m Waited for 8516 ms so far
[debug] &amp#27;[35m[WD Proxy]&amp#27;[39m Matched '/elements' to command name 'findElements'
[debug] &amp#27;[35m[WD Proxy]&amp#27;[39m Proxying [POST /elements] to [POST http://localhost:8200/wd/hub/session/ff410add-4751-4649-9398-ab402248e740/elements] with body: {"strategy":"xpath","selector":"//*[@text='ADD TO CART']","context":"","multiple":true}
[debug] &amp#27;[35m[WD Proxy]&amp#27;[39m Got response with status 200: {"sessionId":"ff410add-4751-4649-9398-ab402248e740","status":0,"value":[]}
[debug] &amp#27;[35m[BaseDriver]&amp#27;[39m Waited for 9774 ms so far
[debug] &amp#27;[35m[WD Proxy]&amp#27;[39m Matched '/elements' to command name 'findElements'
[debug] &amp#27;[35m[WD Proxy]&amp#27;[39m Proxying [POST /elements] to [POST http://localhost:8200/wd/hub/session/ff410add-4751-4649-9398-ab402248e740/elements] with body: {"strategy":"xpath","selector":"//*[@text='ADD TO CART']","context":"","multiple":true}
[debug] &amp#27;[35m[WD Proxy]&amp#27;[39m Got response with status 200: {"sessionId":"ff410add-4751-4649-9398-ab402248e740","status":0,"value":[]}
[debug] &amp#27;[35m[W3C (14a97193)]&amp#27;[39m Responding to client with driver.findElements() result: []
&amp#27;[35m[HTTP]&amp#27;[39m &amp#27;[37m<-- POST /wd/hub/session/14a97193-21fa-43b0-8054-314686ab4828/elements &amp#27;[39m&amp#27;[32m200&amp#27;[39m &amp#27;[90m11129 ms - 12&amp#27;[39m
&amp#27;[35m[HTTP]&amp#27;[39m &amp#27;[90m&amp#27;[39m
Failed
&amp#27;[35m[HTTP]&amp#27;[39m &amp#27;[37m-->&amp#27;[39m &amp#27;[37mGET&amp#27;[39m &amp#27;[37m/wd/hub/session/14a97193-21fa-43b0-8054-314686ab4828/screenshot&amp#27;[39m
&amp#27;[35m[HTTP]&amp#27;[39m &amp#27;[90m{}&amp#27;[39m
[debug] &amp#27;[35m[W3C (14a97193)]&amp#27;[39m Calling AppiumDriver.getScreenshot() with args: ["14a97193-21fa-43b0-8054-314686ab4828"]
[debug] &amp#27;[35m[WD Proxy]&amp#27;[39m Matched '/screenshot' to command name 'getScreenshot'
[debug] &amp#27;[35m[WD Proxy]&amp#27;[39m Proxying [GET /screenshot] to [GET http://localhost:8200/wd/hub/session/ff410add-4751-4649-9398-ab402248e740/screenshot] with no body
[debug] &amp#27;[35m[WD Proxy]&amp#27;[39m Got response with status 200: "{\"sessionId\":\"ff410add-4751-4649-9398-ab402248e740\",\"status\":0,\"value\":\"iVBORw0KGgoAAAANSUhEUgAABDgAAAeACAYAAAArYecKAAAABHNCSVQICAgIfAhkiAAAIABJREFU\\neJzs3XecXGX5NvDrlOmzZbZn03sghYRAIBAkdJAWQLoCCiKCIoovqCA\\/QakKCtIEpVjoUkWqEEho\\nISEB0knfzfbd2ZnZ6ae8f0zJtO1TdsL1\\/Xwi2dmZOc+s2d1zrrmf+xYc6y\\/QQURERERERERUxMRC\\nL4CIiIiIiIiIaLgYcBARERERERFR0WPAQURERERERERFjwEHERERERERERU9BhxEREREREREVPQY\\ncBARERERERFR0WPAQURERERERERFjwEHERERERERERU9BhxEREREREREVPQYcBARERERERFR0WPA\\nQURERERERERFjwEHERERERERERU9BhxEREREREREVPQYcBARERERERFR0ZMLvQCirwtZkHBZxbEQ\\nIODBrjcQ1tVCL2nY7KIZDsmOcskKm2iGUZAhQoSiKwjoYbg1P5yqF27Vi6Cu9PlcJkFGqWSFQ7Kj\\nVLTAJBhgEGRo0BDSFXi1ALpVH5xqD7xaEDr0PL1KIiIiIiIqBgw4iHJMgohFtn1wQ\\/WZmGeZCABY\\nUrIAN7U\\/i+XeDVChFXiFg2cVTaiQ7JhlGocDrVMw1zwBk4y1cEh2mAUDXKoPnaoH64INWOnfgtX+\\nHdgeboVL9SGUEnQYBRmlogUTjDXY3zIJB1gmY6ZpLKqkEpRJNgT0MLpVL7aHWrEmsAOf+rfgy8Au\\ndKk98GqBAn0FiIhob1MmWeFSfYVeBhFlweG2mbAIxj7v49eDeM+7Pk8ronwRHOsv4NugRDlSK5fj\\nb6Mvx3zLZJiE5DwxqCv4zL8V39t9P1qV7gKtcHAECDAKMo60z8JF5UfgIOs0...
[debug] &amp#27;[35m[W3C (14a97193)]&amp#27;[39m Responding to client with driver.getScreenshot() result: "iVBORw0KGgoAAAANSUhEUgAABDgAAAeACAYAAAArYecKAAAABHNCSVQICAgIfAhkiAAAIABJREFU\neJzs3XecXGX5NvDrlOmzZbZn03sghYRAIBAkdJAWQLoCCiKCIoovqCA/QakKCtIEpVjoUkWqEEho\nISEB0knfzfbd2ZnZ6ae8f0zJtO1TdsL1/Xwi2dmZOc+s2d1zrrmf+xYc6y/QQURERERERERUxMRC\nL4CIiIiIiIiIaLgYcBARERERERFR0WPAQURERERERERFjwEHERERERERERU9BhxEREREREREVPQY\ncBARERERERFR0WPAQURERERERERFjwEHERERERERERU9BhxEREREREREVPQYcBARERERERFR0WPA\nQURERERERERFjwEHERERERERERU9BhxEREREREREVPQYcBARERERERFR0ZMLvQCirwtZkHBZxbEQ\nIODBrjcQ1tVCL2nY7KIZDsmOcskKm2iGUZAhQoSiKwjoYbg1P5yqF27Vi6Cu9PlcJkFGqWSFQ7Kj\nVLTAJBhgEGRo0BDSFXi1ALpVH5xqD7xaEDr0PL1KIiIiIiIqBgw4iHJMgohFtn1wQ/WZmGeZCABY\nUrIAN7U/i+XeDVChFXiFg2cVTaiQ7JhlGocDrVMw1zwBk4y1cEh2mAUDXKoPnaoH64INWOnfgtX+\nHdgeboVL9SGUEnQYBRmlogUTjDXY3zIJB1gmY6ZpLKqkEpRJNgT0MLpVL7aHWrEmsAOf+rfgy8Au\ndKk98GqBAn0FiIhob1MmWeFSfYVeBhFlweG2mbAIxj7v49eDeM+7Pk8ronwRHOsv4NugRDlSK5fj\nb6Mvx3zLZJiE5DwxqCv4zL8V39t9P1qV7gKtcHAECDAKMo60z8JF5UfgIOs0lIqWfh+3K9yBVzyf\n4qnuD7A51BSvXjEIEiYb63B22aE4tXQBJhiq+30uj+bHSv9WPOp8B2/1fIGQrhRdNYcsSLAKRlhE\nEwDArw...
&amp#27;[35m[HTTP]&amp#27;[39m &amp#27;[37m<-- GET /wd/hub/session/14a97193-21fa-43b0-8054-314686ab4828/screenshot &amp#27;[39m&amp#27;[32m200&amp#27;[39m &amp#27;[90m1039 ms - 378062&amp#27;[39m
&amp#27;[35m[HTTP]&amp#27;[39m &amp#27;[90m&amp#27;[39m
]]></system-out>
    <system-err><![CDATA[Jun 22, 2020 3:25:24 AM io.appium.java_client.remote.AppiumCommandExecutor$1 lambda$0
INFO: Detected dialect: W3C
]]></system-err>
  </testcase>
  <testcase name="ApiTest" classname="practice.AppiumFrameWork.ApiDemoTest" time="148.41">
    <system-out><![CDATA[&amp#27;[35m[BaseDriver]&amp#27;[39m Shutting down because we waited 14 seconds for a command
[debug] &amp#27;[35m[UiAutomator2]&amp#27;[39m Deleting UiAutomator2 session
[debug] &amp#27;[35m[UiAutomator2]&amp#27;[39m Deleting UiAutomator2 server session
[debug] &amp#27;[35m[WD Proxy]&amp#27;[39m Matched '/' to command name 'deleteSession'
[debug] &amp#27;[35m[WD Proxy]&amp#27;[39m Proxying [DELETE /] to [DELETE http://localhost:8200/wd/hub/session/ff410add-4751-4649-9398-ab402248e740] with no body
&amp#27;[35m[Appium]&amp#27;[39m Closing session, cause was 'New Command Timeout of 14 seconds expired. Try customizing the timeout using the 'newCommandTimeout' desired capability'
&amp#27;[35m[Appium]&amp#27;[39m Removing session 14a97193-21fa-43b0-8054-314686ab4828 from our master session list
[debug] &amp#27;[35m[WD Proxy]&amp#27;[39m Got response with status 200: "{\"sessionId\":\"ff410add-4751-4649-9398-ab402248e740\",\"status\":0,\"value\":\"Session deleted\"}"
[debug] &amp#27;[35m[ADB]&amp#27;[39m Running 'C:\Users\Himanshu\AppData\Local\Android\sdk\platform-tools\adb.exe -P 5037 -s 3289911a0504 shell am force-stop com.androidsample.generalstore'
[debug] &amp#27;[35m[Instrumentation]&amp#27;[39m .
[debug] &amp#27;[35m[Logcat]&amp#27;[39m Stopping logcat capture
[debug] &amp#27;[35m[ADB]&amp#27;[39m Removing forwarded port socket connection: 8200 
[debug] &amp#27;[35m[ADB]&amp#27;[39m Running 'C:\Users\Himanshu\AppData\Local\Android\sdk\platform-tools\adb.exe -P 5037 -s 3289911a0504 forward --remove tcp\:8200'
&amp#27;[35m[UiAutomator2]&amp#27;[39m Restoring hidden api policy to the device default configuration
[debug] &amp#27;[35m[ADB]&amp#27;[39m Running 'C:\Users\Himanshu\AppData\Local\Android\sdk\platform-tools\adb.exe -P 5037 -s 3289911a0504 shell settings delete global hidden_api_policy_pre_p_apps'
[debug] &amp#27;[35m[ADB]&amp#27;[39m Running 'C:\Users\Himanshu\AppData\Local\Android\sdk\platform-tools\adb.exe -P 5037 -s 3289911a0504 shell settings delete global hidden_api_policy_p_apps'
[debug] &amp#27;[35m[ADB]&amp#27;[39m Running 'C:\Users\Himanshu\AppData\Local\Android\sdk\platform-tools\adb.exe -P 5037 -s 3289911a0504 shell settings delete global hidden_api_policy'
[debug] &amp#27;[35m[Instrumentation]&amp#27;[39m Time: 46.071
[debug] &amp#27;[35m[Instrumentation]&amp#27;[39m 
[debug] &amp#27;[35m[Instrumentation]&amp#27;[39m OK (1 test)
[debug] &amp#27;[35m[Instrumentation]&amp#27;[39m The process has exited with code 0
&amp#27;[35m[HTTP]&amp#27;[39m &amp#27;[37m-->&amp#27;[39m &amp#27;[37mPOST&amp#27;[39m &amp#27;[37m/wd/hub/session&amp#27;[39m
&amp#27;[35m[HTTP]&amp#27;[39m &amp#27;[90m{"desiredCapabilities":{"app":"C:\\Users\\Himanshu\\eclipse-workspace\\AppiumFrameWork\\src\\original.apk","automationName":"uiautomator2","platformName":"Android","deviceName":"Andriod Device","newCommandTimeout":14},"capabilities":{"firstMatch":[{"appium:app":"C:\\Users\\Himanshu\\eclipse-workspace\\AppiumFrameWork\\src\\original.apk","appium:automationName":"uiautomator2","appium:deviceName":"Andriod Device","appium:newCommandTimeout":14,"platformName":"android"}]}}&amp#27;[39m
[debug] &amp#27;[35m[W3C]&amp#27;[39m Calling AppiumDriver.createSession() with args: [{"app":"C:\\Users\\Himanshu\\eclipse-workspace\\AppiumFrameWork\\src\\original.apk","automationName":"uiautomator2","platformName":"Android","deviceName":"Andriod Device","newCommandTimeout":14},null,{"firstMatch":[{"appium:app":"C:\\Users\\Himanshu\\eclipse-workspace\\AppiumFrameWork\\src\\original.apk","appium:automationName":"uiautomator2","appium:deviceName":"Andriod Device","appium:newCommandTimeout":14,"platformName":"android"}]}]
[debug] &amp#27;[35m[BaseDriver]&amp#27;[39m Event 'newSessionRequested' logged at 1592776673032 (03:27:53 GMT+0530 (India Standard Time))
&amp#27;[35m[Appium]&amp#27;[39m Appium v1.12.1 creating new AndroidUiautomator2Driver (v1.33.0) session
&amp#27;[35m[Appium]&amp#27;[39m Capabilities:
&amp#27;[35m[Appium]&amp#27;[39m   platformName: android
&amp#27;[35m[Appium]&amp#27;[39m   app: C:\Users\Himanshu\eclipse-workspace\AppiumFrameWork\src\original.apk
&amp#27;[35m[Appium]&amp#27;[39m   automationName: uiautomator2
&amp#27;[35m[Appium]&amp#27;[39m   deviceName: Andriod Device
&amp#27;[35m[Appium]&amp#27;[39m   newCommandTimeout: 14
[debug] &amp#27;[35m[BaseDriver]&amp#27;[39m W3C capabilities {"alwaysMatch":{"platformNa... and MJSONWP desired capabilities {"app":"C:\\Users\\Himanshu... were provided
[debug] &amp#27;[35m[BaseDriver]&amp#27;[39m Creating session with W3C capabilities: {"alwaysMatch":{"platformNa...
&amp#27;[35m[BaseDriver]&amp#27;[39m Session created with session id: c7ffb758-e18b-4363-9b75-114ee4dc2cc3
&amp#27;[35m[BaseDriver]&amp#27;[39m Using local app 'C:\Users\Himanshu\eclipse-workspace\AppiumFrameWork\src\original.apk'
[debug] &amp#27;[35m[UiAutomator2]&amp#27;[39m Checking whether app is actually present
&amp#27;[35m[AndroidDriver]&amp#27;[39m Retrieving device list
[debug] &amp#27;[35m[ADB]&amp#27;[39m Trying to find a connected android device
[debug] &amp#27;[35m[ADB]&amp#27;[39m Getting connected devices...
[debug] &amp#27;[35m[ADB]&amp#27;[39m 1 device(s) connected
&amp#27;[35m[AndroidDriver]&amp#27;[39m Using device: 3289911a0504
[debug] &amp#27;[35m[ADB]&amp#27;[39m Setting device id to 3289911a0504
[debug] &amp#27;[35m[ADB]&amp#27;[39m Running 'C:\Users\Himanshu\AppData\Local\Android\sdk\platform-tools\adb.exe -P 5037 -s 3289911a0504 shell getprop ro.build.version.sdk'
[debug] &amp#27;[35m[ADB]&amp#27;[39m Current device property 'ro.build.version.sdk': 28
[debug] &amp#27;[35m[ADB]&amp#27;[39m Device API level: 28
&amp#27;[35m[UiAutomator2]&amp#27;[39m Relaxing hidden api policy
[debug] &amp#27;[35m[ADB]&amp#27;[39m Running 'C:\Users\Himanshu\AppData\Local\Android\sdk\platform-tools\adb.exe -P 5037 -s 3289911a0504 shell settings put global hidden_api_policy_pre_p_apps 1'
[debug] &amp#27;[35m[ADB]&amp#27;[39m Running 'C:\Users\Himanshu\AppData\Local\Android\sdk\platform-tools\adb.exe -P 5037 -s 3289911a0504 shell settings put global hidden_api_policy_p_apps 1'
[debug] &amp#27;[35m[ADB]&amp#27;[39m Running 'C:\Users\Himanshu\AppData\Local\Android\sdk\platform-tools\adb.exe -P 5037 -s 3289911a0504 shell settings put global hidden_api_policy 1'
[debug] &amp#27;[35m[AndroidDriver]&amp#27;[39m Parsing package and activity from app manifest
&amp#27;[35m[ADB]&amp#27;[39m Using the alternative activity name detection method because of: Could not find apkanalyzer.bat in C:\Users\Himanshu\AppData\Local\Android\sdk\platform-tools\apkanalyzer.bat,C:\Users\Himanshu\AppData\Local\Android\sdk\emulator\apkanalyzer.bat,C:\Users\Himanshu\AppData\Local\Android\sdk\tools\apkanalyzer.bat,C:\Users\Himanshu\AppData\Local\Android\sdk\tools\bin\apkanalyzer.bat,C:\Users\Himanshu\AppData\Local\Android\sdk\build-tools\28.0.3\apkanalyzer.bat. Do you have the Android SDK installed at 'C:\Users\Himanshu\AppData\Local\Android\sdk'?
&amp#27;[35m[ADB]&amp#27;[39m Extracting package and launch activity from manifest
&amp#27;[35m[ADB]&amp#27;[39m Package name: 'io.appium.android.apis'
&amp#27;[35m[ADB]&amp#27;[39m Main activity name: 'io.appium.android.apis.ApiDemos'
[debug] &amp#27;[35m[AndroidDriver]&amp#27;[39m Parsed package and activity are: io.appium.android.apis/io.appium.android.apis.ApiDemos
[debug] &amp#27;[35m[ADB]&amp#27;[39m Running 'C:\Users\Himanshu\AppData\Local\Android\sdk\platform-tools\adb.exe -P 5037 -s 3289911a0504 wait-for-device'
[debug] &amp#27;[35m[ADB]&amp#27;[39m Running 'C:\Users\Himanshu\AppData\Local\Android\sdk\platform-tools\adb.exe -P 5037 -s 3289911a0504 shell echo ping'
[debug] &amp#27;[35m[AndroidDriver]&amp#27;[39m Pushing settings apk to device...
[debug] &amp#27;[35m[ADB]&amp#27;[39m Getting install status for io.appium.settings
[debug] &amp#27;[35m[ADB]&amp#27;[39m Running 'C:\Users\Himanshu\AppData\Local\Android\sdk\platform-tools\adb.exe -P 5037 -s 3289911a0504 shell dumpsys package io.appium.settings'
[debug] &amp#27;[35m[ADB]&amp#27;[39m 'io.appium.settings' is installed
[debug] &amp#27;[35m[ADB]&amp#27;[39m Getting package info for 'io.appium.settings'
[debug] &amp#27;[35m[ADB]&amp#27;[39m Running 'C:\Users\Himanshu\AppData\Local\Android\sdk\platform-tools\adb.exe -P 5037 -s 3289911a0504 shell dumpsys package io.appium.settings'
[debug] &amp#27;[35m[ADB]&amp#27;[39m The version name of the installed 'io.appium.settings' is greater or equal to the application version name ('2.14.0' >= '2.14.0')
[debug] &amp#27;[35m[ADB]&amp#27;[39m There is no need to install/upgrade 'C:\Users\Himanshu\AppData\Roaming\npm\node_modules\appium\node_modules\io.appium.settings\apks\settings_apk-debug.apk'
[debug] &amp#27;[35m[ADB]&amp#27;[39m Getting IDs of all 'io.appium.settings' processes
[debug] &amp#27;[35m[ADB]&amp#27;[39m Running 'C:\Users\Himanshu\AppData\Local\Android\sdk\platform-tools\adb.exe -P 5037 -s 3289911a0504 shell 'pgrep --help; echo $?''
[debug] &amp#27;[35m[ADB]&amp#27;[39m Running 'C:\Users\Himanshu\AppData\Local\Android\sdk\platform-tools\adb.exe -P 5037 -s 3289911a0504 shell pgrep -f \^io\\.appium\\.settings\$'
[...]
[debug] &amp#27;[35m[WD Proxy]&amp#27;[39m Proxying [POST /element] to [POST http://localhost:8200/wd/hub/session/1f428735-478e-4248-acfb-1a7313b0a052/element] with body: {"strategy":"xpath","selector":"//android.widget.TextView[@text='3. Preference dependencies']","context":"","multiple":false}
[debug] &amp#27;[35m[WD Proxy]&amp#27;[39m Got response with status 200: {"sessionId":"1f428735-478e-4248-acfb-1a7313b0a052","status":0,"value":{"ELEMENT":"dc8d391a-6458-430c-922d-c309a4733deb"}}
[debug] &amp#27;[35m[W3C (c7ffb758)]&amp#27;[39m Responding to client with driver.findElement() result: {"element-6066-11e4-a52e-4f735466cecf":"dc8d391a-6458-430c-922d-c309a4733deb","ELEMENT":"dc8d391a-6458-430c-922d-c309a4733deb"}
&amp#27;[35m[HTTP]&amp#27;[39m &amp#27;[37m<-- POST /wd/hub/session/c7ffb758-e18b-4363-9b75-114ee4dc2cc3/element &amp#27;[39m&amp#27;[32m200&amp#27;[39m &amp#27;[90m264 ms - 137&amp#27;[39m
&amp#27;[35m[HTTP]&amp#27;[39m &amp#27;[90m&amp#27;[39m
&amp#27;[35m[HTTP]&amp#27;[39m &amp#27;[37m-->&amp#27;[39m &amp#27;[37mPOST&amp#27;[39m &amp#27;[37m/wd/hub/session/c7ffb758-e18b-4363-9b75-114ee4dc2cc3/element/dc8d391a-6458-430c-922d-c309a4733deb/click&amp#27;[39m
&amp#27;[35m[HTTP]&amp#27;[39m &amp#27;[90m{"id":"dc8d391a-6458-430c-922d-c309a4733deb"}&amp#27;[39m
[debug] &amp#27;[35m[W3C (c7ffb758)]&amp#27;[39m Calling AppiumDriver.click() with args: ["dc8d391a-6458-430c-922d-c309a4733deb","c7ffb758-e18b-4363-9b75-114ee4dc2cc3"]
[debug] &amp#27;[35m[WD Proxy]&amp#27;[39m Matched '/element/dc8d391a-6458-430c-922d-c309a4733deb/click' to command name 'click'
[debug] &amp#27;[35m[WD Proxy]&amp#27;[39m Proxying [POST /element/dc8d391a-6458-430c-922d-c309a4733deb/click] to [POST http://localhost:8200/wd/hub/session/1f428735-478e-4248-acfb-1a7313b0a052/element/dc8d391a-6458-430c-922d-c309a4733deb/click] with body: {"element":"dc8d391a-6458-430c-922d-c309a4733deb"}
[debug] &amp#27;[35m[WD Proxy]&amp#27;[39m Got response with status 200: {"sessionId":"1f428735-478e-4248-acfb-1a7313b0a052","status":0,"value":true}
[debug] &amp#27;[35m[W3C (c7ffb758)]&amp#27;[39m Responding to client with driver.click() result: true
&amp#27;[35m[HTTP]&amp#27;[39m &amp#27;[37m<-- POST /wd/hub/session/c7ffb758-e18b-4363-9b75-114ee4dc2cc3/element/dc8d391a-6458-430c-922d-c309a4733deb/click &amp#27;[39m&amp#27;[32m200&amp#27;[39m &amp#27;[90m1445 ms - 14&amp#27;[39m
&amp#27;[35m[HTTP]&amp#27;[39m &amp#27;[90m&amp#27;[39m
User on pageObjects.Dependencies page
Locator Located by By.chained({By.id: android:id/checkbox})
&amp#27;[35m[HTTP]&amp#27;[39m &amp#27;[37m-->&amp#27;[39m &amp#27;[37mGET&amp#27;[39m &amp#27;[37m/wd/hub/session/c7ffb758-e18b-4363-9b75-114ee4dc2cc3/context&amp#27;[39m
&amp#27;[35m[HTTP]&amp#27;[39m &amp#27;[90m{}&amp#27;[39m
[debug] &amp#27;[35m[W3C (c7ffb758)]&amp#27;[39m Calling AppiumDriver.getCurrentContext() with args: ["c7ffb758-e18b-4363-9b75-114ee4dc2cc3"]
[debug] &amp#27;[35m[W3C (c7ffb758)]&amp#27;[39m Responding to client with driver.getCurrentContext() result: "NATIVE_APP"
&amp#27;[35m[HTTP]&amp#27;[39m &amp#27;[37m<-- GET /wd/hub/session/c7ffb758-e18b-4363-9b75-114ee4dc2cc3/context &amp#27;[39m&amp#27;[32m200&amp#27;[39m &amp#27;[90m2 ms - 22&amp#27;[39m
&amp#27;[35m[HTTP]&amp#27;[39m &amp#27;[90m&amp#27;[39m
&amp#27;[35m[HTTP]&amp#27;[39m &amp#27;[37m-->&amp#27;[39m &amp#27;[37mPOST&amp#27;[39m &amp#27;[37m/wd/hub/session/c7ffb758-e18b-4363-9b75-114ee4dc2cc3/element&amp#27;[39m
&amp#27;[35m[HTTP]&amp#27;[39m &amp#27;[90m{"using":"id","value":"android:id/checkbox"}&amp#27;[39m
[debug] &amp#27;[35m[W3C (c7ffb758)]&amp#27;[39m Calling AppiumDriver.findElement() with args: ["id","android:id/checkbox","c7ffb758-e18b-4363-9b75-114ee4dc2cc3"]
[debug] &amp#27;[35m[BaseDriver]&amp#27;[39m Valid locator strategies for this request: xpath, id, class name, accessibility id, -android uiautomator
[debug] &amp#27;[35m[BaseDriver]&amp#27;[39m Waiting up to 10000 ms for condition
[debug] &amp#27;[35m[WD Proxy]&amp#27;[39m Matched '/element' to command name 'findElement'
[debug] &amp#27;[35m[WD Proxy]&amp#27;[39m Proxying [POST /element] to [POST http://localhost:8200/wd/hub/session/1f428735-478e-4248-acfb-1a7313b0a052/element] with body: {"strategy":"id","selector":"android:id/checkbox","context":"","multiple":false}
[debug] &amp#27;[35m[WD Proxy]&amp#27;[39m Got response with status 200: {"sessionId":"1f428735-478e-4248-acfb-1a7313b0a052","status":0,"value":{"ELEMENT":"dabd53ba-bedd-484c-b6ad-da3b19d1cf0a"}}
[debug] &amp#27;[35m[W3C (c7ffb758)]&amp#27;[39m Responding to client with driver.findElement() result: {"element-6066-11e4-a52e-4f735466cecf":"dabd53ba-bedd-484c-b6ad-da3b19d1cf0a","ELEMENT":"dabd53ba-bedd-484c-b6ad-da3b19d1cf0a"}
&amp#27;[35m[HTTP]&amp#27;[39m &amp#27;[37m<-- POST /wd/hub/session/c7ffb758-e18b-4363-9b75-114ee4dc2cc3/element &amp#27;[39m&amp#27;[32m200&amp#27;[39m &amp#27;[90m72 ms - 137&amp#27;[39m
&amp#27;[35m[HTTP]&amp#27;[39m &amp#27;[90m&amp#27;[39m
&amp#27;[35m[HTTP]&amp#27;[39m &amp#27;[37m-->&amp#27;[39m &amp#27;[37mPOST&amp#27;[39m &amp#27;[37m/wd/hub/session/c7ffb758-e18b-4363-9b75-114ee4dc2cc3/element/dabd53ba-bedd-484c-b6ad-da3b19d1cf0a/click&amp#27;[39m
&amp#27;[35m[HTTP]&amp#27;[39m &amp#27;[90m{"id":"dabd53ba-bedd-484c-b6ad-da3b19d1cf0a"}&amp#27;[39m
[debug] &amp#27;[35m[W3C (c7ffb758)]&amp#27;[39m Calling AppiumDriver.click() with args: ["dabd53ba-bedd-484c-b6ad-da3b19d1cf0a","c7ffb758-e18b-4363-9b75-114ee4dc2cc3"]
[debug] &amp#27;[35m[WD Proxy]&amp#27;[39m Matched '/element/dabd53ba-bedd-484c-b6ad-da3b19d1cf0a/click' to command name 'click'
[debug] &amp#27;[35m[WD Proxy]&amp#27;[39m Proxying [POST /element/dabd53ba-bedd-484c-b6ad-da3b19d1cf0a/click] to [POST http://localhost:8200/wd/hub/session/1f428735-478e-4248-acfb-1a7313b0a052/element/dabd53ba-bedd-484c-b6ad-da3b19d1cf0a/click] with body: {"element":"dabd53ba-bedd-484c-b6ad-da3b19d1cf0a"}
[debug] &amp#27;[35m[WD Proxy]&amp#27;[39m Got response with status 200: {"sessionId":"1f428735-478e-4248-acfb-1a7313b0a052","status":0,"value":true}
[debug] &amp#27;[35m[W3C (c7ffb758)]&amp#27;[39m Responding to client with driver.click() result: true
&amp#27;[35m[HTTP]&amp#27;[39m &amp#27;[37m<-- POST /wd/hub/session/c7ffb758-e18b-4363-9b75-114ee4dc2cc3/element/dabd53ba-bedd-484c-b6ad-da3b19d1cf0a/click &amp#27;[39m&amp#27;[32m200&amp#27;[39m &amp#27;[90m903 ms - 14&amp#27;[39m
&amp#27;[35m[HTTP]&amp#27;[39m &amp#27;[90m&amp#27;[39m
&amp#27;[35m[HTTP]&amp#27;[39m &amp#27;[37m-->&amp#27;[39m &amp#27;[37mGET&amp#27;[39m &amp#27;[37m/wd/hub/session/c7ffb758-e18b-4363-9b75-114ee4dc2cc3/context&amp#27;[39m
&amp#27;[35m[HTTP]&amp#27;[39m &amp#27;[90m{}&amp#27;[39m
[debug] &amp#27;[35m[W3C (c7ffb758)]&amp#27;[39m Calling AppiumDriver.getCurrentContext() with args: ["c7ffb758-e18b-4363-9b75-114ee4dc2cc3"]
[debug] &amp#27;[35m[W3C (c7ffb758)]&amp#27;[39m Responding to client with driver.getCurrentContext() result: "NATIVE_APP"
&amp#27;[35m[HTTP]&amp#27;[39m &amp#27;[37m<-- GET /wd/hub/session/c7ffb758-e18b-4363-9b75-114ee4dc2cc3/context &amp#27;[39m&amp#27;[32m200&amp#27;[39m &amp#27;[90m4 ms - 22&amp#27;[39m
&amp#27;[35m[HTTP]&amp#27;[39m &amp#27;[90m&amp#27;[39m
&amp#27;[35m[HTTP]&amp#27;[39m &amp#27;[37m-->&amp#27;[39m &amp#27;[37mPOST&amp#27;[39m &amp#27;[37m/wd/hub/session/c7ffb758-e18b-4363-9b75-114ee4dc2cc3/element&amp#27;[39m
&amp#27;[35m[HTTP]&amp#27;[39m &amp#27;[90m{"using":"xpath","value":"(//android.widget.RelativeLayout)[2]"}&amp#27;[39m
[debug] &amp#27;[35m[W3C (c7ffb758)]&amp#27;[39m Calling AppiumDriver.findElement() with args: ["xpath","(//android.widget.RelativeLayout)[2]","c7ffb758-e18b-4363-9b75-114ee4dc2cc3"]
[debug] &amp#27;[35m[BaseDriver]&amp#27;[39m Valid locator strategies for this request: xpath, id, class name, accessibility id, -android uiautomator
[debug] &amp#27;[35m[BaseDriver]&amp#27;[39m Waiting up to 10000 ms for condition
[debug] &amp#27;[35m[WD Proxy]&amp#27;[39m Matched '/element' to command name 'findElement'
[debug] &amp#27;[35m[WD Proxy]&amp#27;[39m Proxying [POST /element] to [POST http://localhost:8200/wd/hub/session/1f428735-478e-4248-acfb-1a7313b0a052/element] with body: {"strategy":"xpath","selector":"(//android.widget.RelativeLayout)[2]","context":"","multiple":false}
[debug] &amp#27;[35m[WD Proxy]&amp#27;[39m Got response with status 200: {"sessionId":"1f428735-478e-4248-acfb-1a7313b0a052","status":0,"value":{"ELEMENT":"9f77305c-536f-450c-8c80-79f655941d66"}}
[debug] &amp#27;[35m[W3C (c7ffb758)]&amp#27;[39m Responding to client with driver.findElement() result: {"element-6066-11e4-a52e-4f735466cecf":"9f77305c-536f-450c-8c80-79f655941d66","ELEMENT":"9f77305c-536f-450c-8c80-79f655941d66"}
&amp#27;[35m[HTTP]&amp#27;[39m &amp#27;[37m<-- POST /wd/hub/session/c7ffb758-e18b-4363-9b75-114ee4dc2cc3/element &amp#27;[39m&amp#27;[32m200&amp#27;[39m &amp#27;[90m291 ms - 137&amp#27;[39m
&amp#27;[35m[HTTP]&amp#27;[39m &amp#27;[90m&amp#27;[39m
&amp#27;[35m[HTTP]&amp#27;[39m &amp#27;[37m-->&amp#27;[39m &amp#27;[37mPOST&amp#27;[39m &amp#27;[37m/wd/hub/session/c7ffb758-e18b-4363-9b75-114ee4dc2cc3/element/9f77305c-536f-450c-8c80-79f655941d66/click&amp#27;[39m
&amp#27;[35m[HTTP]&amp#27;[39m &amp#27;[90m{"id":"9f77305c-536f-450c-8c80-79f655941d66"}&amp#27;[39m
[debug] &amp#27;[35m[W3C (c7ffb758)]&amp#27;[39m Calling AppiumDriver.click() with args: ["9f77305c-536f-450c-8c80-79f655941d66","c7ffb758-e18b-4363-9b75-114ee4dc2cc3"]
[debug] &amp#27;[35m[WD Proxy]&amp#27;[39m Matched '/element/9f77305c-536f-450c-8c80-79f655941d66/click' to command name 'click'
[debug] &amp#27;[35m[WD Proxy]&amp#27;[39m Proxying [POST /element/9f77305c-536f-450c-8c80-79f655941d66/click] to [POST http://localhost:8200/wd/hub/session/1f428735-478e-4248-acfb-1a7313b0a052/element/9f77305c-536f-450c-8c80-79f655941d66/click] with body: {"element":"9f77305c-536f-450c-8c80-79f655941d66"}
[debug] &amp#27;[35m[WD Proxy]&amp#27;[39m Got response with status 200: {"sessionId":"1f428735-478e-4248-acfb-1a7313b0a052","status":0,"value":true}
[debug] &amp#27;[35m[W3C (c7ffb758)]&amp#27;[39m Responding to client with driver.click() result: true
&amp#27;[35m[HTTP]&amp#27;[39m &amp#27;[37m<-- POST /wd/hub/session/c7ffb758-e18b-4363-9b75-114ee4dc2cc3/element/9f77305c-536f-450c-8c80-79f655941d66/click &amp#27;[39m&amp#27;[32m200&amp#27;[39m &amp#27;[90m1632 ms - 14&amp#27;[39m
&amp#27;[35m[HTTP]&amp#27;[39m &amp#27;[90m&amp#27;[39m
&amp#27;[35m[HTTP]&amp#27;[39m &amp#27;[37m-->&amp#27;[39m &amp#27;[37mGET&amp#27;[39m &amp#27;[37m/wd/hub/session/c7ffb758-e18b-4363-9b75-114ee4dc2cc3/context&amp#27;[39m
&amp#27;[35m[HTTP]&amp#27;[39m &amp#27;[90m{}&amp#27;[39m
[debug] &amp#27;[35m[W3C (c7ffb758)]&amp#27;[39m Calling AppiumDriver.getCurrentContext() with args: ["c7ffb758-e18b-4363-9b75-114ee4dc2cc3"]
[debug] &amp#27;[35m[W3C (c7ffb758)]&amp#27;[39m Responding to client with driver.getCurrentContext() result: "NATIVE_APP"
&amp#27;[35m[HTTP]&amp#27;[39m &amp#27;[37m<-- GET /wd/hub/session/c7ffb758-e18b-4363-9b75-114ee4dc2cc3/context &amp#27;[39m&amp#27;[32m200&amp#27;[39m &amp#27;[90m1 ms - 22&amp#27;[39m
&amp#27;[35m[HTTP]&amp#27;[39m &amp#27;[90m&amp#27;[39m
&amp#27;[35m[HTTP]&amp#27;[39m &amp#27;[37m-->&amp#27;[39m &amp#27;[37mPOST&amp#27;[39m &amp#27;[37m/wd/hub/session/c7ffb758-e18b-4363-9b75-114ee4dc2cc3/element&amp#27;[39m
&amp#27;[35m[HTTP]&amp#27;[39m &amp#27;[90m{"using":"class name","value":"android.widget.EditText"}&amp#27;[39m
[debug] &amp#27;[35m[W3C (c7ffb758)]&amp#27;[39m Calling AppiumDriver.findElement() with args: ["class name","android.widget.EditText","c7ffb758-e18b-4363-9b75-114ee4dc2cc3"]
[debug] &amp#27;[35m[BaseDriver]&amp#27;[39m Valid locator strategies for this request: xpath, id, class name, accessibility id, -android uiautomator
[debug] &amp#27;[35m[BaseDriver]&amp#27;[39m Waiting up to 10000 ms for condition
[debug] &amp#27;[35m[WD Proxy]&amp#27;[39m Matched '/element' to command name 'findElement'
[debug] &amp#27;[35m[WD Proxy]&amp#27;[39m Proxying [POST /element] to [POST http://localhost:8200/wd/hub/session/1f428735-478e-4248-acfb-1a7313b0a052/element] with body: {"strategy":"class name","selector":"android.widget.EditText","context":"","multiple":false}
[debug] &amp#27;[35m[WD Proxy]&amp#27;[39m Got response with status 200: {"sessionId":"1f428735-478e-4248-acfb-1a7313b0a052","status":0,"value":{"ELEMENT":"367efae3-fac5-48d9-b622-ada0842a80f4"}}
[debug] &amp#27;[35m[W3C (c7ffb758)]&amp#27;[39m Responding to client with driver.findElement() result: {"element-6066-11e4-a52e-4f735466cecf":"367efae3-fac5-48d9-b622-ada0842a80f4","ELEMENT":"367efae3-fac5-48d9-b622-ada0842a80f4"}
&amp#27;[35m[HTTP]&amp#27;[39m &amp#27;[37m<-- POST /wd/hub/session/c7ffb758-e18b-4363-9b75-114ee4dc2cc3/element &amp#27;[39m&amp#27;[32m200&amp#27;[39m &amp#27;[90m80 ms - 137&amp#27;[39m
&amp#27;[35m[HTTP]&amp#27;[39m &amp#27;[90m&amp#27;[39m
&amp#27;[35m[HTTP]&amp#27;[39m &amp#27;[37m-->&amp#27;[39m &amp#27;[37mPOST&amp#27;[39m &amp#27;[37m/wd/hub/session/c7ffb758-e18b-4363-9b75-114ee4dc2cc3/element/367efae3-fac5-48d9-b622-ada0842a80f4/value&amp#27;[39m
&amp#27;[35m[HTTP]&amp#27;[39m &amp#27;[90m{"id":"367efae3-fac5-48d9-b622-ada0842a80f4","text":"hello1","value":["h","e","l","l","o","1"]}&amp#27;[39m
[debug] &amp#27;[35m[W3C (c7ffb758)]&amp#27;[39m Calling AppiumDriver.setValue() with args: [["h","e","l","l","o","1"],"367efae3-fac5-48d9-b622-ada0842a80f4","c7ffb758-e18b-4363-9b75-114ee4dc2cc3"]
[debug] &amp#27;[35m[WD Proxy]&amp#27;[39m Matched '/element/367efae3-fac5-48d9-b622-ada0842a80f4/value' to command name 'setValue'
[debug] &amp#27;[35m[Protocol Converter]&amp#27;[39m Added 'value' property ["h","e","l","l","o","1"] to 'setValue' request body
[debug] &amp#27;[35m[WD Proxy]&amp#27;[39m Proxying [POST /element/367efae3-fac5-48d9-b622-ada0842a80f4/value] to [POST http://localhost:8200/wd/hub/session/1f428735-478e-4248-acfb-1a7313b0a052/element/367efae3-fac5-48d9-b622-ada0842a80f4/value] with body: {"elementId":"367efae3-fac5-48d9-b622-ada0842a80f4","text":"hello1","replace":false,"value":["h","e","l","l","o","1"]}
[debug] &amp#27;[35m[WD Proxy]&amp#27;[39m Got response with status 200: {"sessionId":"1f428735-478e-4248-acfb-1a7313b0a052","status":0,"value":""}
[debug] &amp#27;[35m[W3C (c7ffb758)]&amp#27;[39m Responding to client with driver.setValue() result: ""
&amp#27;[35m[HTTP]&amp#27;[39m &amp#27;[37m<-- POST /wd/hub/session/c7ffb758-e18b-4363-9b75-114ee4dc2cc3/element/367efae3-fac5-48d9-b622-ada0842a80f4/value &amp#27;[39m&amp#27;[32m200&amp#27;[39m &amp#27;[90m202 ms - 12&amp#27;[39m
&amp#27;[35m[HTTP]&amp#27;[39m &amp#27;[90m&amp#27;[39m
&amp#27;[35m[HTTP]&amp#27;[39m &amp#27;[37m-->&amp#27;[39m &amp#27;[37mGET&amp#27;[39m &amp#27;[37m/wd/hub/session/c7ffb758-e18b-4363-9b75-114ee4dc2cc3/context&amp#27;[39m
&amp#27;[35m[HTTP]&amp#27;[39m &amp#27;[90m{}&amp#27;[39m
[debug] &amp#27;[35m[W3C (c7ffb758)]&amp#27;[39m Calling AppiumDriver.getCurrentContext() with args: ["c7ffb758-e18b-4363-9b75-114ee4dc2cc3"]
[debug] &amp#27;[35m[W3C (c7ffb758)]&amp#27;[39m Responding to client with driver.getCurrentContext() result: "NATIVE_APP"
&amp#27;[35m[HTTP]&amp#27;[39m &amp#27;[37m<-- GET /wd/hub/session/c7ffb758-e18b-4363-9b75-114ee4dc2cc3/context &amp#27;[39m&amp#27;[32m200&amp#27;[39m &amp#27;[90m2 ms - 22&amp#27;[39m
&amp#27;[35m[HTTP]&amp#27;[39m &amp#27;[90m&amp#27;[39m
&amp#27;[35m[HTTP]&amp#27;[39m &amp#27;[37m-->&amp#27;[39m &amp#27;[37mPOST&amp#27;[39m &amp#27;[37m/wd/hub/session/c7ffb758-e18b-4363-9b75-114ee4dc2cc3/elements&amp#27;[39m
&amp#27;[35m[HTTP]&amp#27;[39m &amp#27;[90m{"using":"class name","value":"android.widget.Button"}&amp#27;[39m
[debug] &amp#27;[35m[W3C (c7ffb758)]&amp#27;[39m Calling AppiumDriver.findElements() with args: ["class name","android.widget.Button","c7ffb758-e18b-4363-9b75-114ee4dc2cc3"]
[debug] &amp#27;[35m[BaseDriver]&amp#27;[39m Valid locator strategies for this request: xpath, id, class name, accessibility id, -android uiautomator
[debug] &amp#27;[35m[BaseDriver]&amp#27;[39m Waiting up to 10000 ms for condition
[debug] &amp#27;[35m[WD Proxy]&amp#27;[39m Matched '/elements' to command name 'findElements'
[debug] &amp#27;[35m[WD Proxy]&amp#27;[39m Proxying [POST /elements] to [POST http://localhost:8200/wd/hub/session/1f428735-478e-4248-acfb-1a7313b0a052/elements] with body: {"strategy":"class name","selector":"android.widget.Button","context":"","multiple":true}
[debug] &amp#27;[35m[WD Proxy]&amp#27;[39m Got response with status 200: {"sessionId":"1f428735-478e-4248-acfb-1a7313b0a052","status":0,"value":[{"ELEMENT":"4e20d21a-353e-44ca-936d-fadb1e5fa5d3"},{"ELEMENT":"a9914a96-3567-40f2-a63a-5b99a6be5e79"}]}
[debug] &amp#27;[35m[W3C (c7ffb758)]&amp#27;[39m Responding to client with driver.findElements() result: [{"element-6066-11e4-a52e-4f735466cecf":"4e20d21a-353e-44ca-936d-fadb1e5fa5d3","ELEMENT":"4e20d21a-353e-44ca-936d-fadb1e5fa5d3"},{"element-6066-11e4-a52e-4f735466cecf":"a9914a96-3567-40f2-a63a-5b99a6be5e79","ELEMENT":"a9914a96-3567-40f2-a63a-5b99a6be5e79"}]
&amp#27;[35m[HTTP]&amp#27;[39m &amp#27;[37m<-- POST /wd/hub/session/c7ffb758-e18b-4363-9b75-114ee4dc2cc3/elements &amp#27;[39m&amp#27;[32m200&amp#27;[39m &amp#27;[90m959 ms - 267&amp#27;[39m
&amp#27;[35m[HTTP]&amp#27;[39m &amp#27;[90m&amp#27;[39m
&amp#27;[35m[HTTP]&amp#27;[39m &amp#27;[37m-->&amp#27;[39m &amp#27;[37mPOST&amp#27;[39m &amp#27;[37m/wd/hub/session/c7ffb758-e18b-4363-9b75-114ee4dc2cc3/element/a9914a96-3567-40f2-a63a-5b99a6be5e79/click&amp#27;[39m
&amp#27;[35m[HTTP]&amp#27;[39m &amp#27;[90m{"id":"a9914a96-3567-40f2-a63a-5b99a6be5e79"}&amp#27;[39m
[debug] &amp#27;[35m[W3C (c7ffb758)]&amp#27;[39m Calling AppiumDriver.click() with args: ["a9914a96-3567-40f2-a63a-5b99a6be5e79","c7ffb758-e18b-4363-9b75-114ee4dc2cc3"]
[debug] &amp#27;[35m[WD Proxy]&amp#27;[39m Matched '/element/a9914a96-3567-40f2-a63a-5b99a6be5e79/click' to command name 'click'
[debug] &amp#27;[35m[WD Proxy]&amp#27;[39m Proxying [POST /element/a9914a96-3567-40f2-a63a-5b99a6be5e79/click] to [POST http://localhost:8200/wd/hub/session/1f428735-478e-4248-acfb-1a7313b0a052/element/a9914a96-3567-40f2-a63a-5b99a6be5e79/click] with body: {"element":"a9914a96-3567-40f2-a63a-5b99a6be5e79"}
[debug] &amp#27;[35m[WD Proxy]&amp#27;[39m Got response with status 200: {"sessionId":"1f428735-478e-4248-acfb-1a7313b0a052","status":0,"value":true}
[debug] &amp#27;[35m[W3C (c7ffb758)]&amp#27;[39m Responding to client with driver.click() result: true
&amp#27;[35m[HTTP]&amp#27;[39m &amp#27;[37m<-- POST /wd/hub/session/c7ffb758-e18b-4363-9b75-114ee4dc2cc3/element/a9914a96-3567-40f2-a63a-5b99a6be5e79/click &amp#27;[39m&amp#27;[32m200&amp#27;[39m &amp#27;[90m56 ms - 14&amp#27;[39m
&amp#27;[35m[HTTP]&amp#27;[39m &amp#27;[90m&amp#27;[39m
&amp#27;[35m[HTTP]&amp#27;[39m &amp#27;[37m-->&amp#27;[39m &amp#27;[37mPOST&amp#27;[39m &amp#27;[37m/wd/hub/session/c7ffb758-e18b-4363-9b75-114ee4dc2cc3/appium/app/close&amp#27;[39m
&amp#27;[35m[HTTP]&amp#27;[39m &amp#27;[90m{}&amp#27;[39m
[debug] &amp#27;[35m[W3C (c7ffb758)]&amp#27;[39m Calling AppiumDriver.closeApp() with args: ["c7ffb758-e18b-4363-9b75-114ee4dc2cc3"]
[debug] &amp#27;[35m[ADB]&amp#27;[39m Running 'C:\Users\Himanshu\AppData\Local\Android\sdk\platform-tools\adb.exe -P 5037 -s 3289911a0504 shell am force-stop io.appium.android.apis'
[debug] &amp#27;[35m[W3C (c7ffb758)]&amp#27;[39m Responding to client with driver.closeApp() result: null
&amp#27;[35m[HTTP]&amp#27;[39m &amp#27;[37m<-- POST /wd/hub/session/c7ffb758-e18b-4363-9b75-114ee4dc2cc3/appium/app/close &amp#27;[39m&amp#27;[32m200&amp#27;[39m &amp#27;[90m203 ms - 14&amp#27;[39m
&amp#27;[35m[HTTP]&amp#27;[39m &amp#27;[90m&amp#27;[39m
Passed
]]></system-out>
    <system-err><![CDATA[Jun 22, 2020 3:28:13 AM io.appium.java_client.remote.AppiumCommandExecutor$1 lambda$0
INFO: Detected dialect: W3C
]]></system-err>
  </testcase>
</testsuite>